---------------------------------------------------------------
[ 2018-12-28T15:11:17+08:00 ] 127.0.0.1 GET /js/back/clock.js
[ info ] www.taoshutp5.org/js/back/clock.js [运行时间：0.024001s][吞吐率：41.67req/s] [内存消耗：1,088.32kb] [文件加载：32]
[ info ] [ LANG ] C:\phpStudy\PHPTutorial\WWW\taoshuTP5\ThinkPHP\thinkphp\lang\zh-cn.php
[ info ] [ ROUTE ] array (
  'type' => 'module',
  'module' => 
  array (
    0 => 'js',
    1 => 'back',
    2 => 'clock.js',
  ),
)
[ info ] [ HEADER ] array (
  'cookie' => 'PHPSESSID=fj3fprcsui8iq8ccj7t9eefnd7',
  'accept-language' => 'zh-CN,zh;q=0.9,en;q=0.8',
  'accept-encoding' => 'gzip, deflate',
  'referer' => 'http://www.taoshutp5.org/admin/user/userList',
  'accept' => '*/*',
  'user-agent' => 'Mozilla/5.0 (Windows NT 6.1) AppleWebKit/537.36 (KHTML, like Gecko) Chrome/70.0.3538.110 Safari/537.36',
  'connection' => 'close',
  'host' => 'www.taoshutp5.org',
)
[ info ] [ PARAM ] array (
  '/js/back/clock_js' => '',
)
[ info ] [ LOG ] INIT File
---------------------------------------------------------------
[ 2018-12-28T15:12:34+08:00 ] 127.0.0.1 GET /js/back/clock.js
[ info ] www.taoshutp5.org/js/back/clock.js [运行时间：0.019001s][吞吐率：52.63req/s] [内存消耗：1,088.30kb] [文件加载：32]
[ info ] [ LANG ] C:\phpStudy\PHPTutorial\WWW\taoshuTP5\ThinkPHP\thinkphp\lang\zh-cn.php
[ info ] [ ROUTE ] array (
  'type' => 'module',
  'module' => 
  array (
    0 => 'js',
    1 => 'back',
    2 => 'clock.js',
  ),
)
[ info ] [ HEADER ] array (
  'cookie' => 'PHPSESSID=fj3fprcsui8iq8ccj7t9eefnd7',
  'accept-language' => 'zh-CN,zh;q=0.9,en;q=0.8',
  'accept-encoding' => 'gzip, deflate',
  'referer' => 'http://www.taoshutp5.org/admin/user/userList',
  'accept' => '*/*',
  'user-agent' => 'Mozilla/5.0 (Windows NT 6.1) AppleWebKit/537.36 (KHTML, like Gecko) Chrome/70.0.3538.110 Safari/537.36',
  'connection' => 'close',
  'host' => 'www.taoshutp5.org',
)
[ info ] [ PARAM ] array (
  '/js/back/clock_js' => '',
)
[ info ] [ LOG ] INIT File
---------------------------------------------------------------
[ 2018-12-28T15:15:46+08:00 ] 127.0.0.1 GET /js/back/clock.js
[ info ] www.taoshutp5.org/js/back/clock.js [运行时间：0.020001s][吞吐率：50.00req/s] [内存消耗：1,088.30kb] [文件加载：32]
[ info ] [ LANG ] C:\phpStudy\PHPTutorial\WWW\taoshuTP5\ThinkPHP\thinkphp\lang\zh-cn.php
[ info ] [ ROUTE ] array (
  'type' => 'module',
  'module' => 
  array (
    0 => 'js',
    1 => 'back',
    2 => 'clock.js',
  ),
)
[ info ] [ HEADER ] array (
  'cookie' => 'PHPSESSID=fj3fprcsui8iq8ccj7t9eefnd7',
  'accept-language' => 'zh-CN,zh;q=0.9,en;q=0.8',
  'accept-encoding' => 'gzip, deflate',
  'referer' => 'http://www.taoshutp5.org/admin/user/userList',
  'accept' => '*/*',
  'user-agent' => 'Mozilla/5.0 (Windows NT 6.1) AppleWebKit/537.36 (KHTML, like Gecko) Chrome/70.0.3538.110 Safari/537.36',
  'connection' => 'close',
  'host' => 'www.taoshutp5.org',
)
[ info ] [ PARAM ] array (
  '/js/back/clock_js' => '',
)
[ info ] [ LOG ] INIT File
---------------------------------------------------------------
[ 2018-12-28T15:18:20+08:00 ] 127.0.0.1 GET /js/back/clock.js
[ info ] www.taoshutp5.org/js/back/clock.js [运行时间：0.018001s][吞吐率：55.55req/s] [内存消耗：1,088.30kb] [文件加载：32]
[ info ] [ LANG ] C:\phpStudy\PHPTutorial\WWW\taoshuTP5\ThinkPHP\thinkphp\lang\zh-cn.php
[ info ] [ ROUTE ] array (
  'type' => 'module',
  'module' => 
  array (
    0 => 'js',
    1 => 'back',
    2 => 'clock.js',
  ),
)
[ info ] [ HEADER ] array (
  'cookie' => 'PHPSESSID=fj3fprcsui8iq8ccj7t9eefnd7',
  'accept-language' => 'zh-CN,zh;q=0.9,en;q=0.8',
  'accept-encoding' => 'gzip, deflate',
  'referer' => 'http://www.taoshutp5.org/admin/user/userList',
  'accept' => '*/*',
  'user-agent' => 'Mozilla/5.0 (Windows NT 6.1) AppleWebKit/537.36 (KHTML, like Gecko) Chrome/70.0.3538.110 Safari/537.36',
  'connection' => 'close',
  'host' => 'www.taoshutp5.org',
)
[ info ] [ PARAM ] array (
  '/js/back/clock_js' => '',
)
[ info ] [ LOG ] INIT File
---------------------------------------------------------------
[ 2018-12-28T15:21:31+08:00 ] 127.0.0.1 GET /js/back/clock.js
[ info ] www.taoshutp5.org/js/back/clock.js [运行时间：0.019001s][吞吐率：52.63req/s] [内存消耗：1,088.30kb] [文件加载：32]
[ info ] [ LANG ] C:\phpStudy\PHPTutorial\WWW\taoshuTP5\ThinkPHP\thinkphp\lang\zh-cn.php
[ info ] [ ROUTE ] array (
  'type' => 'module',
  'module' => 
  array (
    0 => 'js',
    1 => 'back',
    2 => 'clock.js',
  ),
)
[ info ] [ HEADER ] array (
  'cookie' => 'PHPSESSID=fj3fprcsui8iq8ccj7t9eefnd7',
  'accept-language' => 'zh-CN,zh;q=0.9,en;q=0.8',
  'accept-encoding' => 'gzip, deflate',
  'referer' => 'http://www.taoshutp5.org/admin/user/userList',
  'accept' => '*/*',
  'user-agent' => 'Mozilla/5.0 (Windows NT 6.1) AppleWebKit/537.36 (KHTML, like Gecko) Chrome/70.0.3538.110 Safari/537.36',
  'connection' => 'close',
  'host' => 'www.taoshutp5.org',
)
[ info ] [ PARAM ] array (
  '/js/back/clock_js' => '',
)
[ info ] [ LOG ] INIT File
---------------------------------------------------------------
[ 2018-12-28T15:23:55+08:00 ] 127.0.0.1 GET /js/back/clock.js
[ info ] www.taoshutp5.org/js/back/clock.js [运行时间：0.022002s][吞吐率：45.45req/s] [内存消耗：1,088.34kb] [文件加载：32]
[ info ] [ LANG ] C:\phpStudy\PHPTutorial\WWW\taoshuTP5\ThinkPHP\thinkphp\lang\zh-cn.php
[ info ] [ ROUTE ] array (
  'type' => 'module',
  'module' => 
  array (
    0 => 'js',
    1 => 'back',
    2 => 'clock.js',
  ),
)
[ info ] [ HEADER ] array (
  'cookie' => 'PHPSESSID=fj3fprcsui8iq8ccj7t9eefnd7',
  'accept-language' => 'zh-CN,zh;q=0.9,en;q=0.8',
  'accept-encoding' => 'gzip, deflate',
  'referer' => 'http://www.taoshutp5.org/admin/index/index',
  'accept' => '*/*',
  'user-agent' => 'Mozilla/5.0 (Windows NT 6.1) AppleWebKit/537.36 (KHTML, like Gecko) Chrome/70.0.3538.110 Safari/537.36',
  'connection' => 'close',
  'host' => 'www.taoshutp5.org',
)
[ info ] [ PARAM ] array (
  '/js/back/clock_js' => '',
)
[ info ] [ LOG ] INIT File
---------------------------------------------------------------
[ 2018-12-28T15:23:55+08:00 ] 127.0.0.1 GET /js/back/clock.js
[ info ] www.taoshutp5.org/js/back/clock.js [运行时间：0.020001s][吞吐率：50.00req/s] [内存消耗：1,088.34kb] [文件加载：32]
[ info ] [ LANG ] C:\phpStudy\PHPTutorial\WWW\taoshuTP5\ThinkPHP\thinkphp\lang\zh-cn.php
[ info ] [ ROUTE ] array (
  'type' => 'module',
  'module' => 
  array (
    0 => 'js',
    1 => 'back',
    2 => 'clock.js',
  ),
)
[ info ] [ HEADER ] array (
  'cookie' => 'PHPSESSID=fj3fprcsui8iq8ccj7t9eefnd7',
  'accept-language' => 'zh-CN,zh;q=0.9,en;q=0.8',
  'accept-encoding' => 'gzip, deflate',
  'referer' => 'http://www.taoshutp5.org/admin/index/index',
  'accept' => '*/*',
  'user-agent' => 'Mozilla/5.0 (Windows NT 6.1) AppleWebKit/537.36 (KHTML, like Gecko) Chrome/70.0.3538.110 Safari/537.36',
  'connection' => 'close',
  'host' => 'www.taoshutp5.org',
)
[ info ] [ PARAM ] array (
  '/js/back/clock_js' => '',
)
[ info ] [ LOG ] INIT File
---------------------------------------------------------------
[ 2018-12-28T15:23:56+08:00 ] 127.0.0.1 GET /js/back/clock.js
[ info ] www.taoshutp5.org/js/back/clock.js [运行时间：0.019001s][吞吐率：52.63req/s] [内存消耗：1,088.34kb] [文件加载：32]
[ info ] [ LANG ] C:\phpStudy\PHPTutorial\WWW\taoshuTP5\ThinkPHP\thinkphp\lang\zh-cn.php
[ info ] [ ROUTE ] array (
  'type' => 'module',
  'module' => 
  array (
    0 => 'js',
    1 => 'back',
    2 => 'clock.js',
  ),
)
[ info ] [ HEADER ] array (
  'cookie' => 'PHPSESSID=fj3fprcsui8iq8ccj7t9eefnd7',
  'accept-language' => 'zh-CN,zh;q=0.9,en;q=0.8',
  'accept-encoding' => 'gzip, deflate',
  'referer' => 'http://www.taoshutp5.org/admin/index/index',
  'accept' => '*/*',
  'user-agent' => 'Mozilla/5.0 (Windows NT 6.1) AppleWebKit/537.36 (KHTML, like Gecko) Chrome/70.0.3538.110 Safari/537.36',
  'connection' => 'close',
  'host' => 'www.taoshutp5.org',
)
[ info ] [ PARAM ] array (
  '/js/back/clock_js' => '',
)
[ info ] [ LOG ] INIT File
---------------------------------------------------------------
[ 2018-12-28T15:26:03+08:00 ] 127.0.0.1 GET /js/back/clock.js
[ info ] www.taoshutp5.org/js/back/clock.js [运行时间：0.019001s][吞吐率：52.63req/s] [内存消耗：1,088.30kb] [文件加载：32]
[ info ] [ LANG ] C:\phpStudy\PHPTutorial\WWW\taoshuTP5\ThinkPHP\thinkphp\lang\zh-cn.php
[ info ] [ ROUTE ] array (
  'type' => 'module',
  'module' => 
  array (
    0 => 'js',
    1 => 'back',
    2 => 'clock.js',
  ),
)
[ info ] [ HEADER ] array (
  'cookie' => 'PHPSESSID=fj3fprcsui8iq8ccj7t9eefnd7',
  'accept-language' => 'zh-CN,zh;q=0.9,en;q=0.8',
  'accept-encoding' => 'gzip, deflate',
  'referer' => 'http://www.taoshutp5.org/admin/index/index.html',
  'accept' => '*/*',
  'user-agent' => 'Mozilla/5.0 (Windows NT 6.1) AppleWebKit/537.36 (KHTML, like Gecko) Chrome/70.0.3538.110 Safari/537.36',
  'connection' => 'close',
  'host' => 'www.taoshutp5.org',
)
[ info ] [ PARAM ] array (
  '/js/back/clock_js' => '',
)
[ info ] [ LOG ] INIT File
---------------------------------------------------------------
[ 2018-12-28T15:26:15+08:00 ] 127.0.0.1 GET /js/back/clock.js
[ info ] www.taoshutp5.org/js/back/clock.js [运行时间：0.019001s][吞吐率：52.63req/s] [内存消耗：1,088.34kb] [文件加载：32]
[ info ] [ LANG ] C:\phpStudy\PHPTutorial\WWW\taoshuTP5\ThinkPHP\thinkphp\lang\zh-cn.php
[ info ] [ ROUTE ] array (
  'type' => 'module',
  'module' => 
  array (
    0 => 'js',
    1 => 'back',
    2 => 'clock.js',
  ),
)
[ info ] [ HEADER ] array (
  'cookie' => 'PHPSESSID=fj3fprcsui8iq8ccj7t9eefnd7',
  'accept-language' => 'zh-CN,zh;q=0.9,en;q=0.8',
  'accept-encoding' => 'gzip, deflate',
  'referer' => 'http://www.taoshutp5.org/admin/index/index',
  'accept' => '*/*',
  'user-agent' => 'Mozilla/5.0 (Windows NT 6.1) AppleWebKit/537.36 (KHTML, like Gecko) Chrome/70.0.3538.110 Safari/537.36',
  'connection' => 'close',
  'host' => 'www.taoshutp5.org',
)
[ info ] [ PARAM ] array (
  '/js/back/clock_js' => '',
)
[ info ] [ LOG ] INIT File
---------------------------------------------------------------
[ 2018-12-28T15:26:21+08:00 ] 127.0.0.1 GET /js/back/clock.js
[ info ] www.taoshutp5.org/js/back/clock.js [运行时间：0.019001s][吞吐率：52.63req/s] [内存消耗：1,088.30kb] [文件加载：32]
[ info ] [ LANG ] C:\phpStudy\PHPTutorial\WWW\taoshuTP5\ThinkPHP\thinkphp\lang\zh-cn.php
[ info ] [ ROUTE ] array (
  'type' => 'module',
  'module' => 
  array (
    0 => 'js',
    1 => 'back',
    2 => 'clock.js',
  ),
)
[ info ] [ HEADER ] array (
  'cookie' => 'PHPSESSID=fj3fprcsui8iq8ccj7t9eefnd7',
  'accept-language' => 'zh-CN,zh;q=0.9,en;q=0.8',
  'accept-encoding' => 'gzip, deflate',
  'referer' => 'http://www.taoshutp5.org/admin/index/index.html',
  'accept' => '*/*',
  'user-agent' => 'Mozilla/5.0 (Windows NT 6.1) AppleWebKit/537.36 (KHTML, like Gecko) Chrome/70.0.3538.110 Safari/537.36',
  'connection' => 'close',
  'host' => 'www.taoshutp5.org',
)
[ info ] [ PARAM ] array (
  '/js/back/clock_js' => '',
)
[ info ] [ LOG ] INIT File
---------------------------------------------------------------
[ 2018-12-28T15:26:29+08:00 ] 127.0.0.1 GET /js/back/clock.js
[ info ] www.taoshutp5.org/js/back/clock.js [运行时间：0.019002s][吞吐率：52.63req/s] [内存消耗：1,088.34kb] [文件加载：32]
[ info ] [ LANG ] C:\phpStudy\PHPTutorial\WWW\taoshuTP5\ThinkPHP\thinkphp\lang\zh-cn.php
[ info ] [ ROUTE ] array (
  'type' => 'module',
  'module' => 
  array (
    0 => 'js',
    1 => 'back',
    2 => 'clock.js',
  ),
)
[ info ] [ HEADER ] array (
  'cookie' => 'PHPSESSID=fj3fprcsui8iq8ccj7t9eefnd7',
  'accept-language' => 'zh-CN,zh;q=0.9,en;q=0.8',
  'accept-encoding' => 'gzip, deflate',
  'referer' => 'http://www.taoshutp5.org/admin/index/index',
  'accept' => '*/*',
  'user-agent' => 'Mozilla/5.0 (Windows NT 6.1) AppleWebKit/537.36 (KHTML, like Gecko) Chrome/70.0.3538.110 Safari/537.36',
  'connection' => 'close',
  'host' => 'www.taoshutp5.org',
)
[ info ] [ PARAM ] array (
  '/js/back/clock_js' => '',
)
[ info ] [ LOG ] INIT File
---------------------------------------------------------------
[ 2018-12-28T15:31:19+08:00 ] 127.0.0.1 GET /js/back/clock.js
[ info ] www.taoshutp5.org/js/back/clock.js [运行时间：0.034002s][吞吐率：29.41req/s] [内存消耗：1,088.34kb] [文件加载：32]
[ info ] [ LANG ] C:\phpStudy\PHPTutorial\WWW\taoshuTP5\ThinkPHP\thinkphp\lang\zh-cn.php
[ info ] [ ROUTE ] array (
  'type' => 'module',
  'module' => 
  array (
    0 => 'js',
    1 => 'back',
    2 => 'clock.js',
  ),
)
[ info ] [ HEADER ] array (
  'cookie' => 'PHPSESSID=fj3fprcsui8iq8ccj7t9eefnd7',
  'accept-language' => 'zh-CN,zh;q=0.9,en;q=0.8',
  'accept-encoding' => 'gzip, deflate',
  'referer' => 'http://www.taoshutp5.org/admin/index/index',
  'accept' => '*/*',
  'user-agent' => 'Mozilla/5.0 (Windows NT 6.1) AppleWebKit/537.36 (KHTML, like Gecko) Chrome/70.0.3538.110 Safari/537.36',
  'connection' => 'close',
  'host' => 'www.taoshutp5.org',
)
[ info ] [ PARAM ] array (
  '/js/back/clock_js' => '',
)
[ info ] [ LOG ] INIT File
---------------------------------------------------------------
[ 2018-12-28T15:31:49+08:00 ] 127.0.0.1 GET /js/back/clock.js
[ info ] www.taoshutp5.org/js/back/clock.js [运行时间：0.031001s][吞吐率：32.26req/s] [内存消耗：1,088.37kb] [文件加载：32]
[ info ] [ LANG ] C:\phpStudy\PHPTutorial\WWW\taoshuTP5\ThinkPHP\thinkphp\lang\zh-cn.php
[ info ] [ ROUTE ] array (
  'type' => 'module',
  'module' => 
  array (
    0 => 'js',
    1 => 'back',
    2 => 'clock.js',
  ),
)
[ info ] [ HEADER ] array (
  'cookie' => 'PHPSESSID=fj3fprcsui8iq8ccj7t9eefnd7',
  'accept-language' => 'zh-CN,zh;q=0.9,en;q=0.8',
  'accept-encoding' => 'gzip, deflate',
  'referer' => 'http://www.taoshutp5.org/admin/notice/noticeList',
  'accept' => '*/*',
  'user-agent' => 'Mozilla/5.0 (Windows NT 6.1) AppleWebKit/537.36 (KHTML, like Gecko) Chrome/70.0.3538.110 Safari/537.36',
  'connection' => 'close',
  'host' => 'www.taoshutp5.org',
)
[ info ] [ PARAM ] array (
  '/js/back/clock_js' => '',
)
[ info ] [ LOG ] INIT File
---------------------------------------------------------------
[ 2018-12-28T15:44:42+08:00 ] 127.0.0.1 GET /js/back/clock.js
[ info ] www.taoshutp5.org/js/back/clock.js [运行时间：0.021001s][吞吐率：47.62req/s] [内存消耗：1,088.37kb] [文件加载：32]
[ info ] [ LANG ] C:\phpStudy\PHPTutorial\WWW\taoshuTP5\ThinkPHP\thinkphp\lang\zh-cn.php
[ info ] [ ROUTE ] array (
  'type' => 'module',
  'module' => 
  array (
    0 => 'js',
    1 => 'back',
    2 => 'clock.js',
  ),
)
[ info ] [ HEADER ] array (
  'cookie' => 'PHPSESSID=fj3fprcsui8iq8ccj7t9eefnd7',
  'accept-language' => 'zh-CN,zh;q=0.9,en;q=0.8',
  'accept-encoding' => 'gzip, deflate',
  'referer' => 'http://www.taoshutp5.org/admin/notice/noticeList',
  'accept' => '*/*',
  'user-agent' => 'Mozilla/5.0 (Windows NT 6.1) AppleWebKit/537.36 (KHTML, like Gecko) Chrome/70.0.3538.110 Safari/537.36',
  'connection' => 'close',
  'host' => 'www.taoshutp5.org',
)
[ info ] [ PARAM ] array (
  '/js/back/clock_js' => '',
)
[ info ] [ LOG ] INIT File
---------------------------------------------------------------
[ 2018-12-28T15:44:45+08:00 ] 127.0.0.1 GET /js/back/clock.js
[ info ] www.taoshutp5.org/js/back/clock.js [运行时间：0.023002s][吞吐率：43.47req/s] [内存消耗：1,088.37kb] [文件加载：32]
[ info ] [ LANG ] C:\phpStudy\PHPTutorial\WWW\taoshuTP5\ThinkPHP\thinkphp\lang\zh-cn.php
[ info ] [ ROUTE ] array (
  'type' => 'module',
  'module' => 
  array (
    0 => 'js',
    1 => 'back',
    2 => 'clock.js',
  ),
)
[ info ] [ HEADER ] array (
  'cookie' => 'PHPSESSID=fj3fprcsui8iq8ccj7t9eefnd7',
  'accept-language' => 'zh-CN,zh;q=0.9,en;q=0.8',
  'accept-encoding' => 'gzip, deflate',
  'referer' => 'http://www.taoshutp5.org/admin/notice/noticeList',
  'accept' => '*/*',
  'user-agent' => 'Mozilla/5.0 (Windows NT 6.1) AppleWebKit/537.36 (KHTML, like Gecko) Chrome/70.0.3538.110 Safari/537.36',
  'connection' => 'close',
  'host' => 'www.taoshutp5.org',
)
[ info ] [ PARAM ] array (
  '/js/back/clock_js' => '',
)
[ info ] [ LOG ] INIT File
---------------------------------------------------------------
[ 2018-12-28T16:04:17+08:00 ] 127.0.0.1 GET /js/back/clock.js
[ info ] www.taoshutp5.org/js/back/clock.js [运行时间：0.018001s][吞吐率：55.55req/s] [内存消耗：1,088.37kb] [文件加载：32]
[ info ] [ LANG ] C:\phpStudy\PHPTutorial\WWW\taoshuTP5\ThinkPHP\thinkphp\lang\zh-cn.php
[ info ] [ ROUTE ] array (
  'type' => 'module',
  'module' => 
  array (
    0 => 'js',
    1 => 'back',
    2 => 'clock.js',
  ),
)
[ info ] [ HEADER ] array (
  'cookie' => 'PHPSESSID=fj3fprcsui8iq8ccj7t9eefnd7',
  'accept-language' => 'zh-CN,zh;q=0.9,en;q=0.8',
  'accept-encoding' => 'gzip, deflate',
  'referer' => 'http://www.taoshutp5.org/admin/notice/noticeList',
  'accept' => '*/*',
  'user-agent' => 'Mozilla/5.0 (Windows NT 6.1) AppleWebKit/537.36 (KHTML, like Gecko) Chrome/70.0.3538.110 Safari/537.36',
  'connection' => 'close',
  'host' => 'www.taoshutp5.org',
)
[ info ] [ PARAM ] array (
  '/js/back/clock_js' => '',
)
[ info ] [ LOG ] INIT File
---------------------------------------------------------------
[ 2018-12-28T16:05:00+08:00 ] 127.0.0.1 GET /js/back/clock.js
[ info ] www.taoshutp5.org/js/back/clock.js [运行时间：0.020001s][吞吐率：50.00req/s] [内存消耗：1,088.37kb] [文件加载：32]
[ info ] [ LANG ] C:\phpStudy\PHPTutorial\WWW\taoshuTP5\ThinkPHP\thinkphp\lang\zh-cn.php
[ info ] [ ROUTE ] array (
  'type' => 'module',
  'module' => 
  array (
    0 => 'js',
    1 => 'back',
    2 => 'clock.js',
  ),
)
[ info ] [ HEADER ] array (
  'cookie' => 'PHPSESSID=fj3fprcsui8iq8ccj7t9eefnd7',
  'accept-language' => 'zh-CN,zh;q=0.9,en;q=0.8',
  'accept-encoding' => 'gzip, deflate',
  'referer' => 'http://www.taoshutp5.org/admin/notice/noticeList',
  'accept' => '*/*',
  'user-agent' => 'Mozilla/5.0 (Windows NT 6.1) AppleWebKit/537.36 (KHTML, like Gecko) Chrome/70.0.3538.110 Safari/537.36',
  'connection' => 'close',
  'host' => 'www.taoshutp5.org',
)
[ info ] [ PARAM ] array (
  '/js/back/clock_js' => '',
)
[ info ] [ LOG ] INIT File
---------------------------------------------------------------
[ 2018-12-28T16:05:30+08:00 ] 127.0.0.1 GET /js/back/clock.js
[ info ] www.taoshutp5.org/js/back/clock.js [运行时间：0.018001s][吞吐率：55.55req/s] [内存消耗：1,088.39kb] [文件加载：32]
[ info ] [ LANG ] C:\phpStudy\PHPTutorial\WWW\taoshuTP5\ThinkPHP\thinkphp\lang\zh-cn.php
[ info ] [ ROUTE ] array (
  'type' => 'module',
  'module' => 
  array (
    0 => 'js',
    1 => 'back',
    2 => 'clock.js',
  ),
)
[ info ] [ HEADER ] array (
  'cookie' => 'PHPSESSID=fj3fprcsui8iq8ccj7t9eefnd7',
  'accept-language' => 'zh-CN,zh;q=0.9,en;q=0.8',
  'accept-encoding' => 'gzip, deflate',
  'referer' => 'http://www.taoshutp5.org/admin/violation/violateList',
  'accept' => '*/*',
  'user-agent' => 'Mozilla/5.0 (Windows NT 6.1) AppleWebKit/537.36 (KHTML, like Gecko) Chrome/70.0.3538.110 Safari/537.36',
  'connection' => 'close',
  'host' => 'www.taoshutp5.org',
)
[ info ] [ PARAM ] array (
  '/js/back/clock_js' => '',
)
[ info ] [ LOG ] INIT File
---------------------------------------------------------------
[ 2018-12-28T16:05:52+08:00 ] 127.0.0.1 GET /js/back/clock.js
[ info ] www.taoshutp5.org/js/back/clock.js [运行时间：0.019001s][吞吐率：52.63req/s] [内存消耗：1,088.39kb] [文件加载：32]
[ info ] [ LANG ] C:\phpStudy\PHPTutorial\WWW\taoshuTP5\ThinkPHP\thinkphp\lang\zh-cn.php
[ info ] [ ROUTE ] array (
  'type' => 'module',
  'module' => 
  array (
    0 => 'js',
    1 => 'back',
    2 => 'clock.js',
  ),
)
[ info ] [ HEADER ] array (
  'cookie' => 'PHPSESSID=fj3fprcsui8iq8ccj7t9eefnd7',
  'accept-language' => 'zh-CN,zh;q=0.9,en;q=0.8',
  'accept-encoding' => 'gzip, deflate',
  'referer' => 'http://www.taoshutp5.org/admin/violation/violateList',
  'accept' => '*/*',
  'user-agent' => 'Mozilla/5.0 (Windows NT 6.1) AppleWebKit/537.36 (KHTML, like Gecko) Chrome/70.0.3538.110 Safari/537.36',
  'connection' => 'close',
  'host' => 'www.taoshutp5.org',
)
[ info ] [ PARAM ] array (
  '/js/back/clock_js' => '',
)
[ info ] [ LOG ] INIT File
---------------------------------------------------------------
[ 2018-12-28T16:07:14+08:00 ] 127.0.0.1 GET /js/back/clock.js
[ info ] www.taoshutp5.org/js/back/clock.js [运行时间：0.020001s][吞吐率：50.00req/s] [内存消耗：1,088.39kb] [文件加载：32]
[ info ] [ LANG ] C:\phpStudy\PHPTutorial\WWW\taoshuTP5\ThinkPHP\thinkphp\lang\zh-cn.php
[ info ] [ ROUTE ] array (
  'type' => 'module',
  'module' => 
  array (
    0 => 'js',
    1 => 'back',
    2 => 'clock.js',
  ),
)
[ info ] [ HEADER ] array (
  'cookie' => 'PHPSESSID=fj3fprcsui8iq8ccj7t9eefnd7',
  'accept-language' => 'zh-CN,zh;q=0.9,en;q=0.8',
  'accept-encoding' => 'gzip, deflate',
  'referer' => 'http://www.taoshutp5.org/admin/violation/violateList',
  'accept' => '*/*',
  'user-agent' => 'Mozilla/5.0 (Windows NT 6.1) AppleWebKit/537.36 (KHTML, like Gecko) Chrome/70.0.3538.110 Safari/537.36',
  'connection' => 'close',
  'host' => 'www.taoshutp5.org',
)
[ info ] [ PARAM ] array (
  '/js/back/clock_js' => '',
)
[ info ] [ LOG ] INIT File
---------------------------------------------------------------
[ 2018-12-28T16:07:44+08:00 ] 127.0.0.1 GET /js/back/clock.js
[ info ] www.taoshutp5.org/js/back/clock.js [运行时间：0.018001s][吞吐率：55.55req/s] [内存消耗：1,088.39kb] [文件加载：32]
[ info ] [ LANG ] C:\phpStudy\PHPTutorial\WWW\taoshuTP5\ThinkPHP\thinkphp\lang\zh-cn.php
[ info ] [ ROUTE ] array (
  'type' => 'module',
  'module' => 
  array (
    0 => 'js',
    1 => 'back',
    2 => 'clock.js',
  ),
)
[ info ] [ HEADER ] array (
  'cookie' => 'PHPSESSID=fj3fprcsui8iq8ccj7t9eefnd7',
  'accept-language' => 'zh-CN,zh;q=0.9,en;q=0.8',
  'accept-encoding' => 'gzip, deflate',
  'referer' => 'http://www.taoshutp5.org/admin/violation/violateList',
  'accept' => '*/*',
  'user-agent' => 'Mozilla/5.0 (Windows NT 6.1) AppleWebKit/537.36 (KHTML, like Gecko) Chrome/70.0.3538.110 Safari/537.36',
  'connection' => 'close',
  'host' => 'www.taoshutp5.org',
)
[ info ] [ PARAM ] array (
  '/js/back/clock_js' => '',
)
[ info ] [ LOG ] INIT File
---------------------------------------------------------------
[ 2018-12-28T16:09:57+08:00 ] 127.0.0.1 GET /js/back/clock.js
[ info ] www.taoshutp5.org/js/back/clock.js [运行时间：0.020001s][吞吐率：50.00req/s] [内存消耗：1,088.39kb] [文件加载：32]
[ info ] [ LANG ] C:\phpStudy\PHPTutorial\WWW\taoshuTP5\ThinkPHP\thinkphp\lang\zh-cn.php
[ info ] [ ROUTE ] array (
  'type' => 'module',
  'module' => 
  array (
    0 => 'js',
    1 => 'back',
    2 => 'clock.js',
  ),
)
[ info ] [ HEADER ] array (
  'cookie' => 'PHPSESSID=fj3fprcsui8iq8ccj7t9eefnd7',
  'accept-language' => 'zh-CN,zh;q=0.9,en;q=0.8',
  'accept-encoding' => 'gzip, deflate',
  'referer' => 'http://www.taoshutp5.org/admin/violation/violateList',
  'accept' => '*/*',
  'user-agent' => 'Mozilla/5.0 (Windows NT 6.1) AppleWebKit/537.36 (KHTML, like Gecko) Chrome/70.0.3538.110 Safari/537.36',
  'connection' => 'close',
  'host' => 'www.taoshutp5.org',
)
[ info ] [ PARAM ] array (
  '/js/back/clock_js' => '',
)
[ info ] [ LOG ] INIT File
---------------------------------------------------------------
[ 2018-12-28T16:14:20+08:00 ] 127.0.0.1 GET /js/back/clock.js
[ info ] www.taoshutp5.org/js/back/clock.js [运行时间：0.033002s][吞吐率：30.30req/s] [内存消耗：1,088.39kb] [文件加载：32]
[ info ] [ LANG ] C:\phpStudy\PHPTutorial\WWW\taoshuTP5\ThinkPHP\thinkphp\lang\zh-cn.php
[ info ] [ ROUTE ] array (
  'type' => 'module',
  'module' => 
  array (
    0 => 'js',
    1 => 'back',
    2 => 'clock.js',
  ),
)
[ info ] [ HEADER ] array (
  'cookie' => 'PHPSESSID=fj3fprcsui8iq8ccj7t9eefnd7',
  'accept-language' => 'zh-CN,zh;q=0.9,en;q=0.8',
  'accept-encoding' => 'gzip, deflate',
  'referer' => 'http://www.taoshutp5.org/admin/violation/violateList',
  'accept' => '*/*',
  'user-agent' => 'Mozilla/5.0 (Windows NT 6.1) AppleWebKit/537.36 (KHTML, like Gecko) Chrome/70.0.3538.110 Safari/537.36',
  'connection' => 'close',
  'host' => 'www.taoshutp5.org',
)
[ info ] [ PARAM ] array (
  '/js/back/clock_js' => '',
)
[ info ] [ LOG ] INIT File
---------------------------------------------------------------
[ 2018-12-28T16:17:02+08:00 ] 127.0.0.1 GET /js/back/clock.js
[ info ] www.taoshutp5.org/js/back/clock.js [运行时间：0.022001s][吞吐率：45.45req/s] [内存消耗：1,088.34kb] [文件加载：32]
[ info ] [ LANG ] C:\phpStudy\PHPTutorial\WWW\taoshuTP5\ThinkPHP\thinkphp\lang\zh-cn.php
[ info ] [ ROUTE ] array (
  'type' => 'module',
  'module' => 
  array (
    0 => 'js',
    1 => 'back',
    2 => 'clock.js',
  ),
)
[ info ] [ HEADER ] array (
  'cookie' => 'PHPSESSID=fj3fprcsui8iq8ccj7t9eefnd7',
  'accept-language' => 'zh-CN,zh;q=0.9,en;q=0.8',
  'accept-encoding' => 'gzip, deflate',
  'referer' => 'http://www.taoshutp5.org/admin/index/index',
  'accept' => '*/*',
  'user-agent' => 'Mozilla/5.0 (Windows NT 6.1) AppleWebKit/537.36 (KHTML, like Gecko) Chrome/70.0.3538.110 Safari/537.36',
  'connection' => 'close',
  'host' => 'www.taoshutp5.org',
)
[ info ] [ PARAM ] array (
  '/js/back/clock_js' => '',
)
[ info ] [ LOG ] INIT File
---------------------------------------------------------------
[ 2018-12-28T16:17:04+08:00 ] 127.0.0.1 GET /js/back/clock.js
[ info ] www.taoshutp5.org/js/back/clock.js [运行时间：0.022001s][吞吐率：45.45req/s] [内存消耗：1,088.39kb] [文件加载：32]
[ info ] [ LANG ] C:\phpStudy\PHPTutorial\WWW\taoshuTP5\ThinkPHP\thinkphp\lang\zh-cn.php
[ info ] [ ROUTE ] array (
  'type' => 'module',
  'module' => 
  array (
    0 => 'js',
    1 => 'back',
    2 => 'clock.js',
  ),
)
[ info ] [ HEADER ] array (
  'cookie' => 'PHPSESSID=fj3fprcsui8iq8ccj7t9eefnd7',
  'accept-language' => 'zh-CN,zh;q=0.9,en;q=0.8',
  'accept-encoding' => 'gzip, deflate',
  'referer' => 'http://www.taoshutp5.org/admin/violation/violateList',
  'accept' => '*/*',
  'user-agent' => 'Mozilla/5.0 (Windows NT 6.1) AppleWebKit/537.36 (KHTML, like Gecko) Chrome/70.0.3538.110 Safari/537.36',
  'connection' => 'close',
  'host' => 'www.taoshutp5.org',
)
[ info ] [ PARAM ] array (
  '/js/back/clock_js' => '',
)
[ info ] [ LOG ] INIT File
---------------------------------------------------------------
[ 2018-12-28T16:17:24+08:00 ] 127.0.0.1 GET /js/back/clock.js
[ info ] www.taoshutp5.org/js/back/clock.js [运行时间：0.024001s][吞吐率：41.67req/s] [内存消耗：1,088.39kb] [文件加载：32]
[ info ] [ LANG ] C:\phpStudy\PHPTutorial\WWW\taoshuTP5\ThinkPHP\thinkphp\lang\zh-cn.php
[ info ] [ ROUTE ] array (
  'type' => 'module',
  'module' => 
  array (
    0 => 'js',
    1 => 'back',
    2 => 'clock.js',
  ),
)
[ info ] [ HEADER ] array (
  'cookie' => 'PHPSESSID=fj3fprcsui8iq8ccj7t9eefnd7',
  'accept-language' => 'zh-CN,zh;q=0.9,en;q=0.8',
  'accept-encoding' => 'gzip, deflate',
  'referer' => 'http://www.taoshutp5.org/admin/violation/violateList',
  'accept' => '*/*',
  'user-agent' => 'Mozilla/5.0 (Windows NT 6.1) AppleWebKit/537.36 (KHTML, like Gecko) Chrome/70.0.3538.110 Safari/537.36',
  'connection' => 'close',
  'host' => 'www.taoshutp5.org',
)
[ info ] [ PARAM ] array (
  '/js/back/clock_js' => '',
)
[ info ] [ LOG ] INIT File
---------------------------------------------------------------
[ 2018-12-28T16:19:13+08:00 ] 127.0.0.1 GET /js/back/clock.js
[ info ] www.taoshutp5.org/js/back/clock.js [运行时间：0.026001s][吞吐率：38.46req/s] [内存消耗：1,088.39kb] [文件加载：32]
[ info ] [ LANG ] C:\phpStudy\PHPTutorial\WWW\taoshuTP5\ThinkPHP\thinkphp\lang\zh-cn.php
[ info ] [ ROUTE ] array (
  'type' => 'module',
  'module' => 
  array (
    0 => 'js',
    1 => 'back',
    2 => 'clock.js',
  ),
)
[ info ] [ HEADER ] array (
  'cookie' => 'PHPSESSID=fj3fprcsui8iq8ccj7t9eefnd7',
  'accept-language' => 'zh-CN,zh;q=0.9,en;q=0.8',
  'accept-encoding' => 'gzip, deflate',
  'referer' => 'http://www.taoshutp5.org/admin/violation/violateList',
  'accept' => '*/*',
  'user-agent' => 'Mozilla/5.0 (Windows NT 6.1) AppleWebKit/537.36 (KHTML, like Gecko) Chrome/70.0.3538.110 Safari/537.36',
  'connection' => 'close',
  'host' => 'www.taoshutp5.org',
)
[ info ] [ PARAM ] array (
  '/js/back/clock_js' => '',
)
[ info ] [ LOG ] INIT File
---------------------------------------------------------------
[ 2018-12-28T16:19:22+08:00 ] 127.0.0.1 GET /js/back/clock.js
[ info ] www.taoshutp5.org/js/back/clock.js [运行时间：0.022001s][吞吐率：45.45req/s] [内存消耗：1,088.34kb] [文件加载：32]
[ info ] [ LANG ] C:\phpStudy\PHPTutorial\WWW\taoshuTP5\ThinkPHP\thinkphp\lang\zh-cn.php
[ info ] [ ROUTE ] array (
  'type' => 'module',
  'module' => 
  array (
    0 => 'js',
    1 => 'back',
    2 => 'clock.js',
  ),
)
[ info ] [ HEADER ] array (
  'cookie' => 'PHPSESSID=fj3fprcsui8iq8ccj7t9eefnd7',
  'accept-language' => 'zh-CN,zh;q=0.9,en;q=0.8',
  'accept-encoding' => 'gzip, deflate',
  'referer' => 'http://www.taoshutp5.org/admin/user/addPage',
  'accept' => '*/*',
  'user-agent' => 'Mozilla/5.0 (Windows NT 6.1) AppleWebKit/537.36 (KHTML, like Gecko) Chrome/70.0.3538.110 Safari/537.36',
  'connection' => 'close',
  'host' => 'www.taoshutp5.org',
)
[ info ] [ PARAM ] array (
  '/js/back/clock_js' => '',
)
[ info ] [ LOG ] INIT File
---------------------------------------------------------------
[ 2018-12-28T16:27:41+08:00 ] 127.0.0.1 GET /js/back/clock.js
[ info ] www.taoshutp5.org/js/back/clock.js [运行时间：0.019001s][吞吐率：52.63req/s] [内存消耗：1,088.34kb] [文件加载：32]
[ info ] [ LANG ] C:\phpStudy\PHPTutorial\WWW\taoshuTP5\ThinkPHP\thinkphp\lang\zh-cn.php
[ info ] [ ROUTE ] array (
  'type' => 'module',
  'module' => 
  array (
    0 => 'js',
    1 => 'back',
    2 => 'clock.js',
  ),
)
[ info ] [ HEADER ] array (
  'cookie' => 'PHPSESSID=fj3fprcsui8iq8ccj7t9eefnd7',
  'accept-language' => 'zh-CN,zh;q=0.9,en;q=0.8',
  'accept-encoding' => 'gzip, deflate',
  'referer' => 'http://www.taoshutp5.org/admin/user/addPage',
  'accept' => '*/*',
  'user-agent' => 'Mozilla/5.0 (Windows NT 6.1) AppleWebKit/537.36 (KHTML, like Gecko) Chrome/70.0.3538.110 Safari/537.36',
  'connection' => 'close',
  'host' => 'www.taoshutp5.org',
)
[ info ] [ PARAM ] array (
  '/js/back/clock_js' => '',
)
[ info ] [ LOG ] INIT File
---------------------------------------------------------------
[ 2018-12-28T16:27:43+08:00 ] 127.0.0.1 GET /js/back/clock.js
[ info ] www.taoshutp5.org/js/back/clock.js [运行时间：0.021001s][吞吐率：47.62req/s] [内存消耗：1,088.39kb] [文件加载：32]
[ info ] [ LANG ] C:\phpStudy\PHPTutorial\WWW\taoshuTP5\ThinkPHP\thinkphp\lang\zh-cn.php
[ info ] [ ROUTE ] array (
  'type' => 'module',
  'module' => 
  array (
    0 => 'js',
    1 => 'back',
    2 => 'clock.js',
  ),
)
[ info ] [ HEADER ] array (
  'cookie' => 'PHPSESSID=fj3fprcsui8iq8ccj7t9eefnd7',
  'accept-language' => 'zh-CN,zh;q=0.9,en;q=0.8',
  'accept-encoding' => 'gzip, deflate',
  'referer' => 'http://www.taoshutp5.org/admin/violation/violateList',
  'accept' => '*/*',
  'user-agent' => 'Mozilla/5.0 (Windows NT 6.1) AppleWebKit/537.36 (KHTML, like Gecko) Chrome/70.0.3538.110 Safari/537.36',
  'connection' => 'close',
  'host' => 'www.taoshutp5.org',
)
[ info ] [ PARAM ] array (
  '/js/back/clock_js' => '',
)
[ info ] [ LOG ] INIT File
---------------------------------------------------------------
[ 2018-12-28T16:28:07+08:00 ] 127.0.0.1 GET /js/back/clock.js
[ info ] www.taoshutp5.org/js/back/clock.js [运行时间：0.020001s][吞吐率：50.00req/s] [内存消耗：1,088.37kb] [文件加载：32]
[ info ] [ LANG ] C:\phpStudy\PHPTutorial\WWW\taoshuTP5\ThinkPHP\thinkphp\lang\zh-cn.php
[ info ] [ ROUTE ] array (
  'type' => 'module',
  'module' => 
  array (
    0 => 'js',
    1 => 'back',
    2 => 'clock.js',
  ),
)
[ info ] [ HEADER ] array (
  'cookie' => 'PHPSESSID=fj3fprcsui8iq8ccj7t9eefnd7',
  'accept-language' => 'zh-CN,zh;q=0.9,en;q=0.8',
  'accept-encoding' => 'gzip, deflate',
  'referer' => 'http://www.taoshutp5.org/admin/violation/addPage',
  'accept' => '*/*',
  'user-agent' => 'Mozilla/5.0 (Windows NT 6.1) AppleWebKit/537.36 (KHTML, like Gecko) Chrome/70.0.3538.110 Safari/537.36',
  'connection' => 'close',
  'host' => 'www.taoshutp5.org',
)
[ info ] [ PARAM ] array (
  '/js/back/clock_js' => '',
)
[ info ] [ LOG ] INIT File
---------------------------------------------------------------
[ 2018-12-28T16:31:18+08:00 ] 127.0.0.1 GET /js/back/clock.js
[ info ] www.taoshutp5.org/js/back/clock.js [运行时间：0.019001s][吞吐率：52.63req/s] [内存消耗：1,088.37kb] [文件加载：32]
[ info ] [ LANG ] C:\phpStudy\PHPTutorial\WWW\taoshuTP5\ThinkPHP\thinkphp\lang\zh-cn.php
[ info ] [ ROUTE ] array (
  'type' => 'module',
  'module' => 
  array (
    0 => 'js',
    1 => 'back',
    2 => 'clock.js',
  ),
)
[ info ] [ HEADER ] array (
  'cookie' => 'PHPSESSID=fj3fprcsui8iq8ccj7t9eefnd7',
  'accept-language' => 'zh-CN,zh;q=0.9,en;q=0.8',
  'accept-encoding' => 'gzip, deflate',
  'referer' => 'http://www.taoshutp5.org/admin/violation/addPage',
  'accept' => '*/*',
  'user-agent' => 'Mozilla/5.0 (Windows NT 6.1) AppleWebKit/537.36 (KHTML, like Gecko) Chrome/70.0.3538.110 Safari/537.36',
  'connection' => 'close',
  'host' => 'www.taoshutp5.org',
)
[ info ] [ PARAM ] array (
  '/js/back/clock_js' => '',
)
[ info ] [ LOG ] INIT File
---------------------------------------------------------------
[ 2018-12-28T16:37:35+08:00 ] 127.0.0.1 GET /js/back/clock.js
[ info ] www.taoshutp5.org/js/back/clock.js [运行时间：0.019002s][吞吐率：52.63req/s] [内存消耗：1,088.37kb] [文件加载：32]
[ info ] [ LANG ] C:\phpStudy\PHPTutorial\WWW\taoshuTP5\ThinkPHP\thinkphp\lang\zh-cn.php
[ info ] [ ROUTE ] array (
  'type' => 'module',
  'module' => 
  array (
    0 => 'js',
    1 => 'back',
    2 => 'clock.js',
  ),
)
[ info ] [ HEADER ] array (
  'cookie' => 'PHPSESSID=fj3fprcsui8iq8ccj7t9eefnd7',
  'accept-language' => 'zh-CN,zh;q=0.9,en;q=0.8',
  'accept-encoding' => 'gzip, deflate',
  'referer' => 'http://www.taoshutp5.org/admin/violation/addPage',
  'accept' => '*/*',
  'user-agent' => 'Mozilla/5.0 (Windows NT 6.1) AppleWebKit/537.36 (KHTML, like Gecko) Chrome/70.0.3538.110 Safari/537.36',
  'connection' => 'close',
  'host' => 'www.taoshutp5.org',
)
[ info ] [ PARAM ] array (
  '/js/back/clock_js' => '',
)
[ info ] [ LOG ] INIT File
---------------------------------------------------------------
[ 2018-12-28T16:37:53+08:00 ] 127.0.0.1 GET /js/back/clock.js
[ info ] www.taoshutp5.org/js/back/clock.js [运行时间：0.023002s][吞吐率：43.47req/s] [内存消耗：1,088.37kb] [文件加载：32]
[ info ] [ LANG ] C:\phpStudy\PHPTutorial\WWW\taoshuTP5\ThinkPHP\thinkphp\lang\zh-cn.php
[ info ] [ ROUTE ] array (
  'type' => 'module',
  'module' => 
  array (
    0 => 'js',
    1 => 'back',
    2 => 'clock.js',
  ),
)
[ info ] [ HEADER ] array (
  'cookie' => 'PHPSESSID=fj3fprcsui8iq8ccj7t9eefnd7',
  'accept-language' => 'zh-CN,zh;q=0.9,en;q=0.8',
  'accept-encoding' => 'gzip, deflate',
  'referer' => 'http://www.taoshutp5.org/admin/violation/addPage',
  'accept' => '*/*',
  'user-agent' => 'Mozilla/5.0 (Windows NT 6.1) AppleWebKit/537.36 (KHTML, like Gecko) Chrome/70.0.3538.110 Safari/537.36',
  'connection' => 'close',
  'host' => 'www.taoshutp5.org',
)
[ info ] [ PARAM ] array (
  '/js/back/clock_js' => '',
)
[ info ] [ LOG ] INIT File
---------------------------------------------------------------
[ 2018-12-28T16:38:34+08:00 ] 127.0.0.1 GET /js/back/clock.js
[ info ] www.taoshutp5.org/js/back/clock.js [运行时间：0.018001s][吞吐率：55.55req/s] [内存消耗：1,088.37kb] [文件加载：32]
[ info ] [ LANG ] C:\phpStudy\PHPTutorial\WWW\taoshuTP5\ThinkPHP\thinkphp\lang\zh-cn.php
[ info ] [ ROUTE ] array (
  'type' => 'module',
  'module' => 
  array (
    0 => 'js',
    1 => 'back',
    2 => 'clock.js',
  ),
)
[ info ] [ HEADER ] array (
  'cookie' => 'PHPSESSID=fj3fprcsui8iq8ccj7t9eefnd7',
  'accept-language' => 'zh-CN,zh;q=0.9,en;q=0.8',
  'accept-encoding' => 'gzip, deflate',
  'referer' => 'http://www.taoshutp5.org/admin/violation/addPage',
  'accept' => '*/*',
  'user-agent' => 'Mozilla/5.0 (Windows NT 6.1) AppleWebKit/537.36 (KHTML, like Gecko) Chrome/70.0.3538.110 Safari/537.36',
  'connection' => 'close',
  'host' => 'www.taoshutp5.org',
)
[ info ] [ PARAM ] array (
  '/js/back/clock_js' => '',
)
[ info ] [ LOG ] INIT File
---------------------------------------------------------------
[ 2018-12-28T16:40:42+08:00 ] 127.0.0.1 GET /js/back/clock.js
[ info ] www.taoshutp5.org/js/back/clock.js [运行时间：0.022001s][吞吐率：45.45req/s] [内存消耗：1,088.37kb] [文件加载：32]
[ info ] [ LANG ] C:\phpStudy\PHPTutorial\WWW\taoshuTP5\ThinkPHP\thinkphp\lang\zh-cn.php
[ info ] [ ROUTE ] array (
  'type' => 'module',
  'module' => 
  array (
    0 => 'js',
    1 => 'back',
    2 => 'clock.js',
  ),
)
[ info ] [ HEADER ] array (
  'cookie' => 'PHPSESSID=fj3fprcsui8iq8ccj7t9eefnd7',
  'accept-language' => 'zh-CN,zh;q=0.9,en;q=0.8',
  'accept-encoding' => 'gzip, deflate',
  'referer' => 'http://www.taoshutp5.org/admin/violation/addPage',
  'accept' => '*/*',
  'user-agent' => 'Mozilla/5.0 (Windows NT 6.1) AppleWebKit/537.36 (KHTML, like Gecko) Chrome/70.0.3538.110 Safari/537.36',
  'connection' => 'close',
  'host' => 'www.taoshutp5.org',
)
[ info ] [ PARAM ] array (
  '/js/back/clock_js' => '',
)
[ info ] [ LOG ] INIT File
---------------------------------------------------------------
[ 2018-12-28T16:41:07+08:00 ] 127.0.0.1 GET /js/back/clock.js
[ info ] www.taoshutp5.org/js/back/clock.js [运行时间：0.018001s][吞吐率：55.55req/s] [内存消耗：1,088.37kb] [文件加载：32]
[ info ] [ LANG ] C:\phpStudy\PHPTutorial\WWW\taoshuTP5\ThinkPHP\thinkphp\lang\zh-cn.php
[ info ] [ ROUTE ] array (
  'type' => 'module',
  'module' => 
  array (
    0 => 'js',
    1 => 'back',
    2 => 'clock.js',
  ),
)
[ info ] [ HEADER ] array (
  'cookie' => 'PHPSESSID=fj3fprcsui8iq8ccj7t9eefnd7',
  'accept-language' => 'zh-CN,zh;q=0.9,en;q=0.8',
  'accept-encoding' => 'gzip, deflate',
  'referer' => 'http://www.taoshutp5.org/admin/violation/addPage',
  'accept' => '*/*',
  'user-agent' => 'Mozilla/5.0 (Windows NT 6.1) AppleWebKit/537.36 (KHTML, like Gecko) Chrome/70.0.3538.110 Safari/537.36',
  'connection' => 'close',
  'host' => 'www.taoshutp5.org',
)
[ info ] [ PARAM ] array (
  '/js/back/clock_js' => '',
)
[ info ] [ LOG ] INIT File
---------------------------------------------------------------
[ 2018-12-28T16:41:48+08:00 ] 127.0.0.1 GET /js/back/clock.js
[ info ] www.taoshutp5.org/js/back/clock.js [运行时间：0.019001s][吞吐率：52.63req/s] [内存消耗：1,088.37kb] [文件加载：32]
[ info ] [ LANG ] C:\phpStudy\PHPTutorial\WWW\taoshuTP5\ThinkPHP\thinkphp\lang\zh-cn.php
[ info ] [ ROUTE ] array (
  'type' => 'module',
  'module' => 
  array (
    0 => 'js',
    1 => 'back',
    2 => 'clock.js',
  ),
)
[ info ] [ HEADER ] array (
  'cookie' => 'PHPSESSID=fj3fprcsui8iq8ccj7t9eefnd7',
  'accept-language' => 'zh-CN,zh;q=0.9,en;q=0.8',
  'accept-encoding' => 'gzip, deflate',
  'referer' => 'http://www.taoshutp5.org/admin/violation/addPage',
  'accept' => '*/*',
  'user-agent' => 'Mozilla/5.0 (Windows NT 6.1) AppleWebKit/537.36 (KHTML, like Gecko) Chrome/70.0.3538.110 Safari/537.36',
  'connection' => 'close',
  'host' => 'www.taoshutp5.org',
)
[ info ] [ PARAM ] array (
  '/js/back/clock_js' => '',
)
[ info ] [ LOG ] INIT File
---------------------------------------------------------------
[ 2018-12-28T16:41:48+08:00 ] 127.0.0.1 GET /js/back/clock.js
[ info ] www.taoshutp5.org/js/back/clock.js [运行时间：0.020002s][吞吐率：49.99req/s] [内存消耗：1,088.37kb] [文件加载：32]
[ info ] [ LANG ] C:\phpStudy\PHPTutorial\WWW\taoshuTP5\ThinkPHP\thinkphp\lang\zh-cn.php
[ info ] [ ROUTE ] array (
  'type' => 'module',
  'module' => 
  array (
    0 => 'js',
    1 => 'back',
    2 => 'clock.js',
  ),
)
[ info ] [ HEADER ] array (
  'cookie' => 'PHPSESSID=fj3fprcsui8iq8ccj7t9eefnd7',
  'accept-language' => 'zh-CN,zh;q=0.9,en;q=0.8',
  'accept-encoding' => 'gzip, deflate',
  'referer' => 'http://www.taoshutp5.org/admin/violation/addPage',
  'accept' => '*/*',
  'user-agent' => 'Mozilla/5.0 (Windows NT 6.1) AppleWebKit/537.36 (KHTML, like Gecko) Chrome/70.0.3538.110 Safari/537.36',
  'connection' => 'close',
  'host' => 'www.taoshutp5.org',
)
[ info ] [ PARAM ] array (
  '/js/back/clock_js' => '',
)
[ info ] [ LOG ] INIT File
---------------------------------------------------------------
[ 2018-12-28T16:43:02+08:00 ] 127.0.0.1 GET /js/back/clock.js
[ info ] www.taoshutp5.org/js/back/clock.js [运行时间：0.021001s][吞吐率：47.62req/s] [内存消耗：1,088.37kb] [文件加载：32]
[ info ] [ LANG ] C:\phpStudy\PHPTutorial\WWW\taoshuTP5\ThinkPHP\thinkphp\lang\zh-cn.php
[ info ] [ ROUTE ] array (
  'type' => 'module',
  'module' => 
  array (
    0 => 'js',
    1 => 'back',
    2 => 'clock.js',
  ),
)
[ info ] [ HEADER ] array (
  'cookie' => 'PHPSESSID=fj3fprcsui8iq8ccj7t9eefnd7',
  'accept-language' => 'zh-CN,zh;q=0.9,en;q=0.8',
  'accept-encoding' => 'gzip, deflate',
  'referer' => 'http://www.taoshutp5.org/admin/violation/addPage',
  'accept' => '*/*',
  'user-agent' => 'Mozilla/5.0 (Windows NT 6.1) AppleWebKit/537.36 (KHTML, like Gecko) Chrome/70.0.3538.110 Safari/537.36',
  'connection' => 'close',
  'host' => 'www.taoshutp5.org',
)
[ info ] [ PARAM ] array (
  '/js/back/clock_js' => '',
)
[ info ] [ LOG ] INIT File
---------------------------------------------------------------
[ 2018-12-28T16:43:03+08:00 ] 127.0.0.1 GET /js/back/clock.js
[ info ] www.taoshutp5.org/js/back/clock.js [运行时间：0.019001s][吞吐率：52.63req/s] [内存消耗：1,088.37kb] [文件加载：32]
[ info ] [ LANG ] C:\phpStudy\PHPTutorial\WWW\taoshuTP5\ThinkPHP\thinkphp\lang\zh-cn.php
[ info ] [ ROUTE ] array (
  'type' => 'module',
  'module' => 
  array (
    0 => 'js',
    1 => 'back',
    2 => 'clock.js',
  ),
)
[ info ] [ HEADER ] array (
  'cookie' => 'PHPSESSID=fj3fprcsui8iq8ccj7t9eefnd7',
  'accept-language' => 'zh-CN,zh;q=0.9,en;q=0.8',
  'accept-encoding' => 'gzip, deflate',
  'referer' => 'http://www.taoshutp5.org/admin/violation/addPage',
  'accept' => '*/*',
  'user-agent' => 'Mozilla/5.0 (Windows NT 6.1) AppleWebKit/537.36 (KHTML, like Gecko) Chrome/70.0.3538.110 Safari/537.36',
  'connection' => 'close',
  'host' => 'www.taoshutp5.org',
)
[ info ] [ PARAM ] array (
  '/js/back/clock_js' => '',
)
[ info ] [ LOG ] INIT File
---------------------------------------------------------------
[ 2018-12-28T17:11:00+08:00 ] 127.0.0.1 GET /js/back/clock.js
[ info ] www.taoshutp5.org/js/back/clock.js [运行时间：0.019002s][吞吐率：52.63req/s] [内存消耗：1,088.34kb] [文件加载：32]
[ info ] [ LANG ] C:\phpStudy\PHPTutorial\WWW\taoshuTP5\ThinkPHP\thinkphp\lang\zh-cn.php
[ info ] [ ROUTE ] array (
  'type' => 'module',
  'module' => 
  array (
    0 => 'js',
    1 => 'back',
    2 => 'clock.js',
  ),
)
[ info ] [ HEADER ] array (
  'cookie' => 'PHPSESSID=fj3fprcsui8iq8ccj7t9eefnd7',
  'accept-language' => 'zh-CN,zh;q=0.9,en;q=0.8',
  'accept-encoding' => 'gzip, deflate',
  'referer' => 'http://www.taoshutp5.org/admin/index/index',
  'accept' => '*/*',
  'user-agent' => 'Mozilla/5.0 (Windows NT 6.1) AppleWebKit/537.36 (KHTML, like Gecko) Chrome/70.0.3538.110 Safari/537.36',
  'connection' => 'close',
  'host' => 'www.taoshutp5.org',
)
[ info ] [ PARAM ] array (
  '/js/back/clock_js' => '',
)
[ info ] [ LOG ] INIT File
---------------------------------------------------------------
[ 2018-12-28T17:11:02+08:00 ] 127.0.0.1 GET /js/back/clock.js
[ info ] www.taoshutp5.org/js/back/clock.js [运行时间：0.019001s][吞吐率：52.63req/s] [内存消耗：1,088.39kb] [文件加载：32]
[ info ] [ LANG ] C:\phpStudy\PHPTutorial\WWW\taoshuTP5\ThinkPHP\thinkphp\lang\zh-cn.php
[ info ] [ ROUTE ] array (
  'type' => 'module',
  'module' => 
  array (
    0 => 'js',
    1 => 'back',
    2 => 'clock.js',
  ),
)
[ info ] [ HEADER ] array (
  'cookie' => 'PHPSESSID=fj3fprcsui8iq8ccj7t9eefnd7',
  'accept-language' => 'zh-CN,zh;q=0.9,en;q=0.8',
  'accept-encoding' => 'gzip, deflate',
  'referer' => 'http://www.taoshutp5.org/admin/violation/violateList',
  'accept' => '*/*',
  'user-agent' => 'Mozilla/5.0 (Windows NT 6.1) AppleWebKit/537.36 (KHTML, like Gecko) Chrome/70.0.3538.110 Safari/537.36',
  'connection' => 'close',
  'host' => 'www.taoshutp5.org',
)
[ info ] [ PARAM ] array (
  '/js/back/clock_js' => '',
)
[ info ] [ LOG ] INIT File
---------------------------------------------------------------
[ 2018-12-28T17:11:04+08:00 ] 127.0.0.1 GET /js/back/clock.js
[ info ] www.taoshutp5.org/js/back/clock.js [运行时间：0.019002s][吞吐率：52.63req/s] [内存消耗：1,088.37kb] [文件加载：32]
[ info ] [ LANG ] C:\phpStudy\PHPTutorial\WWW\taoshuTP5\ThinkPHP\thinkphp\lang\zh-cn.php
[ info ] [ ROUTE ] array (
  'type' => 'module',
  'module' => 
  array (
    0 => 'js',
    1 => 'back',
    2 => 'clock.js',
  ),
)
[ info ] [ HEADER ] array (
  'cookie' => 'PHPSESSID=fj3fprcsui8iq8ccj7t9eefnd7',
  'accept-language' => 'zh-CN,zh;q=0.9,en;q=0.8',
  'accept-encoding' => 'gzip, deflate',
  'referer' => 'http://www.taoshutp5.org/admin/violation/addPage',
  'accept' => '*/*',
  'user-agent' => 'Mozilla/5.0 (Windows NT 6.1) AppleWebKit/537.36 (KHTML, like Gecko) Chrome/70.0.3538.110 Safari/537.36',
  'connection' => 'close',
  'host' => 'www.taoshutp5.org',
)
[ info ] [ PARAM ] array (
  '/js/back/clock_js' => '',
)
[ info ] [ LOG ] INIT File
---------------------------------------------------------------
[ 2018-12-28T17:11:14+08:00 ] 127.0.0.1 GET /js/back/clock.js
[ info ] www.taoshutp5.org/js/back/clock.js [运行时间：0.018001s][吞吐率：55.55req/s] [内存消耗：1,088.39kb] [文件加载：32]
[ info ] [ LANG ] C:\phpStudy\PHPTutorial\WWW\taoshuTP5\ThinkPHP\thinkphp\lang\zh-cn.php
[ info ] [ ROUTE ] array (
  'type' => 'module',
  'module' => 
  array (
    0 => 'js',
    1 => 'back',
    2 => 'clock.js',
  ),
)
[ info ] [ HEADER ] array (
  'cookie' => 'PHPSESSID=fj3fprcsui8iq8ccj7t9eefnd7',
  'accept-language' => 'zh-CN,zh;q=0.9,en;q=0.8',
  'accept-encoding' => 'gzip, deflate',
  'referer' => 'http://www.taoshutp5.org/admin/violation/violateList',
  'accept' => '*/*',
  'user-agent' => 'Mozilla/5.0 (Windows NT 6.1) AppleWebKit/537.36 (KHTML, like Gecko) Chrome/70.0.3538.110 Safari/537.36',
  'connection' => 'close',
  'host' => 'www.taoshutp5.org',
)
[ info ] [ PARAM ] array (
  '/js/back/clock_js' => '',
)
[ info ] [ LOG ] INIT File
---------------------------------------------------------------
[ 2018-12-28T17:11:19+08:00 ] 127.0.0.1 GET /js/back/clock.js
[ info ] www.taoshutp5.org/js/back/clock.js [运行时间：0.020001s][吞吐率：50.00req/s] [内存消耗：1,088.39kb] [文件加载：32]
[ info ] [ LANG ] C:\phpStudy\PHPTutorial\WWW\taoshuTP5\ThinkPHP\thinkphp\lang\zh-cn.php
[ info ] [ ROUTE ] array (
  'type' => 'module',
  'module' => 
  array (
    0 => 'js',
    1 => 'back',
    2 => 'clock.js',
  ),
)
[ info ] [ HEADER ] array (
  'cookie' => 'PHPSESSID=fj3fprcsui8iq8ccj7t9eefnd7',
  'accept-language' => 'zh-CN,zh;q=0.9,en;q=0.8',
  'accept-encoding' => 'gzip, deflate',
  'referer' => 'http://www.taoshutp5.org/admin/user/editPage?user_id=33',
  'accept' => '*/*',
  'user-agent' => 'Mozilla/5.0 (Windows NT 6.1) AppleWebKit/537.36 (KHTML, like Gecko) Chrome/70.0.3538.110 Safari/537.36',
  'connection' => 'close',
  'host' => 'www.taoshutp5.org',
)
[ info ] [ PARAM ] array (
  '/js/back/clock_js' => '',
)
[ info ] [ LOG ] INIT File
---------------------------------------------------------------
[ 2018-12-28T17:11:23+08:00 ] 127.0.0.1 GET /js/back/clock.js
[ info ] www.taoshutp5.org/js/back/clock.js [运行时间：0.019001s][吞吐率：52.63req/s] [内存消耗：1,088.39kb] [文件加载：32]
[ info ] [ LANG ] C:\phpStudy\PHPTutorial\WWW\taoshuTP5\ThinkPHP\thinkphp\lang\zh-cn.php
[ info ] [ ROUTE ] array (
  'type' => 'module',
  'module' => 
  array (
    0 => 'js',
    1 => 'back',
    2 => 'clock.js',
  ),
)
[ info ] [ HEADER ] array (
  'cookie' => 'PHPSESSID=fj3fprcsui8iq8ccj7t9eefnd7',
  'accept-language' => 'zh-CN,zh;q=0.9,en;q=0.8',
  'accept-encoding' => 'gzip, deflate',
  'referer' => 'http://www.taoshutp5.org/admin/violation/violateList',
  'accept' => '*/*',
  'user-agent' => 'Mozilla/5.0 (Windows NT 6.1) AppleWebKit/537.36 (KHTML, like Gecko) Chrome/70.0.3538.110 Safari/537.36',
  'connection' => 'close',
  'host' => 'www.taoshutp5.org',
)
[ info ] [ PARAM ] array (
  '/js/back/clock_js' => '',
)
[ info ] [ LOG ] INIT File
---------------------------------------------------------------
[ 2018-12-28T17:11:37+08:00 ] 127.0.0.1 GET /js/back/clock.js
[ info ] www.taoshutp5.org/js/back/clock.js [运行时间：0.029001s][吞吐率：34.48req/s] [内存消耗：1,088.37kb] [文件加载：32]
[ info ] [ LANG ] C:\phpStudy\PHPTutorial\WWW\taoshuTP5\ThinkPHP\thinkphp\lang\zh-cn.php
[ info ] [ ROUTE ] array (
  'type' => 'module',
  'module' => 
  array (
    0 => 'js',
    1 => 'back',
    2 => 'clock.js',
  ),
)
[ info ] [ HEADER ] array (
  'cookie' => 'PHPSESSID=fj3fprcsui8iq8ccj7t9eefnd7',
  'accept-language' => 'zh-CN,zh;q=0.9,en;q=0.8',
  'accept-encoding' => 'gzip, deflate',
  'referer' => 'http://www.taoshutp5.org/admin/violation/addPage',
  'accept' => '*/*',
  'user-agent' => 'Mozilla/5.0 (Windows NT 6.1) AppleWebKit/537.36 (KHTML, like Gecko) Chrome/70.0.3538.110 Safari/537.36',
  'connection' => 'close',
  'host' => 'www.taoshutp5.org',
)
[ info ] [ PARAM ] array (
  '/js/back/clock_js' => '',
)
[ info ] [ LOG ] INIT File
---------------------------------------------------------------
[ 2018-12-28T17:11:45+08:00 ] 127.0.0.1 GET /js/back/clock.js
[ info ] www.taoshutp5.org/js/back/clock.js [运行时间：0.019001s][吞吐率：52.63req/s] [内存消耗：1,088.39kb] [文件加载：32]
[ info ] [ LANG ] C:\phpStudy\PHPTutorial\WWW\taoshuTP5\ThinkPHP\thinkphp\lang\zh-cn.php
[ info ] [ ROUTE ] array (
  'type' => 'module',
  'module' => 
  array (
    0 => 'js',
    1 => 'back',
    2 => 'clock.js',
  ),
)
[ info ] [ HEADER ] array (
  'cookie' => 'PHPSESSID=fj3fprcsui8iq8ccj7t9eefnd7',
  'accept-language' => 'zh-CN,zh;q=0.9,en;q=0.8',
  'accept-encoding' => 'gzip, deflate',
  'referer' => 'http://www.taoshutp5.org/admin/violation/violateList',
  'accept' => '*/*',
  'user-agent' => 'Mozilla/5.0 (Windows NT 6.1) AppleWebKit/537.36 (KHTML, like Gecko) Chrome/70.0.3538.110 Safari/537.36',
  'connection' => 'close',
  'host' => 'www.taoshutp5.org',
)
[ info ] [ PARAM ] array (
  '/js/back/clock_js' => '',
)
[ info ] [ LOG ] INIT File
---------------------------------------------------------------
[ 2018-12-28T17:19:02+08:00 ] 127.0.0.1 GET /js/back/clock.js
[ info ] www.taoshutp5.org/js/back/clock.js [运行时间：0.024001s][吞吐率：41.67req/s] [内存消耗：1,088.39kb] [文件加载：32]
[ info ] [ LANG ] C:\phpStudy\PHPTutorial\WWW\taoshuTP5\ThinkPHP\thinkphp\lang\zh-cn.php
[ info ] [ ROUTE ] array (
  'type' => 'module',
  'module' => 
  array (
    0 => 'js',
    1 => 'back',
    2 => 'clock.js',
  ),
)
[ info ] [ HEADER ] array (
  'cookie' => 'PHPSESSID=fj3fprcsui8iq8ccj7t9eefnd7',
  'accept-language' => 'zh-CN,zh;q=0.9,en;q=0.8',
  'accept-encoding' => 'gzip, deflate',
  'referer' => 'http://www.taoshutp5.org/admin/violation/violateList',
  'accept' => '*/*',
  'user-agent' => 'Mozilla/5.0 (Windows NT 6.1) AppleWebKit/537.36 (KHTML, like Gecko) Chrome/70.0.3538.110 Safari/537.36',
  'connection' => 'close',
  'host' => 'www.taoshutp5.org',
)
[ info ] [ PARAM ] array (
  '/js/back/clock_js' => '',
)
[ info ] [ LOG ] INIT File
---------------------------------------------------------------
[ 2018-12-28T17:20:23+08:00 ] 127.0.0.1 GET /js/back/clock.js
[ info ] www.taoshutp5.org/js/back/clock.js [运行时间：0.021001s][吞吐率：47.62req/s] [内存消耗：1,088.26kb] [文件加载：32]
[ info ] [ LANG ] C:\phpStudy\PHPTutorial\WWW\taoshuTP5\ThinkPHP\thinkphp\lang\zh-cn.php
[ info ] [ ROUTE ] array (
  'type' => 'module',
  'module' => 
  array (
    0 => 'js',
    1 => 'back',
    2 => 'clock.js',
  ),
)
[ info ] [ HEADER ] array (
  'cookie' => 'PHPSESSID=fj3fprcsui8iq8ccj7t9eefnd7',
  'accept-language' => 'zh-CN,zh;q=0.9,en;q=0.8',
  'accept-encoding' => 'gzip, deflate',
  'referer' => 'http://www.taoshutp5.org/admin/',
  'accept' => '*/*',
  'user-agent' => 'Mozilla/5.0 (Windows NT 6.1) AppleWebKit/537.36 (KHTML, like Gecko) Chrome/70.0.3538.110 Safari/537.36',
  'connection' => 'close',
  'host' => 'www.taoshutp5.org',
)
[ info ] [ PARAM ] array (
  '/js/back/clock_js' => '',
)
[ info ] [ LOG ] INIT File
---------------------------------------------------------------
[ 2018-12-28T17:21:13+08:00 ] 127.0.0.1 GET /js/back/clock.js
[ info ] www.taoshutp5.org/js/back/clock.js [运行时间：0.021002s][吞吐率：47.61req/s] [内存消耗：1,088.41kb] [文件加载：32]
[ info ] [ LANG ] C:\phpStudy\PHPTutorial\WWW\taoshuTP5\ThinkPHP\thinkphp\lang\zh-cn.php
[ info ] [ ROUTE ] array (
  'type' => 'module',
  'module' => 
  array (
    0 => 'js',
    1 => 'back',
    2 => 'clock.js',
  ),
)
[ info ] [ HEADER ] array (
  'cookie' => 'PHPSESSID=fj3fprcsui8iq8ccj7t9eefnd7',
  'accept-language' => 'zh-CN,zh;q=0.9,en;q=0.8',
  'accept-encoding' => 'gzip, deflate',
  'referer' => 'http://www.taoshutp5.org/admin/violate/violateList',
  'accept' => '*/*',
  'user-agent' => 'Mozilla/5.0 (Windows NT 6.1) AppleWebKit/537.36 (KHTML, like Gecko) Chrome/70.0.3538.110 Safari/537.36',
  'connection' => 'close',
  'host' => 'www.taoshutp5.org',
)
[ info ] [ PARAM ] array (
  '/js/back/clock_js' => '',
)
[ info ] [ LOG ] INIT File
---------------------------------------------------------------
[ 2018-12-28T17:21:16+08:00 ] 127.0.0.1 GET /js/back/clock.js
[ info ] www.taoshutp5.org/js/back/clock.js [运行时间：0.022002s][吞吐率：45.45req/s] [内存消耗：1,088.30kb] [文件加载：32]
[ info ] [ LANG ] C:\phpStudy\PHPTutorial\WWW\taoshuTP5\ThinkPHP\thinkphp\lang\zh-cn.php
[ info ] [ ROUTE ] array (
  'type' => 'module',
  'module' => 
  array (
    0 => 'js',
    1 => 'back',
    2 => 'clock.js',
  ),
)
[ info ] [ HEADER ] array (
  'cookie' => 'PHPSESSID=fj3fprcsui8iq8ccj7t9eefnd7',
  'accept-language' => 'zh-CN,zh;q=0.9,en;q=0.8',
  'accept-encoding' => 'gzip, deflate',
  'referer' => 'http://www.taoshutp5.org/admin/violate/addPage',
  'accept' => '*/*',
  'user-agent' => 'Mozilla/5.0 (Windows NT 6.1) AppleWebKit/537.36 (KHTML, like Gecko) Chrome/70.0.3538.110 Safari/537.36',
  'connection' => 'close',
  'host' => 'www.taoshutp5.org',
)
[ info ] [ PARAM ] array (
  '/js/back/clock_js' => '',
)
[ info ] [ LOG ] INIT File
---------------------------------------------------------------
[ 2018-12-28T17:21:40+08:00 ] 127.0.0.1 GET /js/back/clock.js
[ info ] www.taoshutp5.org/js/back/clock.js [运行时间：0.020001s][吞吐率：50.00req/s] [内存消耗：1,088.30kb] [文件加载：32]
[ info ] [ LANG ] C:\phpStudy\PHPTutorial\WWW\taoshuTP5\ThinkPHP\thinkphp\lang\zh-cn.php
[ info ] [ ROUTE ] array (
  'type' => 'module',
  'module' => 
  array (
    0 => 'js',
    1 => 'back',
    2 => 'clock.js',
  ),
)
[ info ] [ HEADER ] array (
  'cookie' => 'PHPSESSID=fj3fprcsui8iq8ccj7t9eefnd7',
  'accept-language' => 'zh-CN,zh;q=0.9,en;q=0.8',
  'accept-encoding' => 'gzip, deflate',
  'referer' => 'http://www.taoshutp5.org/admin/violate/addPage',
  'accept' => '*/*',
  'user-agent' => 'Mozilla/5.0 (Windows NT 6.1) AppleWebKit/537.36 (KHTML, like Gecko) Chrome/70.0.3538.110 Safari/537.36',
  'connection' => 'close',
  'host' => 'www.taoshutp5.org',
)
[ info ] [ PARAM ] array (
  '/js/back/clock_js' => '',
)
[ info ] [ LOG ] INIT File
---------------------------------------------------------------
[ 2018-12-28T17:21:41+08:00 ] 127.0.0.1 GET /js/back/clock.js
[ info ] www.taoshutp5.org/js/back/clock.js [运行时间：0.020001s][吞吐率：50.00req/s] [内存消耗：1,088.30kb] [文件加载：32]
[ info ] [ LANG ] C:\phpStudy\PHPTutorial\WWW\taoshuTP5\ThinkPHP\thinkphp\lang\zh-cn.php
[ info ] [ ROUTE ] array (
  'type' => 'module',
  'module' => 
  array (
    0 => 'js',
    1 => 'back',
    2 => 'clock.js',
  ),
)
[ info ] [ HEADER ] array (
  'cookie' => 'PHPSESSID=fj3fprcsui8iq8ccj7t9eefnd7',
  'accept-language' => 'zh-CN,zh;q=0.9,en;q=0.8',
  'accept-encoding' => 'gzip, deflate',
  'referer' => 'http://www.taoshutp5.org/admin/violate/addPage',
  'accept' => '*/*',
  'user-agent' => 'Mozilla/5.0 (Windows NT 6.1) AppleWebKit/537.36 (KHTML, like Gecko) Chrome/70.0.3538.110 Safari/537.36',
  'connection' => 'close',
  'host' => 'www.taoshutp5.org',
)
[ info ] [ PARAM ] array (
  '/js/back/clock_js' => '',
)
[ info ] [ LOG ] INIT File
---------------------------------------------------------------
[ 2018-12-28T17:22:57+08:00 ] 127.0.0.1 GET /js/back/clock.js
[ info ] www.taoshutp5.org/js/back/clock.js [运行时间：0.020001s][吞吐率：50.00req/s] [内存消耗：1,088.41kb] [文件加载：32]
[ info ] [ LANG ] C:\phpStudy\PHPTutorial\WWW\taoshuTP5\ThinkPHP\thinkphp\lang\zh-cn.php
[ info ] [ ROUTE ] array (
  'type' => 'module',
  'module' => 
  array (
    0 => 'js',
    1 => 'back',
    2 => 'clock.js',
  ),
)
[ info ] [ HEADER ] array (
  'cookie' => 'PHPSESSID=fj3fprcsui8iq8ccj7t9eefnd7',
  'accept-language' => 'zh-CN,zh;q=0.9,en;q=0.8',
  'accept-encoding' => 'gzip, deflate',
  'referer' => 'http://www.taoshutp5.org/admin/violate/violateList',
  'accept' => '*/*',
  'user-agent' => 'Mozilla/5.0 (Windows NT 6.1) AppleWebKit/537.36 (KHTML, like Gecko) Chrome/70.0.3538.110 Safari/537.36',
  'connection' => 'close',
  'host' => 'www.taoshutp5.org',
)
[ info ] [ PARAM ] array (
  '/js/back/clock_js' => '',
)
[ info ] [ LOG ] INIT File
---------------------------------------------------------------
[ 2018-12-28T17:23:06+08:00 ] 127.0.0.1 GET /js/back/clock.js
[ info ] www.taoshutp5.org/js/back/clock.js [运行时间：0.021001s][吞吐率：47.62req/s] [内存消耗：1,088.30kb] [文件加载：32]
[ info ] [ LANG ] C:\phpStudy\PHPTutorial\WWW\taoshuTP5\ThinkPHP\thinkphp\lang\zh-cn.php
[ info ] [ ROUTE ] array (
  'type' => 'module',
  'module' => 
  array (
    0 => 'js',
    1 => 'back',
    2 => 'clock.js',
  ),
)
[ info ] [ HEADER ] array (
  'cookie' => 'PHPSESSID=fj3fprcsui8iq8ccj7t9eefnd7',
  'accept-language' => 'zh-CN,zh;q=0.9,en;q=0.8',
  'accept-encoding' => 'gzip, deflate',
  'referer' => 'http://www.taoshutp5.org/admin/violate/addPage',
  'accept' => '*/*',
  'user-agent' => 'Mozilla/5.0 (Windows NT 6.1) AppleWebKit/537.36 (KHTML, like Gecko) Chrome/70.0.3538.110 Safari/537.36',
  'connection' => 'close',
  'host' => 'www.taoshutp5.org',
)
[ info ] [ PARAM ] array (
  '/js/back/clock_js' => '',
)
[ info ] [ LOG ] INIT File
---------------------------------------------------------------
[ 2018-12-28T17:23:16+08:00 ] 127.0.0.1 GET /js/back/clock.js
[ info ] www.taoshutp5.org/js/back/clock.js [运行时间：0.020002s][吞吐率：49.99req/s] [内存消耗：1,088.41kb] [文件加载：32]
[ info ] [ LANG ] C:\phpStudy\PHPTutorial\WWW\taoshuTP5\ThinkPHP\thinkphp\lang\zh-cn.php
[ info ] [ ROUTE ] array (
  'type' => 'module',
  'module' => 
  array (
    0 => 'js',
    1 => 'back',
    2 => 'clock.js',
  ),
)
[ info ] [ HEADER ] array (
  'cookie' => 'PHPSESSID=fj3fprcsui8iq8ccj7t9eefnd7',
  'accept-language' => 'zh-CN,zh;q=0.9,en;q=0.8',
  'accept-encoding' => 'gzip, deflate',
  'referer' => 'http://www.taoshutp5.org/admin/violate/violateList',
  'accept' => '*/*',
  'user-agent' => 'Mozilla/5.0 (Windows NT 6.1) AppleWebKit/537.36 (KHTML, like Gecko) Chrome/70.0.3538.110 Safari/537.36',
  'connection' => 'close',
  'host' => 'www.taoshutp5.org',
)
[ info ] [ PARAM ] array (
  '/js/back/clock_js' => '',
)
[ info ] [ LOG ] INIT File
---------------------------------------------------------------
[ 2018-12-28T17:33:17+08:00 ] 127.0.0.1 GET /js/back/clock.js
[ info ] www.taoshutp5.org/js/back/clock.js [运行时间：0.019001s][吞吐率：52.63req/s] [内存消耗：1,088.41kb] [文件加载：32]
[ info ] [ LANG ] C:\phpStudy\PHPTutorial\WWW\taoshuTP5\ThinkPHP\thinkphp\lang\zh-cn.php
[ info ] [ ROUTE ] array (
  'type' => 'module',
  'module' => 
  array (
    0 => 'js',
    1 => 'back',
    2 => 'clock.js',
  ),
)
[ info ] [ HEADER ] array (
  'cookie' => 'PHPSESSID=fj3fprcsui8iq8ccj7t9eefnd7',
  'accept-language' => 'zh-CN,zh;q=0.9,en;q=0.8',
  'accept-encoding' => 'gzip, deflate',
  'referer' => 'http://www.taoshutp5.org/admin/violate/violateList',
  'accept' => '*/*',
  'user-agent' => 'Mozilla/5.0 (Windows NT 6.1) AppleWebKit/537.36 (KHTML, like Gecko) Chrome/70.0.3538.110 Safari/537.36',
  'connection' => 'close',
  'host' => 'www.taoshutp5.org',
)
[ info ] [ PARAM ] array (
  '/js/back/clock_js' => '',
)
[ info ] [ LOG ] INIT File
---------------------------------------------------------------
[ 2018-12-28T17:37:38+08:00 ] 127.0.0.1 GET /js/back/clock.js
[ info ] www.taoshutp5.org/js/back/clock.js [运行时间：0.021001s][吞吐率：47.62req/s] [内存消耗：1,088.41kb] [文件加载：32]
[ info ] [ LANG ] C:\phpStudy\PHPTutorial\WWW\taoshuTP5\ThinkPHP\thinkphp\lang\zh-cn.php
[ info ] [ ROUTE ] array (
  'type' => 'module',
  'module' => 
  array (
    0 => 'js',
    1 => 'back',
    2 => 'clock.js',
  ),
)
[ info ] [ HEADER ] array (
  'cookie' => 'PHPSESSID=fj3fprcsui8iq8ccj7t9eefnd7',
  'accept-language' => 'zh-CN,zh;q=0.9,en;q=0.8',
  'accept-encoding' => 'gzip, deflate',
  'referer' => 'http://www.taoshutp5.org/admin/violate/violateList',
  'accept' => '*/*',
  'user-agent' => 'Mozilla/5.0 (Windows NT 6.1) AppleWebKit/537.36 (KHTML, like Gecko) Chrome/70.0.3538.110 Safari/537.36',
  'connection' => 'close',
  'host' => 'www.taoshutp5.org',
)
[ info ] [ PARAM ] array (
  '/js/back/clock_js' => '',
)
[ info ] [ LOG ] INIT File
---------------------------------------------------------------
[ 2018-12-28T17:38:12+08:00 ] 127.0.0.1 GET /js/back/clock.js
[ info ] www.taoshutp5.org/js/back/clock.js [运行时间：0.020001s][吞吐率：50.00req/s] [内存消耗：1,088.41kb] [文件加载：32]
[ info ] [ LANG ] C:\phpStudy\PHPTutorial\WWW\taoshuTP5\ThinkPHP\thinkphp\lang\zh-cn.php
[ info ] [ ROUTE ] array (
  'type' => 'module',
  'module' => 
  array (
    0 => 'js',
    1 => 'back',
    2 => 'clock.js',
  ),
)
[ info ] [ HEADER ] array (
  'cookie' => 'PHPSESSID=fj3fprcsui8iq8ccj7t9eefnd7',
  'accept-language' => 'zh-CN,zh;q=0.9,en;q=0.8',
  'accept-encoding' => 'gzip, deflate',
  'referer' => 'http://www.taoshutp5.org/admin/violate/violateList',
  'accept' => '*/*',
  'user-agent' => 'Mozilla/5.0 (Windows NT 6.1) AppleWebKit/537.36 (KHTML, like Gecko) Chrome/70.0.3538.110 Safari/537.36',
  'connection' => 'close',
  'host' => 'www.taoshutp5.org',
)
[ info ] [ PARAM ] array (
  '/js/back/clock_js' => '',
)
[ info ] [ LOG ] INIT File
---------------------------------------------------------------
[ 2018-12-28T17:40:11+08:00 ] 127.0.0.1 GET /js/back/clock.js
[ info ] www.taoshutp5.org/js/back/clock.js [运行时间：0.021001s][吞吐率：47.62req/s] [内存消耗：1,088.41kb] [文件加载：32]
[ info ] [ LANG ] C:\phpStudy\PHPTutorial\WWW\taoshuTP5\ThinkPHP\thinkphp\lang\zh-cn.php
[ info ] [ ROUTE ] array (
  'type' => 'module',
  'module' => 
  array (
    0 => 'js',
    1 => 'back',
    2 => 'clock.js',
  ),
)
[ info ] [ HEADER ] array (
  'cookie' => 'PHPSESSID=fj3fprcsui8iq8ccj7t9eefnd7',
  'accept-language' => 'zh-CN,zh;q=0.9,en;q=0.8',
  'accept-encoding' => 'gzip, deflate',
  'referer' => 'http://www.taoshutp5.org/admin/violate/violateList',
  'accept' => '*/*',
  'user-agent' => 'Mozilla/5.0 (Windows NT 6.1) AppleWebKit/537.36 (KHTML, like Gecko) Chrome/70.0.3538.110 Safari/537.36',
  'connection' => 'close',
  'host' => 'www.taoshutp5.org',
)
[ info ] [ PARAM ] array (
  '/js/back/clock_js' => '',
)
[ info ] [ LOG ] INIT File
---------------------------------------------------------------
[ 2018-12-28T17:40:15+08:00 ] 127.0.0.1 GET /js/back/clock.js
[ info ] www.taoshutp5.org/js/back/clock.js [运行时间：0.021001s][吞吐率：47.62req/s] [内存消耗：1,088.39kb] [文件加载：32]
[ info ] [ LANG ] C:\phpStudy\PHPTutorial\WWW\taoshuTP5\ThinkPHP\thinkphp\lang\zh-cn.php
[ info ] [ ROUTE ] array (
  'type' => 'module',
  'module' => 
  array (
    0 => 'js',
    1 => 'back',
    2 => 'clock.js',
  ),
)
[ info ] [ HEADER ] array (
  'cookie' => 'PHPSESSID=fj3fprcsui8iq8ccj7t9eefnd7',
  'accept-language' => 'zh-CN,zh;q=0.9,en;q=0.8',
  'accept-encoding' => 'gzip, deflate',
  'referer' => 'http://www.taoshutp5.org/admin/user/editPage?user_id=32',
  'accept' => '*/*',
  'user-agent' => 'Mozilla/5.0 (Windows NT 6.1) AppleWebKit/537.36 (KHTML, like Gecko) Chrome/70.0.3538.110 Safari/537.36',
  'connection' => 'close',
  'host' => 'www.taoshutp5.org',
)
[ info ] [ PARAM ] array (
  '/js/back/clock_js' => '',
)
[ info ] [ LOG ] INIT File
---------------------------------------------------------------
[ 2018-12-28T17:40:17+08:00 ] 127.0.0.1 GET /js/back/clock.js
[ info ] www.taoshutp5.org/js/back/clock.js [运行时间：0.023002s][吞吐率：43.47req/s] [内存消耗：1,088.41kb] [文件加载：32]
[ info ] [ LANG ] C:\phpStudy\PHPTutorial\WWW\taoshuTP5\ThinkPHP\thinkphp\lang\zh-cn.php
[ info ] [ ROUTE ] array (
  'type' => 'module',
  'module' => 
  array (
    0 => 'js',
    1 => 'back',
    2 => 'clock.js',
  ),
)
[ info ] [ HEADER ] array (
  'cookie' => 'PHPSESSID=fj3fprcsui8iq8ccj7t9eefnd7',
  'accept-language' => 'zh-CN,zh;q=0.9,en;q=0.8',
  'accept-encoding' => 'gzip, deflate',
  'referer' => 'http://www.taoshutp5.org/admin/violate/violateList',
  'accept' => '*/*',
  'user-agent' => 'Mozilla/5.0 (Windows NT 6.1) AppleWebKit/537.36 (KHTML, like Gecko) Chrome/70.0.3538.110 Safari/537.36',
  'connection' => 'close',
  'host' => 'www.taoshutp5.org',
)
[ info ] [ PARAM ] array (
  '/js/back/clock_js' => '',
)
[ info ] [ LOG ] INIT File
---------------------------------------------------------------
[ 2018-12-28T17:40:21+08:00 ] 127.0.0.1 GET /js/back/clock.js
[ info ] www.taoshutp5.org/js/back/clock.js [运行时间：0.020001s][吞吐率：50.00req/s] [内存消耗：1,088.41kb] [文件加载：32]
[ info ] [ LANG ] C:\phpStudy\PHPTutorial\WWW\taoshuTP5\ThinkPHP\thinkphp\lang\zh-cn.php
[ info ] [ ROUTE ] array (
  'type' => 'module',
  'module' => 
  array (
    0 => 'js',
    1 => 'back',
    2 => 'clock.js',
  ),
)
[ info ] [ HEADER ] array (
  'cookie' => 'PHPSESSID=fj3fprcsui8iq8ccj7t9eefnd7',
  'accept-language' => 'zh-CN,zh;q=0.9,en;q=0.8',
  'accept-encoding' => 'gzip, deflate',
  'referer' => 'http://www.taoshutp5.org/admin/violate/violateList',
  'accept' => '*/*',
  'user-agent' => 'Mozilla/5.0 (Windows NT 6.1) AppleWebKit/537.36 (KHTML, like Gecko) Chrome/70.0.3538.110 Safari/537.36',
  'connection' => 'close',
  'host' => 'www.taoshutp5.org',
)
[ info ] [ PARAM ] array (
  '/js/back/clock_js' => '',
)
[ info ] [ LOG ] INIT File
---------------------------------------------------------------
[ 2018-12-28T17:40:26+08:00 ] 127.0.0.1 GET /js/back/clock.js
[ info ] www.taoshutp5.org/js/back/clock.js [运行时间：0.020001s][吞吐率：50.00req/s] [内存消耗：1,088.41kb] [文件加载：32]
[ info ] [ LANG ] C:\phpStudy\PHPTutorial\WWW\taoshuTP5\ThinkPHP\thinkphp\lang\zh-cn.php
[ info ] [ ROUTE ] array (
  'type' => 'module',
  'module' => 
  array (
    0 => 'js',
    1 => 'back',
    2 => 'clock.js',
  ),
)
[ info ] [ HEADER ] array (
  'cookie' => 'PHPSESSID=fj3fprcsui8iq8ccj7t9eefnd7',
  'accept-language' => 'zh-CN,zh;q=0.9,en;q=0.8',
  'accept-encoding' => 'gzip, deflate',
  'referer' => 'http://www.taoshutp5.org/admin/violate/violateList',
  'accept' => '*/*',
  'user-agent' => 'Mozilla/5.0 (Windows NT 6.1) AppleWebKit/537.36 (KHTML, like Gecko) Chrome/70.0.3538.110 Safari/537.36',
  'connection' => 'close',
  'host' => 'www.taoshutp5.org',
)
[ info ] [ PARAM ] array (
  '/js/back/clock_js' => '',
)
[ info ] [ LOG ] INIT File
---------------------------------------------------------------
[ 2018-12-28T17:43:54+08:00 ] 127.0.0.1 GET /js/back/clock.js
[ info ] www.taoshutp5.org/js/back/clock.js [运行时间：0.021001s][吞吐率：47.62req/s] [内存消耗：1,088.41kb] [文件加载：32]
[ info ] [ LANG ] C:\phpStudy\PHPTutorial\WWW\taoshuTP5\ThinkPHP\thinkphp\lang\zh-cn.php
[ info ] [ ROUTE ] array (
  'type' => 'module',
  'module' => 
  array (
    0 => 'js',
    1 => 'back',
    2 => 'clock.js',
  ),
)
[ info ] [ HEADER ] array (
  'cookie' => 'PHPSESSID=fj3fprcsui8iq8ccj7t9eefnd7',
  'accept-language' => 'zh-CN,zh;q=0.9,en;q=0.8',
  'accept-encoding' => 'gzip, deflate',
  'referer' => 'http://www.taoshutp5.org/admin/violate/violateList',
  'accept' => '*/*',
  'user-agent' => 'Mozilla/5.0 (Windows NT 6.1) AppleWebKit/537.36 (KHTML, like Gecko) Chrome/70.0.3538.110 Safari/537.36',
  'connection' => 'close',
  'host' => 'www.taoshutp5.org',
)
[ info ] [ PARAM ] array (
  '/js/back/clock_js' => '',
)
[ info ] [ LOG ] INIT File
---------------------------------------------------------------
[ 2018-12-28T17:43:56+08:00 ] 127.0.0.1 GET /js/back/clock.js
[ info ] www.taoshutp5.org/js/back/clock.js [运行时间：0.021001s][吞吐率：47.62req/s] [内存消耗：1,088.30kb] [文件加载：32]
[ info ] [ LANG ] C:\phpStudy\PHPTutorial\WWW\taoshuTP5\ThinkPHP\thinkphp\lang\zh-cn.php
[ info ] [ ROUTE ] array (
  'type' => 'module',
  'module' => 
  array (
    0 => 'js',
    1 => 'back',
    2 => 'clock.js',
  ),
)
[ info ] [ HEADER ] array (
  'cookie' => 'PHPSESSID=fj3fprcsui8iq8ccj7t9eefnd7',
  'accept-language' => 'zh-CN,zh;q=0.9,en;q=0.8',
  'accept-encoding' => 'gzip, deflate',
  'referer' => 'http://www.taoshutp5.org/admin/violate/addPage',
  'accept' => '*/*',
  'user-agent' => 'Mozilla/5.0 (Windows NT 6.1) AppleWebKit/537.36 (KHTML, like Gecko) Chrome/70.0.3538.110 Safari/537.36',
  'connection' => 'close',
  'host' => 'www.taoshutp5.org',
)
[ info ] [ PARAM ] array (
  '/js/back/clock_js' => '',
)
[ info ] [ LOG ] INIT File
---------------------------------------------------------------
[ 2018-12-28T17:44:15+08:00 ] 127.0.0.1 GET /js/back/clock.js
[ info ] www.taoshutp5.org/js/back/clock.js [运行时间：0.022001s][吞吐率：45.45req/s] [内存消耗：1,088.41kb] [文件加载：32]
[ info ] [ LANG ] C:\phpStudy\PHPTutorial\WWW\taoshuTP5\ThinkPHP\thinkphp\lang\zh-cn.php
[ info ] [ ROUTE ] array (
  'type' => 'module',
  'module' => 
  array (
    0 => 'js',
    1 => 'back',
    2 => 'clock.js',
  ),
)
[ info ] [ HEADER ] array (
  'cookie' => 'PHPSESSID=fj3fprcsui8iq8ccj7t9eefnd7',
  'accept-language' => 'zh-CN,zh;q=0.9,en;q=0.8',
  'accept-encoding' => 'gzip, deflate',
  'referer' => 'http://www.taoshutp5.org/admin/violate/violateList',
  'accept' => '*/*',
  'user-agent' => 'Mozilla/5.0 (Windows NT 6.1) AppleWebKit/537.36 (KHTML, like Gecko) Chrome/70.0.3538.110 Safari/537.36',
  'connection' => 'close',
  'host' => 'www.taoshutp5.org',
)
[ info ] [ PARAM ] array (
  '/js/back/clock_js' => '',
)
[ info ] [ LOG ] INIT File
---------------------------------------------------------------
[ 2018-12-28T17:45:07+08:00 ] 127.0.0.1 GET /js/back/clock.js
[ info ] www.taoshutp5.org/js/back/clock.js [运行时间：0.023002s][吞吐率：43.47req/s] [内存消耗：1,088.41kb] [文件加载：32]
[ info ] [ LANG ] C:\phpStudy\PHPTutorial\WWW\taoshuTP5\ThinkPHP\thinkphp\lang\zh-cn.php
[ info ] [ ROUTE ] array (
  'type' => 'module',
  'module' => 
  array (
    0 => 'js',
    1 => 'back',
    2 => 'clock.js',
  ),
)
[ info ] [ HEADER ] array (
  'cookie' => 'PHPSESSID=fj3fprcsui8iq8ccj7t9eefnd7',
  'accept-language' => 'zh-CN,zh;q=0.9,en;q=0.8',
  'accept-encoding' => 'gzip, deflate',
  'referer' => 'http://www.taoshutp5.org/admin/violate/violateList',
  'accept' => '*/*',
  'user-agent' => 'Mozilla/5.0 (Windows NT 6.1) AppleWebKit/537.36 (KHTML, like Gecko) Chrome/70.0.3538.110 Safari/537.36',
  'connection' => 'close',
  'host' => 'www.taoshutp5.org',
)
[ info ] [ PARAM ] array (
  '/js/back/clock_js' => '',
)
[ info ] [ LOG ] INIT File
---------------------------------------------------------------
[ 2018-12-28T17:45:17+08:00 ] 127.0.0.1 GET /js/back/clock.js
[ info ] www.taoshutp5.org/js/back/clock.js [运行时间：0.020001s][吞吐率：50.00req/s] [内存消耗：1,088.41kb] [文件加载：32]
[ info ] [ LANG ] C:\phpStudy\PHPTutorial\WWW\taoshuTP5\ThinkPHP\thinkphp\lang\zh-cn.php
[ info ] [ ROUTE ] array (
  'type' => 'module',
  'module' => 
  array (
    0 => 'js',
    1 => 'back',
    2 => 'clock.js',
  ),
)
[ info ] [ HEADER ] array (
  'cookie' => 'PHPSESSID=fj3fprcsui8iq8ccj7t9eefnd7',
  'accept-language' => 'zh-CN,zh;q=0.9,en;q=0.8',
  'accept-encoding' => 'gzip, deflate',
  'referer' => 'http://www.taoshutp5.org/admin/violate/violateList',
  'accept' => '*/*',
  'user-agent' => 'Mozilla/5.0 (Windows NT 6.1) AppleWebKit/537.36 (KHTML, like Gecko) Chrome/70.0.3538.110 Safari/537.36',
  'connection' => 'close',
  'host' => 'www.taoshutp5.org',
)
[ info ] [ PARAM ] array (
  '/js/back/clock_js' => '',
)
[ info ] [ LOG ] INIT File
---------------------------------------------------------------
[ 2018-12-28T17:45:59+08:00 ] 127.0.0.1 GET /js/back/clock.js
[ info ] www.taoshutp5.org/js/back/clock.js [运行时间：0.022001s][吞吐率：45.45req/s] [内存消耗：1,088.41kb] [文件加载：32]
[ info ] [ LANG ] C:\phpStudy\PHPTutorial\WWW\taoshuTP5\ThinkPHP\thinkphp\lang\zh-cn.php
[ info ] [ ROUTE ] array (
  'type' => 'module',
  'module' => 
  array (
    0 => 'js',
    1 => 'back',
    2 => 'clock.js',
  ),
)
[ info ] [ HEADER ] array (
  'cookie' => 'PHPSESSID=fj3fprcsui8iq8ccj7t9eefnd7',
  'accept-language' => 'zh-CN,zh;q=0.9,en;q=0.8',
  'accept-encoding' => 'gzip, deflate',
  'referer' => 'http://www.taoshutp5.org/admin/violate/violateList',
  'accept' => '*/*',
  'user-agent' => 'Mozilla/5.0 (Windows NT 6.1) AppleWebKit/537.36 (KHTML, like Gecko) Chrome/70.0.3538.110 Safari/537.36',
  'connection' => 'close',
  'host' => 'www.taoshutp5.org',
)
[ info ] [ PARAM ] array (
  '/js/back/clock_js' => '',
)
[ info ] [ LOG ] INIT File
---------------------------------------------------------------
[ 2018-12-28T17:46:06+08:00 ] 127.0.0.1 GET /js/back/clock.js
[ info ] www.taoshutp5.org/js/back/clock.js [运行时间：0.022001s][吞吐率：45.45req/s] [内存消耗：1,088.41kb] [文件加载：32]
[ info ] [ LANG ] C:\phpStudy\PHPTutorial\WWW\taoshuTP5\ThinkPHP\thinkphp\lang\zh-cn.php
[ info ] [ ROUTE ] array (
  'type' => 'module',
  'module' => 
  array (
    0 => 'js',
    1 => 'back',
    2 => 'clock.js',
  ),
)
[ info ] [ HEADER ] array (
  'cookie' => 'PHPSESSID=fj3fprcsui8iq8ccj7t9eefnd7',
  'accept-language' => 'zh-CN,zh;q=0.9,en;q=0.8',
  'accept-encoding' => 'gzip, deflate',
  'referer' => 'http://www.taoshutp5.org/admin/violate/violateList',
  'accept' => '*/*',
  'user-agent' => 'Mozilla/5.0 (Windows NT 6.1) AppleWebKit/537.36 (KHTML, like Gecko) Chrome/70.0.3538.110 Safari/537.36',
  'connection' => 'close',
  'host' => 'www.taoshutp5.org',
)
[ info ] [ PARAM ] array (
  '/js/back/clock_js' => '',
)
[ info ] [ LOG ] INIT File
---------------------------------------------------------------
[ 2018-12-28T17:46:43+08:00 ] 127.0.0.1 GET /js/back/clock.js
[ info ] www.taoshutp5.org/js/back/clock.js [运行时间：0.031002s][吞吐率：32.26req/s] [内存消耗：1,088.41kb] [文件加载：32]
[ info ] [ LANG ] C:\phpStudy\PHPTutorial\WWW\taoshuTP5\ThinkPHP\thinkphp\lang\zh-cn.php
[ info ] [ ROUTE ] array (
  'type' => 'module',
  'module' => 
  array (
    0 => 'js',
    1 => 'back',
    2 => 'clock.js',
  ),
)
[ info ] [ HEADER ] array (
  'cookie' => 'PHPSESSID=fj3fprcsui8iq8ccj7t9eefnd7',
  'accept-language' => 'zh-CN,zh;q=0.9,en;q=0.8',
  'accept-encoding' => 'gzip, deflate',
  'referer' => 'http://www.taoshutp5.org/admin/violate/violateList',
  'accept' => '*/*',
  'user-agent' => 'Mozilla/5.0 (Windows NT 6.1) AppleWebKit/537.36 (KHTML, like Gecko) Chrome/70.0.3538.110 Safari/537.36',
  'connection' => 'close',
  'host' => 'www.taoshutp5.org',
)
[ info ] [ PARAM ] array (
  '/js/back/clock_js' => '',
)
[ info ] [ LOG ] INIT File
---------------------------------------------------------------
[ 2018-12-28T17:46:51+08:00 ] 127.0.0.1 GET /js/back/clock.js
[ info ] www.taoshutp5.org/js/back/clock.js [运行时间：0.039002s][吞吐率：25.64req/s] [内存消耗：1,088.41kb] [文件加载：32]
[ info ] [ LANG ] C:\phpStudy\PHPTutorial\WWW\taoshuTP5\ThinkPHP\thinkphp\lang\zh-cn.php
[ info ] [ ROUTE ] array (
  'type' => 'module',
  'module' => 
  array (
    0 => 'js',
    1 => 'back',
    2 => 'clock.js',
  ),
)
[ info ] [ HEADER ] array (
  'cookie' => 'PHPSESSID=fj3fprcsui8iq8ccj7t9eefnd7',
  'accept-language' => 'zh-CN,zh;q=0.9,en;q=0.8',
  'accept-encoding' => 'gzip, deflate',
  'referer' => 'http://www.taoshutp5.org/admin/violate/violateList',
  'accept' => '*/*',
  'user-agent' => 'Mozilla/5.0 (Windows NT 6.1) AppleWebKit/537.36 (KHTML, like Gecko) Chrome/70.0.3538.110 Safari/537.36',
  'connection' => 'close',
  'host' => 'www.taoshutp5.org',
)
[ info ] [ PARAM ] array (
  '/js/back/clock_js' => '',
)
[ info ] [ LOG ] INIT File
---------------------------------------------------------------
[ 2018-12-28T17:46:58+08:00 ] 127.0.0.1 GET /js/back/clock.js
[ info ] www.taoshutp5.org/js/back/clock.js [运行时间：0.032002s][吞吐率：31.25req/s] [内存消耗：1,088.41kb] [文件加载：32]
[ info ] [ LANG ] C:\phpStudy\PHPTutorial\WWW\taoshuTP5\ThinkPHP\thinkphp\lang\zh-cn.php
[ info ] [ ROUTE ] array (
  'type' => 'module',
  'module' => 
  array (
    0 => 'js',
    1 => 'back',
    2 => 'clock.js',
  ),
)
[ info ] [ HEADER ] array (
  'cookie' => 'PHPSESSID=fj3fprcsui8iq8ccj7t9eefnd7',
  'accept-language' => 'zh-CN,zh;q=0.9,en;q=0.8',
  'accept-encoding' => 'gzip, deflate',
  'referer' => 'http://www.taoshutp5.org/admin/violate/violateList',
  'accept' => '*/*',
  'user-agent' => 'Mozilla/5.0 (Windows NT 6.1) AppleWebKit/537.36 (KHTML, like Gecko) Chrome/70.0.3538.110 Safari/537.36',
  'connection' => 'close',
  'host' => 'www.taoshutp5.org',
)
[ info ] [ PARAM ] array (
  '/js/back/clock_js' => '',
)
[ info ] [ LOG ] INIT File
---------------------------------------------------------------
[ 2018-12-28T17:47:34+08:00 ] 127.0.0.1 GET /js/back/clock.js
[ info ] www.taoshutp5.org/js/back/clock.js [运行时间：0.035002s][吞吐率：28.57req/s] [内存消耗：1,088.41kb] [文件加载：32]
[ info ] [ LANG ] C:\phpStudy\PHPTutorial\WWW\taoshuTP5\ThinkPHP\thinkphp\lang\zh-cn.php
[ info ] [ ROUTE ] array (
  'type' => 'module',
  'module' => 
  array (
    0 => 'js',
    1 => 'back',
    2 => 'clock.js',
  ),
)
[ info ] [ HEADER ] array (
  'cookie' => 'PHPSESSID=fj3fprcsui8iq8ccj7t9eefnd7',
  'accept-language' => 'zh-CN,zh;q=0.9,en;q=0.8',
  'accept-encoding' => 'gzip, deflate',
  'referer' => 'http://www.taoshutp5.org/admin/violate/violateList',
  'accept' => '*/*',
  'user-agent' => 'Mozilla/5.0 (Windows NT 6.1) AppleWebKit/537.36 (KHTML, like Gecko) Chrome/70.0.3538.110 Safari/537.36',
  'connection' => 'close',
  'host' => 'www.taoshutp5.org',
)
[ info ] [ PARAM ] array (
  '/js/back/clock_js' => '',
)
[ info ] [ LOG ] INIT File
---------------------------------------------------------------
[ 2018-12-28T17:47:42+08:00 ] 127.0.0.1 GET /js/back/clock.js
[ info ] www.taoshutp5.org/js/back/clock.js [运行时间：0.037002s][吞吐率：27.03req/s] [内存消耗：1,088.41kb] [文件加载：32]
[ info ] [ LANG ] C:\phpStudy\PHPTutorial\WWW\taoshuTP5\ThinkPHP\thinkphp\lang\zh-cn.php
[ info ] [ ROUTE ] array (
  'type' => 'module',
  'module' => 
  array (
    0 => 'js',
    1 => 'back',
    2 => 'clock.js',
  ),
)
[ info ] [ HEADER ] array (
  'cookie' => 'PHPSESSID=fj3fprcsui8iq8ccj7t9eefnd7',
  'accept-language' => 'zh-CN,zh;q=0.9,en;q=0.8',
  'accept-encoding' => 'gzip, deflate',
  'referer' => 'http://www.taoshutp5.org/admin/violate/violateList',
  'accept' => '*/*',
  'user-agent' => 'Mozilla/5.0 (Windows NT 6.1) AppleWebKit/537.36 (KHTML, like Gecko) Chrome/70.0.3538.110 Safari/537.36',
  'connection' => 'close',
  'host' => 'www.taoshutp5.org',
)
[ info ] [ PARAM ] array (
  '/js/back/clock_js' => '',
)
[ info ] [ LOG ] INIT File
