---------------------------------------------------------------
[ 2018-12-29T08:40:34+08:00 ] 127.0.0.1 GET /js/back/clock.js
[ info ] www.taoshutp5.org/js/back/clock.js [运行时间：0.037002s][吞吐率：27.03req/s] [内存消耗：1,088.25kb] [文件加载：32]
[ info ] [ LANG ] C:\phpStudy\PHPTutorial\WWW\taoshuTP5\ThinkPHP\thinkphp\lang\zh-cn.php
[ info ] [ ROUTE ] array (
  'type' => 'module',
  'module' => 
  array (
    0 => 'js',
    1 => 'back',
    2 => 'clock.js',
  ),
)
[ info ] [ HEADER ] array (
  'cookie' => 'PHPSESSID=nhdbivtpt6i07hle5vd7159a41',
  'accept-language' => 'zh-CN,zh;q=0.9,en;q=0.8',
  'accept-encoding' => 'gzip, deflate',
  'referer' => 'http://www.taoshutp5.org/admin/',
  'accept' => '*/*',
  'user-agent' => 'Mozilla/5.0 (Windows NT 6.1) AppleWebKit/537.36 (KHTML, like Gecko) Chrome/70.0.3538.110 Safari/537.36',
  'connection' => 'close',
  'host' => 'www.taoshutp5.org',
)
[ info ] [ PARAM ] array (
  '/js/back/clock_js' => '',
)
[ info ] [ LOG ] INIT File
---------------------------------------------------------------
[ 2018-12-29T08:40:34+08:00 ] 127.0.0.1 GET /js/back/clock.js
[ info ] www.taoshutp5.org/js/back/clock.js [运行时间：0.018001s][吞吐率：55.55req/s] [内存消耗：1,088.26kb] [文件加载：32]
[ info ] [ LANG ] C:\phpStudy\PHPTutorial\WWW\taoshuTP5\ThinkPHP\thinkphp\lang\zh-cn.php
[ info ] [ ROUTE ] array (
  'type' => 'module',
  'module' => 
  array (
    0 => 'js',
    1 => 'back',
    2 => 'clock.js',
  ),
)
[ info ] [ HEADER ] array (
  'cookie' => 'PHPSESSID=nhdbivtpt6i07hle5vd7159a41',
  'accept-language' => 'zh-CN,zh;q=0.9,en;q=0.8',
  'accept-encoding' => 'gzip, deflate',
  'referer' => 'http://www.taoshutp5.org/admin/',
  'accept' => '*/*',
  'user-agent' => 'Mozilla/5.0 (Windows NT 6.1) AppleWebKit/537.36 (KHTML, like Gecko) Chrome/70.0.3538.110 Safari/537.36',
  'connection' => 'close',
  'host' => 'www.taoshutp5.org',
)
[ info ] [ PARAM ] array (
  '/js/back/clock_js' => '',
)
[ info ] [ LOG ] INIT File
---------------------------------------------------------------
[ 2018-12-29T08:40:46+08:00 ] 127.0.0.1 GET /js/back/clock.js
[ info ] www.taoshutp5.org/js/back/clock.js [运行时间：0.019001s][吞吐率：52.63req/s] [内存消耗：1,088.34kb] [文件加载：32]
[ info ] [ LANG ] C:\phpStudy\PHPTutorial\WWW\taoshuTP5\ThinkPHP\thinkphp\lang\zh-cn.php
[ info ] [ ROUTE ] array (
  'type' => 'module',
  'module' => 
  array (
    0 => 'js',
    1 => 'back',
    2 => 'clock.js',
  ),
)
[ info ] [ HEADER ] array (
  'cookie' => 'PHPSESSID=nhdbivtpt6i07hle5vd7159a41',
  'accept-language' => 'zh-CN,zh;q=0.9,en;q=0.8',
  'accept-encoding' => 'gzip, deflate',
  'referer' => 'http://www.taoshutp5.org/admin/index/index',
  'accept' => '*/*',
  'user-agent' => 'Mozilla/5.0 (Windows NT 6.1) AppleWebKit/537.36 (KHTML, like Gecko) Chrome/70.0.3538.110 Safari/537.36',
  'connection' => 'close',
  'host' => 'www.taoshutp5.org',
)
[ info ] [ PARAM ] array (
  '/js/back/clock_js' => '',
)
[ info ] [ LOG ] INIT File
---------------------------------------------------------------
[ 2018-12-29T08:40:49+08:00 ] 127.0.0.1 GET /js/back/clock.js
[ info ] www.taoshutp5.org/js/back/clock.js [运行时间：0.024001s][吞吐率：41.66req/s] [内存消耗：1,088.41kb] [文件加载：32]
[ info ] [ LANG ] C:\phpStudy\PHPTutorial\WWW\taoshuTP5\ThinkPHP\thinkphp\lang\zh-cn.php
[ info ] [ ROUTE ] array (
  'type' => 'module',
  'module' => 
  array (
    0 => 'js',
    1 => 'back',
    2 => 'clock.js',
  ),
)
[ info ] [ HEADER ] array (
  'cookie' => 'PHPSESSID=nhdbivtpt6i07hle5vd7159a41',
  'accept-language' => 'zh-CN,zh;q=0.9,en;q=0.8',
  'accept-encoding' => 'gzip, deflate',
  'referer' => 'http://www.taoshutp5.org/admin/violate/violateList',
  'accept' => '*/*',
  'user-agent' => 'Mozilla/5.0 (Windows NT 6.1) AppleWebKit/537.36 (KHTML, like Gecko) Chrome/70.0.3538.110 Safari/537.36',
  'connection' => 'close',
  'host' => 'www.taoshutp5.org',
)
[ info ] [ PARAM ] array (
  '/js/back/clock_js' => '',
)
[ info ] [ LOG ] INIT File
---------------------------------------------------------------
[ 2018-12-29T08:40:57+08:00 ] 127.0.0.1 GET /js/back/clock.js
[ info ] www.taoshutp5.org/js/back/clock.js [运行时间：0.018001s][吞吐率：55.55req/s] [内存消耗：1,088.30kb] [文件加载：32]
[ info ] [ LANG ] C:\phpStudy\PHPTutorial\WWW\taoshuTP5\ThinkPHP\thinkphp\lang\zh-cn.php
[ info ] [ ROUTE ] array (
  'type' => 'module',
  'module' => 
  array (
    0 => 'js',
    1 => 'back',
    2 => 'clock.js',
  ),
)
[ info ] [ HEADER ] array (
  'cookie' => 'PHPSESSID=nhdbivtpt6i07hle5vd7159a41',
  'accept-language' => 'zh-CN,zh;q=0.9,en;q=0.8',
  'accept-encoding' => 'gzip, deflate',
  'referer' => 'http://www.taoshutp5.org/admin/violate/addPage',
  'accept' => '*/*',
  'user-agent' => 'Mozilla/5.0 (Windows NT 6.1) AppleWebKit/537.36 (KHTML, like Gecko) Chrome/70.0.3538.110 Safari/537.36',
  'connection' => 'close',
  'host' => 'www.taoshutp5.org',
)
[ info ] [ PARAM ] array (
  '/js/back/clock_js' => '',
)
[ info ] [ LOG ] INIT File
---------------------------------------------------------------
[ 2018-12-29T08:42:49+08:00 ] 127.0.0.1 GET /js/back/clock.js
[ info ] www.taoshutp5.org/js/back/clock.js [运行时间：0.027001s][吞吐率：37.04req/s] [内存消耗：1,088.30kb] [文件加载：32]
[ info ] [ LANG ] C:\phpStudy\PHPTutorial\WWW\taoshuTP5\ThinkPHP\thinkphp\lang\zh-cn.php
[ info ] [ ROUTE ] array (
  'type' => 'module',
  'module' => 
  array (
    0 => 'js',
    1 => 'back',
    2 => 'clock.js',
  ),
)
[ info ] [ HEADER ] array (
  'cookie' => 'PHPSESSID=nhdbivtpt6i07hle5vd7159a41',
  'accept-language' => 'zh-CN,zh;q=0.9,en;q=0.8',
  'accept-encoding' => 'gzip, deflate',
  'referer' => 'http://www.taoshutp5.org/admin/violate/addPage',
  'accept' => '*/*',
  'user-agent' => 'Mozilla/5.0 (Windows NT 6.1) AppleWebKit/537.36 (KHTML, like Gecko) Chrome/70.0.3538.110 Safari/537.36',
  'connection' => 'close',
  'host' => 'www.taoshutp5.org',
)
[ info ] [ PARAM ] array (
  '/js/back/clock_js' => '',
)
[ info ] [ LOG ] INIT File
---------------------------------------------------------------
[ 2018-12-29T08:43:03+08:00 ] 127.0.0.1 GET /js/back/clock.js
[ info ] www.taoshutp5.org/js/back/clock.js [运行时间：0.018001s][吞吐率：55.55req/s] [内存消耗：1,088.30kb] [文件加载：32]
[ info ] [ LANG ] C:\phpStudy\PHPTutorial\WWW\taoshuTP5\ThinkPHP\thinkphp\lang\zh-cn.php
[ info ] [ ROUTE ] array (
  'type' => 'module',
  'module' => 
  array (
    0 => 'js',
    1 => 'back',
    2 => 'clock.js',
  ),
)
[ info ] [ HEADER ] array (
  'cookie' => 'PHPSESSID=nhdbivtpt6i07hle5vd7159a41',
  'accept-language' => 'zh-CN,zh;q=0.9,en;q=0.8',
  'accept-encoding' => 'gzip, deflate',
  'referer' => 'http://www.taoshutp5.org/admin/violate/addPage',
  'accept' => '*/*',
  'user-agent' => 'Mozilla/5.0 (Windows NT 6.1) AppleWebKit/537.36 (KHTML, like Gecko) Chrome/70.0.3538.110 Safari/537.36',
  'connection' => 'close',
  'host' => 'www.taoshutp5.org',
)
[ info ] [ PARAM ] array (
  '/js/back/clock_js' => '',
)
[ info ] [ LOG ] INIT File
---------------------------------------------------------------
[ 2018-12-29T08:43:25+08:00 ] 127.0.0.1 GET /js/back/clock.js
[ info ] www.taoshutp5.org/js/back/clock.js [运行时间：0.022002s][吞吐率：45.45req/s] [内存消耗：1,088.30kb] [文件加载：32]
[ info ] [ LANG ] C:\phpStudy\PHPTutorial\WWW\taoshuTP5\ThinkPHP\thinkphp\lang\zh-cn.php
[ info ] [ ROUTE ] array (
  'type' => 'module',
  'module' => 
  array (
    0 => 'js',
    1 => 'back',
    2 => 'clock.js',
  ),
)
[ info ] [ HEADER ] array (
  'cookie' => 'PHPSESSID=nhdbivtpt6i07hle5vd7159a41',
  'accept-language' => 'zh-CN,zh;q=0.9,en;q=0.8',
  'accept-encoding' => 'gzip, deflate',
  'referer' => 'http://www.taoshutp5.org/admin/violate/addPage',
  'accept' => '*/*',
  'user-agent' => 'Mozilla/5.0 (Windows NT 6.1) AppleWebKit/537.36 (KHTML, like Gecko) Chrome/70.0.3538.110 Safari/537.36',
  'connection' => 'close',
  'host' => 'www.taoshutp5.org',
)
[ info ] [ PARAM ] array (
  '/js/back/clock_js' => '',
)
[ info ] [ LOG ] INIT File
---------------------------------------------------------------
[ 2018-12-29T08:44:01+08:00 ] 127.0.0.1 GET /js/back/clock.js
[ info ] www.taoshutp5.org/js/back/clock.js [运行时间：0.018001s][吞吐率：55.55req/s] [内存消耗：1,088.41kb] [文件加载：32]
[ info ] [ LANG ] C:\phpStudy\PHPTutorial\WWW\taoshuTP5\ThinkPHP\thinkphp\lang\zh-cn.php
[ info ] [ ROUTE ] array (
  'type' => 'module',
  'module' => 
  array (
    0 => 'js',
    1 => 'back',
    2 => 'clock.js',
  ),
)
[ info ] [ HEADER ] array (
  'cookie' => 'PHPSESSID=nhdbivtpt6i07hle5vd7159a41',
  'accept-language' => 'zh-CN,zh;q=0.9,en;q=0.8',
  'accept-encoding' => 'gzip, deflate',
  'referer' => 'http://www.taoshutp5.org/admin/violate/violateList',
  'accept' => '*/*',
  'user-agent' => 'Mozilla/5.0 (Windows NT 6.1) AppleWebKit/537.36 (KHTML, like Gecko) Chrome/70.0.3538.110 Safari/537.36',
  'connection' => 'close',
  'host' => 'www.taoshutp5.org',
)
[ info ] [ PARAM ] array (
  '/js/back/clock_js' => '',
)
[ info ] [ LOG ] INIT File
---------------------------------------------------------------
[ 2018-12-29T08:54:58+08:00 ] 127.0.0.1 GET /js/back/clock.js
[ info ] www.taoshutp5.org/js/back/clock.js [运行时间：0.020001s][吞吐率：50.00req/s] [内存消耗：1,088.38kb] [文件加载：32]
[ info ] [ LANG ] C:\phpStudy\PHPTutorial\WWW\taoshuTP5\ThinkPHP\thinkphp\lang\zh-cn.php
[ info ] [ ROUTE ] array (
  'type' => 'module',
  'module' => 
  array (
    0 => 'js',
    1 => 'back',
    2 => 'clock.js',
  ),
)
[ info ] [ HEADER ] array (
  'cookie' => 'PHPSESSID=nhdbivtpt6i07hle5vd7159a41',
  'accept-language' => 'zh-CN,zh;q=0.9,en;q=0.8',
  'accept-encoding' => 'gzip, deflate',
  'referer' => 'http://www.taoshutp5.org/admin/violate/violateList',
  'accept' => '*/*',
  'user-agent' => 'Mozilla/5.0 (Windows NT 6.1) AppleWebKit/537.36 (KHTML, like Gecko) Chrome/70.0.3538.110 Safari/537.36',
  'connection' => 'close',
  'host' => 'www.taoshutp5.org',
)
[ info ] [ PARAM ] array (
  '/js/back/clock_js' => '',
)
[ info ] [ LOG ] INIT File
---------------------------------------------------------------
[ 2018-12-29T08:54:59+08:00 ] 127.0.0.1 GET /js/back/clock.js
[ info ] www.taoshutp5.org/js/back/clock.js [运行时间：0.021002s][吞吐率：47.61req/s] [内存消耗：1,088.30kb] [文件加载：32]
[ info ] [ LANG ] C:\phpStudy\PHPTutorial\WWW\taoshuTP5\ThinkPHP\thinkphp\lang\zh-cn.php
[ info ] [ ROUTE ] array (
  'type' => 'module',
  'module' => 
  array (
    0 => 'js',
    1 => 'back',
    2 => 'clock.js',
  ),
)
[ info ] [ HEADER ] array (
  'cookie' => 'PHPSESSID=nhdbivtpt6i07hle5vd7159a41',
  'accept-language' => 'zh-CN,zh;q=0.9,en;q=0.8',
  'accept-encoding' => 'gzip, deflate',
  'referer' => 'http://www.taoshutp5.org/admin/violate/addPage',
  'accept' => '*/*',
  'user-agent' => 'Mozilla/5.0 (Windows NT 6.1) AppleWebKit/537.36 (KHTML, like Gecko) Chrome/70.0.3538.110 Safari/537.36',
  'connection' => 'close',
  'host' => 'www.taoshutp5.org',
)
[ info ] [ PARAM ] array (
  '/js/back/clock_js' => '',
)
[ info ] [ LOG ] INIT File
---------------------------------------------------------------
[ 2018-12-29T08:55:11+08:00 ] 127.0.0.1 GET /js/back/clock.js
[ info ] www.taoshutp5.org/js/back/clock.js [运行时间：0.020001s][吞吐率：50.00req/s] [内存消耗：1,088.38kb] [文件加载：32]
[ info ] [ LANG ] C:\phpStudy\PHPTutorial\WWW\taoshuTP5\ThinkPHP\thinkphp\lang\zh-cn.php
[ info ] [ ROUTE ] array (
  'type' => 'module',
  'module' => 
  array (
    0 => 'js',
    1 => 'back',
    2 => 'clock.js',
  ),
)
[ info ] [ HEADER ] array (
  'cookie' => 'PHPSESSID=nhdbivtpt6i07hle5vd7159a41',
  'accept-language' => 'zh-CN,zh;q=0.9,en;q=0.8',
  'accept-encoding' => 'gzip, deflate',
  'referer' => 'http://www.taoshutp5.org/admin/violate/violateList',
  'accept' => '*/*',
  'user-agent' => 'Mozilla/5.0 (Windows NT 6.1) AppleWebKit/537.36 (KHTML, like Gecko) Chrome/70.0.3538.110 Safari/537.36',
  'connection' => 'close',
  'host' => 'www.taoshutp5.org',
)
[ info ] [ PARAM ] array (
  '/js/back/clock_js' => '',
)
[ info ] [ LOG ] INIT File
---------------------------------------------------------------
[ 2018-12-29T08:56:12+08:00 ] 127.0.0.1 GET /js/back/clock.js
[ info ] www.taoshutp5.org/js/back/clock.js [运行时间：0.020001s][吞吐率：50.00req/s] [内存消耗：1,088.30kb] [文件加载：32]
[ info ] [ LANG ] C:\phpStudy\PHPTutorial\WWW\taoshuTP5\ThinkPHP\thinkphp\lang\zh-cn.php
[ info ] [ ROUTE ] array (
  'type' => 'module',
  'module' => 
  array (
    0 => 'js',
    1 => 'back',
    2 => 'clock.js',
  ),
)
[ info ] [ HEADER ] array (
  'cookie' => 'PHPSESSID=nhdbivtpt6i07hle5vd7159a41',
  'accept-language' => 'zh-CN,zh;q=0.9,en;q=0.8',
  'accept-encoding' => 'gzip, deflate',
  'referer' => 'http://www.taoshutp5.org/admin/violate/addPage',
  'accept' => '*/*',
  'user-agent' => 'Mozilla/5.0 (Windows NT 6.1) AppleWebKit/537.36 (KHTML, like Gecko) Chrome/70.0.3538.110 Safari/537.36',
  'connection' => 'close',
  'host' => 'www.taoshutp5.org',
)
[ info ] [ PARAM ] array (
  '/js/back/clock_js' => '',
)
[ info ] [ LOG ] INIT File
---------------------------------------------------------------
[ 2018-12-29T09:03:51+08:00 ] 127.0.0.1 GET /js/back/clock.js
[ info ] www.taoshutp5.org/js/back/clock.js [运行时间：0.036002s][吞吐率：27.78req/s] [内存消耗：1,088.30kb] [文件加载：32]
[ info ] [ LANG ] C:\phpStudy\PHPTutorial\WWW\taoshuTP5\ThinkPHP\thinkphp\lang\zh-cn.php
[ info ] [ ROUTE ] array (
  'type' => 'module',
  'module' => 
  array (
    0 => 'js',
    1 => 'back',
    2 => 'clock.js',
  ),
)
[ info ] [ HEADER ] array (
  'cookie' => 'PHPSESSID=nhdbivtpt6i07hle5vd7159a41',
  'accept-language' => 'zh-CN,zh;q=0.9,en;q=0.8',
  'accept-encoding' => 'gzip, deflate',
  'referer' => 'http://www.taoshutp5.org/admin/violate/addPage',
  'accept' => '*/*',
  'user-agent' => 'Mozilla/5.0 (Windows NT 6.1) AppleWebKit/537.36 (KHTML, like Gecko) Chrome/70.0.3538.110 Safari/537.36',
  'connection' => 'close',
  'host' => 'www.taoshutp5.org',
)
[ info ] [ PARAM ] array (
  '/js/back/clock_js' => '',
)
[ info ] [ LOG ] INIT File
---------------------------------------------------------------
[ 2018-12-29T09:03:57+08:00 ] 127.0.0.1 GET /js/back/clock.js
[ info ] www.taoshutp5.org/js/back/clock.js [运行时间：0.034001s][吞吐率：29.41req/s] [内存消耗：1,088.38kb] [文件加载：32]
[ info ] [ LANG ] C:\phpStudy\PHPTutorial\WWW\taoshuTP5\ThinkPHP\thinkphp\lang\zh-cn.php
[ info ] [ ROUTE ] array (
  'type' => 'module',
  'module' => 
  array (
    0 => 'js',
    1 => 'back',
    2 => 'clock.js',
  ),
)
[ info ] [ HEADER ] array (
  'cookie' => 'PHPSESSID=nhdbivtpt6i07hle5vd7159a41',
  'accept-language' => 'zh-CN,zh;q=0.9,en;q=0.8',
  'accept-encoding' => 'gzip, deflate',
  'referer' => 'http://www.taoshutp5.org/admin/violate/violateList',
  'accept' => '*/*',
  'user-agent' => 'Mozilla/5.0 (Windows NT 6.1) AppleWebKit/537.36 (KHTML, like Gecko) Chrome/70.0.3538.110 Safari/537.36',
  'connection' => 'close',
  'host' => 'www.taoshutp5.org',
)
[ info ] [ PARAM ] array (
  '/js/back/clock_js' => '',
)
[ info ] [ LOG ] INIT File
---------------------------------------------------------------
[ 2018-12-29T09:06:12+08:00 ] 127.0.0.1 GET /js/back/clock.js
[ info ] www.taoshutp5.org/js/back/clock.js [运行时间：0.024001s][吞吐率：41.66req/s] [内存消耗：1,088.38kb] [文件加载：32]
[ info ] [ LANG ] C:\phpStudy\PHPTutorial\WWW\taoshuTP5\ThinkPHP\thinkphp\lang\zh-cn.php
[ info ] [ ROUTE ] array (
  'type' => 'module',
  'module' => 
  array (
    0 => 'js',
    1 => 'back',
    2 => 'clock.js',
  ),
)
[ info ] [ HEADER ] array (
  'cookie' => 'PHPSESSID=nhdbivtpt6i07hle5vd7159a41',
  'accept-language' => 'zh-CN,zh;q=0.9,en;q=0.8',
  'accept-encoding' => 'gzip, deflate',
  'referer' => 'http://www.taoshutp5.org/admin/violate/violateList',
  'accept' => '*/*',
  'user-agent' => 'Mozilla/5.0 (Windows NT 6.1) AppleWebKit/537.36 (KHTML, like Gecko) Chrome/70.0.3538.110 Safari/537.36',
  'connection' => 'close',
  'host' => 'www.taoshutp5.org',
)
[ info ] [ PARAM ] array (
  '/js/back/clock_js' => '',
)
[ info ] [ LOG ] INIT File
---------------------------------------------------------------
[ 2018-12-29T09:06:14+08:00 ] 127.0.0.1 GET /js/back/clock.js
[ info ] www.taoshutp5.org/js/back/clock.js [运行时间：0.022001s][吞吐率：45.45req/s] [内存消耗：1,088.30kb] [文件加载：32]
[ info ] [ LANG ] C:\phpStudy\PHPTutorial\WWW\taoshuTP5\ThinkPHP\thinkphp\lang\zh-cn.php
[ info ] [ ROUTE ] array (
  'type' => 'module',
  'module' => 
  array (
    0 => 'js',
    1 => 'back',
    2 => 'clock.js',
  ),
)
[ info ] [ HEADER ] array (
  'cookie' => 'PHPSESSID=nhdbivtpt6i07hle5vd7159a41',
  'accept-language' => 'zh-CN,zh;q=0.9,en;q=0.8',
  'accept-encoding' => 'gzip, deflate',
  'referer' => 'http://www.taoshutp5.org/admin/violate/addPage',
  'accept' => '*/*',
  'user-agent' => 'Mozilla/5.0 (Windows NT 6.1) AppleWebKit/537.36 (KHTML, like Gecko) Chrome/70.0.3538.110 Safari/537.36',
  'connection' => 'close',
  'host' => 'www.taoshutp5.org',
)
[ info ] [ PARAM ] array (
  '/js/back/clock_js' => '',
)
[ info ] [ LOG ] INIT File
---------------------------------------------------------------
[ 2018-12-29T09:06:27+08:00 ] 127.0.0.1 GET /js/back/clock.js
[ info ] www.taoshutp5.org/js/back/clock.js [运行时间：0.021001s][吞吐率：47.62req/s] [内存消耗：1,088.38kb] [文件加载：32]
[ info ] [ LANG ] C:\phpStudy\PHPTutorial\WWW\taoshuTP5\ThinkPHP\thinkphp\lang\zh-cn.php
[ info ] [ ROUTE ] array (
  'type' => 'module',
  'module' => 
  array (
    0 => 'js',
    1 => 'back',
    2 => 'clock.js',
  ),
)
[ info ] [ HEADER ] array (
  'cookie' => 'PHPSESSID=nhdbivtpt6i07hle5vd7159a41',
  'accept-language' => 'zh-CN,zh;q=0.9,en;q=0.8',
  'accept-encoding' => 'gzip, deflate',
  'referer' => 'http://www.taoshutp5.org/admin/violate/violateList',
  'accept' => '*/*',
  'user-agent' => 'Mozilla/5.0 (Windows NT 6.1) AppleWebKit/537.36 (KHTML, like Gecko) Chrome/70.0.3538.110 Safari/537.36',
  'connection' => 'close',
  'host' => 'www.taoshutp5.org',
)
[ info ] [ PARAM ] array (
  '/js/back/clock_js' => '',
)
[ info ] [ LOG ] INIT File
---------------------------------------------------------------
[ 2018-12-29T09:07:09+08:00 ] 127.0.0.1 GET /js/back/clock.js
[ info ] www.taoshutp5.org/js/back/clock.js [运行时间：0.023001s][吞吐率：43.48req/s] [内存消耗：1,088.38kb] [文件加载：32]
[ info ] [ LANG ] C:\phpStudy\PHPTutorial\WWW\taoshuTP5\ThinkPHP\thinkphp\lang\zh-cn.php
[ info ] [ ROUTE ] array (
  'type' => 'module',
  'module' => 
  array (
    0 => 'js',
    1 => 'back',
    2 => 'clock.js',
  ),
)
[ info ] [ HEADER ] array (
  'cookie' => 'PHPSESSID=nhdbivtpt6i07hle5vd7159a41',
  'accept-language' => 'zh-CN,zh;q=0.9,en;q=0.8',
  'accept-encoding' => 'gzip, deflate',
  'referer' => 'http://www.taoshutp5.org/admin/violate/violateList',
  'accept' => '*/*',
  'user-agent' => 'Mozilla/5.0 (Windows NT 6.1) AppleWebKit/537.36 (KHTML, like Gecko) Chrome/70.0.3538.110 Safari/537.36',
  'connection' => 'close',
  'host' => 'www.taoshutp5.org',
)
[ info ] [ PARAM ] array (
  '/js/back/clock_js' => '',
)
[ info ] [ LOG ] INIT File
---------------------------------------------------------------
[ 2018-12-29T09:07:11+08:00 ] 127.0.0.1 GET /js/back/clock.js
[ info ] www.taoshutp5.org/js/back/clock.js [运行时间：0.022001s][吞吐率：45.45req/s] [内存消耗：1,088.30kb] [文件加载：32]
[ info ] [ LANG ] C:\phpStudy\PHPTutorial\WWW\taoshuTP5\ThinkPHP\thinkphp\lang\zh-cn.php
[ info ] [ ROUTE ] array (
  'type' => 'module',
  'module' => 
  array (
    0 => 'js',
    1 => 'back',
    2 => 'clock.js',
  ),
)
[ info ] [ HEADER ] array (
  'cookie' => 'PHPSESSID=nhdbivtpt6i07hle5vd7159a41',
  'accept-language' => 'zh-CN,zh;q=0.9,en;q=0.8',
  'accept-encoding' => 'gzip, deflate',
  'referer' => 'http://www.taoshutp5.org/admin/violate/addPage',
  'accept' => '*/*',
  'user-agent' => 'Mozilla/5.0 (Windows NT 6.1) AppleWebKit/537.36 (KHTML, like Gecko) Chrome/70.0.3538.110 Safari/537.36',
  'connection' => 'close',
  'host' => 'www.taoshutp5.org',
)
[ info ] [ PARAM ] array (
  '/js/back/clock_js' => '',
)
[ info ] [ LOG ] INIT File
---------------------------------------------------------------
[ 2018-12-29T09:07:17+08:00 ] 127.0.0.1 GET /js/back/clock.js
[ info ] www.taoshutp5.org/js/back/clock.js [运行时间：0.022001s][吞吐率：45.45req/s] [内存消耗：1,088.38kb] [文件加载：32]
[ info ] [ LANG ] C:\phpStudy\PHPTutorial\WWW\taoshuTP5\ThinkPHP\thinkphp\lang\zh-cn.php
[ info ] [ ROUTE ] array (
  'type' => 'module',
  'module' => 
  array (
    0 => 'js',
    1 => 'back',
    2 => 'clock.js',
  ),
)
[ info ] [ HEADER ] array (
  'cookie' => 'PHPSESSID=nhdbivtpt6i07hle5vd7159a41',
  'accept-language' => 'zh-CN,zh;q=0.9,en;q=0.8',
  'accept-encoding' => 'gzip, deflate',
  'referer' => 'http://www.taoshutp5.org/admin/violate/violateList',
  'accept' => '*/*',
  'user-agent' => 'Mozilla/5.0 (Windows NT 6.1) AppleWebKit/537.36 (KHTML, like Gecko) Chrome/70.0.3538.110 Safari/537.36',
  'connection' => 'close',
  'host' => 'www.taoshutp5.org',
)
[ info ] [ PARAM ] array (
  '/js/back/clock_js' => '',
)
[ info ] [ LOG ] INIT File
---------------------------------------------------------------
[ 2018-12-29T09:07:29+08:00 ] 127.0.0.1 GET /js/back/clock.js
[ info ] www.taoshutp5.org/js/back/clock.js [运行时间：0.024002s][吞吐率：41.66req/s] [内存消耗：1,088.30kb] [文件加载：32]
[ info ] [ LANG ] C:\phpStudy\PHPTutorial\WWW\taoshuTP5\ThinkPHP\thinkphp\lang\zh-cn.php
[ info ] [ ROUTE ] array (
  'type' => 'module',
  'module' => 
  array (
    0 => 'js',
    1 => 'back',
    2 => 'clock.js',
  ),
)
[ info ] [ HEADER ] array (
  'cookie' => 'PHPSESSID=nhdbivtpt6i07hle5vd7159a41',
  'accept-language' => 'zh-CN,zh;q=0.9,en;q=0.8',
  'accept-encoding' => 'gzip, deflate',
  'referer' => 'http://www.taoshutp5.org/admin/violate/addPage',
  'accept' => '*/*',
  'user-agent' => 'Mozilla/5.0 (Windows NT 6.1) AppleWebKit/537.36 (KHTML, like Gecko) Chrome/70.0.3538.110 Safari/537.36',
  'connection' => 'close',
  'host' => 'www.taoshutp5.org',
)
[ info ] [ PARAM ] array (
  '/js/back/clock_js' => '',
)
[ info ] [ LOG ] INIT File
---------------------------------------------------------------
[ 2018-12-29T09:07:41+08:00 ] 127.0.0.1 GET /js/back/clock.js
[ info ] www.taoshutp5.org/js/back/clock.js [运行时间：0.023002s][吞吐率：43.47req/s] [内存消耗：1,088.38kb] [文件加载：32]
[ info ] [ LANG ] C:\phpStudy\PHPTutorial\WWW\taoshuTP5\ThinkPHP\thinkphp\lang\zh-cn.php
[ info ] [ ROUTE ] array (
  'type' => 'module',
  'module' => 
  array (
    0 => 'js',
    1 => 'back',
    2 => 'clock.js',
  ),
)
[ info ] [ HEADER ] array (
  'cookie' => 'PHPSESSID=nhdbivtpt6i07hle5vd7159a41',
  'accept-language' => 'zh-CN,zh;q=0.9,en;q=0.8',
  'accept-encoding' => 'gzip, deflate',
  'referer' => 'http://www.taoshutp5.org/admin/violate/violateList',
  'accept' => '*/*',
  'user-agent' => 'Mozilla/5.0 (Windows NT 6.1) AppleWebKit/537.36 (KHTML, like Gecko) Chrome/70.0.3538.110 Safari/537.36',
  'connection' => 'close',
  'host' => 'www.taoshutp5.org',
)
[ info ] [ PARAM ] array (
  '/js/back/clock_js' => '',
)
[ info ] [ LOG ] INIT File
---------------------------------------------------------------
[ 2018-12-29T09:07:54+08:00 ] 127.0.0.1 GET /js/back/clock.js
[ info ] www.taoshutp5.org/js/back/clock.js [运行时间：0.022001s][吞吐率：45.45req/s] [内存消耗：1,088.30kb] [文件加载：32]
[ info ] [ LANG ] C:\phpStudy\PHPTutorial\WWW\taoshuTP5\ThinkPHP\thinkphp\lang\zh-cn.php
[ info ] [ ROUTE ] array (
  'type' => 'module',
  'module' => 
  array (
    0 => 'js',
    1 => 'back',
    2 => 'clock.js',
  ),
)
[ info ] [ HEADER ] array (
  'cookie' => 'PHPSESSID=nhdbivtpt6i07hle5vd7159a41',
  'accept-language' => 'zh-CN,zh;q=0.9,en;q=0.8',
  'accept-encoding' => 'gzip, deflate',
  'referer' => 'http://www.taoshutp5.org/admin/violate/addPage',
  'accept' => '*/*',
  'user-agent' => 'Mozilla/5.0 (Windows NT 6.1) AppleWebKit/537.36 (KHTML, like Gecko) Chrome/70.0.3538.110 Safari/537.36',
  'connection' => 'close',
  'host' => 'www.taoshutp5.org',
)
[ info ] [ PARAM ] array (
  '/js/back/clock_js' => '',
)
[ info ] [ LOG ] INIT File
---------------------------------------------------------------
[ 2018-12-29T09:08:00+08:00 ] 127.0.0.1 GET /js/back/clock.js
[ info ] www.taoshutp5.org/js/back/clock.js [运行时间：0.023001s][吞吐率：43.48req/s] [内存消耗：1,088.38kb] [文件加载：32]
[ info ] [ LANG ] C:\phpStudy\PHPTutorial\WWW\taoshuTP5\ThinkPHP\thinkphp\lang\zh-cn.php
[ info ] [ ROUTE ] array (
  'type' => 'module',
  'module' => 
  array (
    0 => 'js',
    1 => 'back',
    2 => 'clock.js',
  ),
)
[ info ] [ HEADER ] array (
  'cookie' => 'PHPSESSID=nhdbivtpt6i07hle5vd7159a41',
  'accept-language' => 'zh-CN,zh;q=0.9,en;q=0.8',
  'accept-encoding' => 'gzip, deflate',
  'referer' => 'http://www.taoshutp5.org/admin/violate/violateList',
  'accept' => '*/*',
  'user-agent' => 'Mozilla/5.0 (Windows NT 6.1) AppleWebKit/537.36 (KHTML, like Gecko) Chrome/70.0.3538.110 Safari/537.36',
  'connection' => 'close',
  'host' => 'www.taoshutp5.org',
)
[ info ] [ PARAM ] array (
  '/js/back/clock_js' => '',
)
[ info ] [ LOG ] INIT File
---------------------------------------------------------------
[ 2018-12-29T09:08:07+08:00 ] 127.0.0.1 GET /js/back/clock.js
[ info ] www.taoshutp5.org/js/back/clock.js [运行时间：0.022002s][吞吐率：45.45req/s] [内存消耗：1,088.30kb] [文件加载：32]
[ info ] [ LANG ] C:\phpStudy\PHPTutorial\WWW\taoshuTP5\ThinkPHP\thinkphp\lang\zh-cn.php
[ info ] [ ROUTE ] array (
  'type' => 'module',
  'module' => 
  array (
    0 => 'js',
    1 => 'back',
    2 => 'clock.js',
  ),
)
[ info ] [ HEADER ] array (
  'cookie' => 'PHPSESSID=nhdbivtpt6i07hle5vd7159a41',
  'accept-language' => 'zh-CN,zh;q=0.9,en;q=0.8',
  'accept-encoding' => 'gzip, deflate',
  'referer' => 'http://www.taoshutp5.org/admin/violate/addPage',
  'accept' => '*/*',
  'user-agent' => 'Mozilla/5.0 (Windows NT 6.1) AppleWebKit/537.36 (KHTML, like Gecko) Chrome/70.0.3538.110 Safari/537.36',
  'connection' => 'close',
  'host' => 'www.taoshutp5.org',
)
[ info ] [ PARAM ] array (
  '/js/back/clock_js' => '',
)
[ info ] [ LOG ] INIT File
---------------------------------------------------------------
[ 2018-12-29T09:08:12+08:00 ] 127.0.0.1 GET /js/back/clock.js
[ info ] www.taoshutp5.org/js/back/clock.js [运行时间：0.023001s][吞吐率：43.48req/s] [内存消耗：1,088.38kb] [文件加载：32]
[ info ] [ LANG ] C:\phpStudy\PHPTutorial\WWW\taoshuTP5\ThinkPHP\thinkphp\lang\zh-cn.php
[ info ] [ ROUTE ] array (
  'type' => 'module',
  'module' => 
  array (
    0 => 'js',
    1 => 'back',
    2 => 'clock.js',
  ),
)
[ info ] [ HEADER ] array (
  'cookie' => 'PHPSESSID=nhdbivtpt6i07hle5vd7159a41',
  'accept-language' => 'zh-CN,zh;q=0.9,en;q=0.8',
  'accept-encoding' => 'gzip, deflate',
  'referer' => 'http://www.taoshutp5.org/admin/violate/violateList',
  'accept' => '*/*',
  'user-agent' => 'Mozilla/5.0 (Windows NT 6.1) AppleWebKit/537.36 (KHTML, like Gecko) Chrome/70.0.3538.110 Safari/537.36',
  'connection' => 'close',
  'host' => 'www.taoshutp5.org',
)
[ info ] [ PARAM ] array (
  '/js/back/clock_js' => '',
)
[ info ] [ LOG ] INIT File
---------------------------------------------------------------
[ 2018-12-29T09:08:16+08:00 ] 127.0.0.1 GET /js/back/clock.js
[ info ] www.taoshutp5.org/js/back/clock.js [运行时间：0.024001s][吞吐率：41.67req/s] [内存消耗：1,088.30kb] [文件加载：32]
[ info ] [ LANG ] C:\phpStudy\PHPTutorial\WWW\taoshuTP5\ThinkPHP\thinkphp\lang\zh-cn.php
[ info ] [ ROUTE ] array (
  'type' => 'module',
  'module' => 
  array (
    0 => 'js',
    1 => 'back',
    2 => 'clock.js',
  ),
)
[ info ] [ HEADER ] array (
  'cookie' => 'PHPSESSID=nhdbivtpt6i07hle5vd7159a41',
  'accept-language' => 'zh-CN,zh;q=0.9,en;q=0.8',
  'accept-encoding' => 'gzip, deflate',
  'referer' => 'http://www.taoshutp5.org/admin/violate/addPage',
  'accept' => '*/*',
  'user-agent' => 'Mozilla/5.0 (Windows NT 6.1) AppleWebKit/537.36 (KHTML, like Gecko) Chrome/70.0.3538.110 Safari/537.36',
  'connection' => 'close',
  'host' => 'www.taoshutp5.org',
)
[ info ] [ PARAM ] array (
  '/js/back/clock_js' => '',
)
[ info ] [ LOG ] INIT File
---------------------------------------------------------------
[ 2018-12-29T09:08:24+08:00 ] 127.0.0.1 GET /js/back/clock.js
[ info ] www.taoshutp5.org/js/back/clock.js [运行时间：0.022001s][吞吐率：45.45req/s] [内存消耗：1,088.38kb] [文件加载：32]
[ info ] [ LANG ] C:\phpStudy\PHPTutorial\WWW\taoshuTP5\ThinkPHP\thinkphp\lang\zh-cn.php
[ info ] [ ROUTE ] array (
  'type' => 'module',
  'module' => 
  array (
    0 => 'js',
    1 => 'back',
    2 => 'clock.js',
  ),
)
[ info ] [ HEADER ] array (
  'cookie' => 'PHPSESSID=nhdbivtpt6i07hle5vd7159a41',
  'accept-language' => 'zh-CN,zh;q=0.9,en;q=0.8',
  'accept-encoding' => 'gzip, deflate',
  'referer' => 'http://www.taoshutp5.org/admin/violate/violateList',
  'accept' => '*/*',
  'user-agent' => 'Mozilla/5.0 (Windows NT 6.1) AppleWebKit/537.36 (KHTML, like Gecko) Chrome/70.0.3538.110 Safari/537.36',
  'connection' => 'close',
  'host' => 'www.taoshutp5.org',
)
[ info ] [ PARAM ] array (
  '/js/back/clock_js' => '',
)
[ info ] [ LOG ] INIT File
---------------------------------------------------------------
[ 2018-12-29T09:08:32+08:00 ] 127.0.0.1 GET /js/back/clock.js
[ info ] www.taoshutp5.org/js/back/clock.js [运行时间：0.027001s][吞吐率：37.04req/s] [内存消耗：1,088.38kb] [文件加载：32]
[ info ] [ LANG ] C:\phpStudy\PHPTutorial\WWW\taoshuTP5\ThinkPHP\thinkphp\lang\zh-cn.php
[ info ] [ ROUTE ] array (
  'type' => 'module',
  'module' => 
  array (
    0 => 'js',
    1 => 'back',
    2 => 'clock.js',
  ),
)
[ info ] [ HEADER ] array (
  'cookie' => 'PHPSESSID=nhdbivtpt6i07hle5vd7159a41',
  'accept-language' => 'zh-CN,zh;q=0.9,en;q=0.8',
  'accept-encoding' => 'gzip, deflate',
  'referer' => 'http://www.taoshutp5.org/admin/violate/violateList',
  'accept' => '*/*',
  'user-agent' => 'Mozilla/5.0 (Windows NT 6.1) AppleWebKit/537.36 (KHTML, like Gecko) Chrome/70.0.3538.110 Safari/537.36',
  'connection' => 'close',
  'host' => 'www.taoshutp5.org',
)
[ info ] [ PARAM ] array (
  '/js/back/clock_js' => '',
)
[ info ] [ LOG ] INIT File
---------------------------------------------------------------
[ 2018-12-29T09:08:44+08:00 ] 127.0.0.1 GET /js/back/clock.js
[ info ] www.taoshutp5.org/js/back/clock.js [运行时间：0.025001s][吞吐率：40.00req/s] [内存消耗：1,088.30kb] [文件加载：32]
[ info ] [ LANG ] C:\phpStudy\PHPTutorial\WWW\taoshuTP5\ThinkPHP\thinkphp\lang\zh-cn.php
[ info ] [ ROUTE ] array (
  'type' => 'module',
  'module' => 
  array (
    0 => 'js',
    1 => 'back',
    2 => 'clock.js',
  ),
)
[ info ] [ HEADER ] array (
  'cookie' => 'PHPSESSID=nhdbivtpt6i07hle5vd7159a41',
  'accept-language' => 'zh-CN,zh;q=0.9,en;q=0.8',
  'accept-encoding' => 'gzip, deflate',
  'referer' => 'http://www.taoshutp5.org/admin/violate/addPage',
  'accept' => '*/*',
  'user-agent' => 'Mozilla/5.0 (Windows NT 6.1) AppleWebKit/537.36 (KHTML, like Gecko) Chrome/70.0.3538.110 Safari/537.36',
  'connection' => 'close',
  'host' => 'www.taoshutp5.org',
)
[ info ] [ PARAM ] array (
  '/js/back/clock_js' => '',
)
[ info ] [ LOG ] INIT File
---------------------------------------------------------------
[ 2018-12-29T09:09:22+08:00 ] 127.0.0.1 GET /js/back/clock.js
[ info ] www.taoshutp5.org/js/back/clock.js [运行时间：0.022001s][吞吐率：45.45req/s] [内存消耗：1,088.30kb] [文件加载：32]
[ info ] [ LANG ] C:\phpStudy\PHPTutorial\WWW\taoshuTP5\ThinkPHP\thinkphp\lang\zh-cn.php
[ info ] [ ROUTE ] array (
  'type' => 'module',
  'module' => 
  array (
    0 => 'js',
    1 => 'back',
    2 => 'clock.js',
  ),
)
[ info ] [ HEADER ] array (
  'cookie' => 'PHPSESSID=nhdbivtpt6i07hle5vd7159a41',
  'accept-language' => 'zh-CN,zh;q=0.9,en;q=0.8',
  'accept-encoding' => 'gzip, deflate',
  'referer' => 'http://www.taoshutp5.org/admin/violate/addPage',
  'accept' => '*/*',
  'user-agent' => 'Mozilla/5.0 (Windows NT 6.1) AppleWebKit/537.36 (KHTML, like Gecko) Chrome/70.0.3538.110 Safari/537.36',
  'connection' => 'close',
  'host' => 'www.taoshutp5.org',
)
[ info ] [ PARAM ] array (
  '/js/back/clock_js' => '',
)
[ info ] [ LOG ] INIT File
---------------------------------------------------------------
[ 2018-12-29T09:10:29+08:00 ] 127.0.0.1 GET /js/back/clock.js
[ info ] www.taoshutp5.org/js/back/clock.js [运行时间：0.031002s][吞吐率：32.26req/s] [内存消耗：1,088.30kb] [文件加载：32]
[ info ] [ LANG ] C:\phpStudy\PHPTutorial\WWW\taoshuTP5\ThinkPHP\thinkphp\lang\zh-cn.php
[ info ] [ ROUTE ] array (
  'type' => 'module',
  'module' => 
  array (
    0 => 'js',
    1 => 'back',
    2 => 'clock.js',
  ),
)
[ info ] [ HEADER ] array (
  'cookie' => 'PHPSESSID=nhdbivtpt6i07hle5vd7159a41',
  'accept-language' => 'zh-CN,zh;q=0.9,en;q=0.8',
  'accept-encoding' => 'gzip, deflate',
  'referer' => 'http://www.taoshutp5.org/admin/violate/addPage',
  'accept' => '*/*',
  'user-agent' => 'Mozilla/5.0 (Windows NT 6.1) AppleWebKit/537.36 (KHTML, like Gecko) Chrome/70.0.3538.110 Safari/537.36',
  'connection' => 'close',
  'host' => 'www.taoshutp5.org',
)
[ info ] [ PARAM ] array (
  '/js/back/clock_js' => '',
)
[ info ] [ LOG ] INIT File
---------------------------------------------------------------
[ 2018-12-29T09:11:39+08:00 ] 127.0.0.1 GET /js/back/clock.js
[ info ] www.taoshutp5.org/js/back/clock.js [运行时间：0.035002s][吞吐率：28.57req/s] [内存消耗：1,088.38kb] [文件加载：32]
[ info ] [ LANG ] C:\phpStudy\PHPTutorial\WWW\taoshuTP5\ThinkPHP\thinkphp\lang\zh-cn.php
[ info ] [ ROUTE ] array (
  'type' => 'module',
  'module' => 
  array (
    0 => 'js',
    1 => 'back',
    2 => 'clock.js',
  ),
)
[ info ] [ HEADER ] array (
  'cookie' => 'PHPSESSID=nhdbivtpt6i07hle5vd7159a41',
  'accept-language' => 'zh-CN,zh;q=0.9,en;q=0.8',
  'accept-encoding' => 'gzip, deflate',
  'referer' => 'http://www.taoshutp5.org/admin/violate/violateList',
  'accept' => '*/*',
  'user-agent' => 'Mozilla/5.0 (Windows NT 6.1) AppleWebKit/537.36 (KHTML, like Gecko) Chrome/70.0.3538.110 Safari/537.36',
  'connection' => 'close',
  'host' => 'www.taoshutp5.org',
)
[ info ] [ PARAM ] array (
  '/js/back/clock_js' => '',
)
[ info ] [ LOG ] INIT File
---------------------------------------------------------------
[ 2018-12-29T09:11:43+08:00 ] 127.0.0.1 GET /js/back/clock.js
[ info ] www.taoshutp5.org/js/back/clock.js [运行时间：0.032002s][吞吐率：31.25req/s] [内存消耗：1,088.30kb] [文件加载：32]
[ info ] [ LANG ] C:\phpStudy\PHPTutorial\WWW\taoshuTP5\ThinkPHP\thinkphp\lang\zh-cn.php
[ info ] [ ROUTE ] array (
  'type' => 'module',
  'module' => 
  array (
    0 => 'js',
    1 => 'back',
    2 => 'clock.js',
  ),
)
[ info ] [ HEADER ] array (
  'cookie' => 'PHPSESSID=nhdbivtpt6i07hle5vd7159a41',
  'accept-language' => 'zh-CN,zh;q=0.9,en;q=0.8',
  'accept-encoding' => 'gzip, deflate',
  'referer' => 'http://www.taoshutp5.org/admin/violate/addPage',
  'accept' => '*/*',
  'user-agent' => 'Mozilla/5.0 (Windows NT 6.1) AppleWebKit/537.36 (KHTML, like Gecko) Chrome/70.0.3538.110 Safari/537.36',
  'connection' => 'close',
  'host' => 'www.taoshutp5.org',
)
[ info ] [ PARAM ] array (
  '/js/back/clock_js' => '',
)
[ info ] [ LOG ] INIT File
---------------------------------------------------------------
[ 2018-12-29T09:11:50+08:00 ] 127.0.0.1 GET /js/back/clock.js
[ info ] www.taoshutp5.org/js/back/clock.js [运行时间：0.032002s][吞吐率：31.25req/s] [内存消耗：1,088.38kb] [文件加载：32]
[ info ] [ LANG ] C:\phpStudy\PHPTutorial\WWW\taoshuTP5\ThinkPHP\thinkphp\lang\zh-cn.php
[ info ] [ ROUTE ] array (
  'type' => 'module',
  'module' => 
  array (
    0 => 'js',
    1 => 'back',
    2 => 'clock.js',
  ),
)
[ info ] [ HEADER ] array (
  'cookie' => 'PHPSESSID=nhdbivtpt6i07hle5vd7159a41',
  'accept-language' => 'zh-CN,zh;q=0.9,en;q=0.8',
  'accept-encoding' => 'gzip, deflate',
  'referer' => 'http://www.taoshutp5.org/admin/violate/violateList',
  'accept' => '*/*',
  'user-agent' => 'Mozilla/5.0 (Windows NT 6.1) AppleWebKit/537.36 (KHTML, like Gecko) Chrome/70.0.3538.110 Safari/537.36',
  'connection' => 'close',
  'host' => 'www.taoshutp5.org',
)
[ info ] [ PARAM ] array (
  '/js/back/clock_js' => '',
)
[ info ] [ LOG ] INIT File
---------------------------------------------------------------
[ 2018-12-29T09:11:57+08:00 ] 127.0.0.1 GET /js/back/clock.js
[ info ] www.taoshutp5.org/js/back/clock.js [运行时间：0.032002s][吞吐率：31.25req/s] [内存消耗：1,088.38kb] [文件加载：32]
[ info ] [ LANG ] C:\phpStudy\PHPTutorial\WWW\taoshuTP5\ThinkPHP\thinkphp\lang\zh-cn.php
[ info ] [ ROUTE ] array (
  'type' => 'module',
  'module' => 
  array (
    0 => 'js',
    1 => 'back',
    2 => 'clock.js',
  ),
)
[ info ] [ HEADER ] array (
  'cookie' => 'PHPSESSID=nhdbivtpt6i07hle5vd7159a41',
  'accept-language' => 'zh-CN,zh;q=0.9,en;q=0.8',
  'accept-encoding' => 'gzip, deflate',
  'referer' => 'http://www.taoshutp5.org/admin/violate/violateList',
  'accept' => '*/*',
  'user-agent' => 'Mozilla/5.0 (Windows NT 6.1) AppleWebKit/537.36 (KHTML, like Gecko) Chrome/70.0.3538.110 Safari/537.36',
  'connection' => 'close',
  'host' => 'www.taoshutp5.org',
)
[ info ] [ PARAM ] array (
  '/js/back/clock_js' => '',
)
[ info ] [ LOG ] INIT File
---------------------------------------------------------------
[ 2018-12-29T09:11:59+08:00 ] 127.0.0.1 GET /js/back/clock.js
[ info ] www.taoshutp5.org/js/back/clock.js [运行时间：0.031002s][吞吐率：32.26req/s] [内存消耗：1,088.30kb] [文件加载：32]
[ info ] [ LANG ] C:\phpStudy\PHPTutorial\WWW\taoshuTP5\ThinkPHP\thinkphp\lang\zh-cn.php
[ info ] [ ROUTE ] array (
  'type' => 'module',
  'module' => 
  array (
    0 => 'js',
    1 => 'back',
    2 => 'clock.js',
  ),
)
[ info ] [ HEADER ] array (
  'cookie' => 'PHPSESSID=nhdbivtpt6i07hle5vd7159a41',
  'accept-language' => 'zh-CN,zh;q=0.9,en;q=0.8',
  'accept-encoding' => 'gzip, deflate',
  'referer' => 'http://www.taoshutp5.org/admin/violate/addPage',
  'accept' => '*/*',
  'user-agent' => 'Mozilla/5.0 (Windows NT 6.1) AppleWebKit/537.36 (KHTML, like Gecko) Chrome/70.0.3538.110 Safari/537.36',
  'connection' => 'close',
  'host' => 'www.taoshutp5.org',
)
[ info ] [ PARAM ] array (
  '/js/back/clock_js' => '',
)
[ info ] [ LOG ] INIT File
---------------------------------------------------------------
[ 2018-12-29T09:12:04+08:00 ] 127.0.0.1 GET /js/back/clock.js
[ info ] www.taoshutp5.org/js/back/clock.js [运行时间：0.034002s][吞吐率：29.41req/s] [内存消耗：1,088.38kb] [文件加载：32]
[ info ] [ LANG ] C:\phpStudy\PHPTutorial\WWW\taoshuTP5\ThinkPHP\thinkphp\lang\zh-cn.php
[ info ] [ ROUTE ] array (
  'type' => 'module',
  'module' => 
  array (
    0 => 'js',
    1 => 'back',
    2 => 'clock.js',
  ),
)
[ info ] [ HEADER ] array (
  'cookie' => 'PHPSESSID=nhdbivtpt6i07hle5vd7159a41',
  'accept-language' => 'zh-CN,zh;q=0.9,en;q=0.8',
  'accept-encoding' => 'gzip, deflate',
  'referer' => 'http://www.taoshutp5.org/admin/violate/violateList',
  'accept' => '*/*',
  'user-agent' => 'Mozilla/5.0 (Windows NT 6.1) AppleWebKit/537.36 (KHTML, like Gecko) Chrome/70.0.3538.110 Safari/537.36',
  'connection' => 'close',
  'host' => 'www.taoshutp5.org',
)
[ info ] [ PARAM ] array (
  '/js/back/clock_js' => '',
)
[ info ] [ LOG ] INIT File
