---------------------------------------------------------------
[2018-12-28T14:56:19+08:00] 127.0.0.1 GET /admin/user/userList
[ info ] www.taoshutp5.org/admin/user/userList [运行时间：0.045002s][吞吐率：22.22req/s] [内存消耗：2,069.89kb] [文件加载：50]
[ info ] [ LANG ] C:\phpStudy\PHPTutorial\WWW\taoshuTP5\ThinkPHP\thinkphp\lang\zh-cn.php
[ info ] [ ROUTE ] array (
  'type' => 'module',
  'module' => 
  array (
    0 => 'admin',
    1 => 'user',
    2 => 'userList',
  ),
)
[ info ] [ HEADER ] array (
  'cookie' => 'PHPSESSID=fj3fprcsui8iq8ccj7t9eefnd7',
  'accept-language' => 'zh-CN,zh;q=0.9,en;q=0.8',
  'accept-encoding' => 'gzip, deflate',
  'referer' => 'http://www.taoshutp5.org/admin/user/userList',
  'accept' => 'text/html,application/xhtml+xml,application/xml;q=0.9,image/webp,image/apng,*/*;q=0.8',
  'user-agent' => 'Mozilla/5.0 (Windows NT 6.1) AppleWebKit/537.36 (KHTML, like Gecko) Chrome/70.0.3538.110 Safari/537.36',
  'upgrade-insecure-requests' => '1',
  'connection' => 'close',
  'host' => 'www.taoshutp5.org',
)
[ info ] [ PARAM ] array (
  '/admin/user/userList' => '',
)
[ info ] [ SESSION ] INIT array (
  'id' => '',
  'var_session_id' => '',
  'prefix' => 'think',
  'type' => '',
  'auto_start' => true,
  'httponly' => true,
  'secure' => false,
)
[ info ] [ RUN ] app\admin\controller\User->userList[ C:\phpStudy\PHPTutorial\WWW\taoshuTP5\ThinkPHP\application\admin\controller\User.php ]
[ info ] [ DB ] INIT mysql
[ info ] [ VIEW ] C:\phpStudy\PHPTutorial\WWW\taoshuTP5\ThinkPHP\public/../application/admin\view\user\userList.html [ array (
  0 => 'userList',
  1 => 'userNumber',
) ]
[ info ] [ LOG ] INIT File
[ notice ] 测试日志信息，这是警告级别
---------------------------------------------------------------
[2018-12-28T14:58:02+08:00] 127.0.0.1 GET /admin/user/userList
[ info ] www.taoshutp5.org/admin/user/userList [运行时间：0.051003s][吞吐率：19.61req/s] [内存消耗：2,065.52kb] [文件加载：50]
[ info ] [ VIEW ] C:\phpStudy\PHPTutorial\WWW\taoshuTP5\ThinkPHP\public/../application/admin\view\user\userList.html [ array (
  0 => 'userList',
  1 => 'userNumber',
) ]
[ info ] [ LOG ] INIT File
---------------------------------------------------------------
[2018-12-28T14:58:45+08:00] 127.0.0.1 GET /admin/user/userList
[ info ] www.taoshutp5.org/admin/user/userList [运行时间：0.070004s][吞吐率：14.28req/s] [内存消耗：2,065.70kb] [文件加载：50]
[ info ] [ VIEW ] C:\phpStudy\PHPTutorial\WWW\taoshuTP5\ThinkPHP\public/../application/admin\view\user\userList.html [ array (
  0 => 'userList',
  1 => 'userNumber',
) ]
[ info ] [ LOG ] INIT File
---------------------------------------------------------------
[2018-12-28T14:58:47+08:00] 127.0.0.1 GET /admin/user/userList
[ info ] www.taoshutp5.org/admin/user/userList [运行时间：0.052003s][吞吐率：19.23req/s] [内存消耗：2,065.59kb] [文件加载：50]
[ info ] [ VIEW ] C:\phpStudy\PHPTutorial\WWW\taoshuTP5\ThinkPHP\public/../application/admin\view\user\userList.html [ array (
  0 => 'userList',
  1 => 'userNumber',
) ]
[ info ] [ LOG ] INIT File
---------------------------------------------------------------
[2018-12-28T14:58:58+08:00] 127.0.0.1 GET /admin/user/userList
[ info ] www.taoshutp5.org/admin/user/userList [运行时间：0.034002s][吞吐率：29.41req/s] [内存消耗：2,065.59kb] [文件加载：50]
[ info ] [ VIEW ] C:\phpStudy\PHPTutorial\WWW\taoshuTP5\ThinkPHP\public/../application/admin\view\user\userList.html [ array (
  0 => 'userList',
  1 => 'userNumber',
) ]
[ info ] [ LOG ] INIT File
---------------------------------------------------------------
[2018-12-28T14:59:01+08:00] 127.0.0.1 GET /admin/user/editPage?user_id=34
[ info ] www.taoshutp5.org/admin/user/editPage?user_id=34 [运行时间：0.066004s][吞吐率：15.15req/s] [内存消耗：2,007.43kb] [文件加载：47]
[ info ] [ LANG ] C:\phpStudy\PHPTutorial\WWW\taoshuTP5\ThinkPHP\thinkphp\lang\zh-cn.php
[ info ] [ ROUTE ] array (
  'type' => 'module',
  'module' => 
  array (
    0 => 'admin',
    1 => 'user',
    2 => 'editPage',
  ),
)
[ info ] [ HEADER ] array (
  'cookie' => 'PHPSESSID=fj3fprcsui8iq8ccj7t9eefnd7',
  'accept-language' => 'zh-CN,zh;q=0.9,en;q=0.8',
  'accept-encoding' => 'gzip, deflate',
  'referer' => 'http://www.taoshutp5.org/admin/user/userList',
  'accept' => 'text/html,application/xhtml+xml,application/xml;q=0.9,image/webp,image/apng,*/*;q=0.8',
  'user-agent' => 'Mozilla/5.0 (Windows NT 6.1) AppleWebKit/537.36 (KHTML, like Gecko) Chrome/70.0.3538.110 Safari/537.36',
  'upgrade-insecure-requests' => '1',
  'connection' => 'close',
  'host' => 'www.taoshutp5.org',
)
[ info ] [ PARAM ] array (
  '/admin/user/editPage' => '',
  'user_id' => '34',
)
[ info ] [ SESSION ] INIT array (
  'id' => '',
  'var_session_id' => '',
  'prefix' => 'think',
  'type' => '',
  'auto_start' => true,
  'httponly' => true,
  'secure' => false,
)
[ info ] [ RUN ] app\admin\controller\User->editPage[ C:\phpStudy\PHPTutorial\WWW\taoshuTP5\ThinkPHP\application\admin\controller\User.php ]
[ info ] [ DB ] INIT mysql
[ info ] [ VIEW ] C:\phpStudy\PHPTutorial\WWW\taoshuTP5\ThinkPHP\public/../application/admin\view\user\userEdit.html [ array (
  0 => 'user',
  1 => 'classes',
) ]
[ info ] [ LOG ] INIT File
---------------------------------------------------------------
[2018-12-28T14:59:06+08:00] 127.0.0.1 POST /admin/user/userUpdate
[ info ] www.taoshutp5.org/admin/user/userUpdate [运行时间：0.093005s][吞吐率：10.75req/s] [内存消耗：1,981.09kb] [文件加载：48]
[ info ] [ LANG ] C:\phpStudy\PHPTutorial\WWW\taoshuTP5\ThinkPHP\thinkphp\lang\zh-cn.php
[ info ] [ ROUTE ] array (
  'type' => 'module',
  'module' => 
  array (
    0 => 'admin',
    1 => 'user',
    2 => 'userUpdate',
  ),
)
[ info ] [ HEADER ] array (
  'cookie' => 'PHPSESSID=fj3fprcsui8iq8ccj7t9eefnd7',
  'accept-language' => 'zh-CN,zh;q=0.9,en;q=0.8',
  'accept-encoding' => 'gzip, deflate',
  'referer' => 'http://www.taoshutp5.org/admin/user/editPage?user_id=34',
  'accept' => 'text/html,application/xhtml+xml,application/xml;q=0.9,image/webp,image/apng,*/*;q=0.8',
  'user-agent' => 'Mozilla/5.0 (Windows NT 6.1) AppleWebKit/537.36 (KHTML, like Gecko) Chrome/70.0.3538.110 Safari/537.36',
  'content-type' => 'multipart/form-data; boundary=----WebKitFormBoundaryruKQpWbRZJdcRumd',
  'upgrade-insecure-requests' => '1',
  'origin' => 'http://www.taoshutp5.org',
  'cache-control' => 'max-age=0',
  'content-length' => '1220',
  'connection' => 'close',
  'host' => 'www.taoshutp5.org',
)
[ info ] [ PARAM ] array (
  '/admin/user/userUpdate' => '',
  'id' => '34',
  'name' => '201541402315',
  'sex' => '女',
  'realname' => '倪载利',
  'tel' => '13534687682',
  'addr' => 'dgut',
  'grade' => '2015',
  'class' => '19',
  'content' => '倪载利',
  'headImg' => '/uploads/user/20181227\\e7081699a39aaa5dd87809fe6d8d5dd4.jpg',
)
[ info ] [ SESSION ] INIT array (
  'id' => '',
  'var_session_id' => '',
  'prefix' => 'think',
  'type' => '',
  'auto_start' => true,
  'httponly' => true,
  'secure' => false,
)
[ info ] [ RUN ] app\admin\controller\User->userUpdate[ C:\phpStudy\PHPTutorial\WWW\taoshuTP5\ThinkPHP\application\admin\controller\User.php ]
[ info ] [ DB ] INIT mysql
[ info ] [ VIEW ] C:\phpStudy\PHPTutorial\WWW\taoshuTP5\ThinkPHP\thinkphp\tpl\dispatch_jump.tpl [ array (
  0 => 'code',
  1 => 'msg',
  2 => 'data',
  3 => 'url',
  4 => 'wait',
) ]
[ info ] [ LOG ] INIT File
---------------------------------------------------------------
[2018-12-28T14:59:09+08:00] 127.0.0.1 GET /admin/user/userList
[ info ] www.taoshutp5.org/admin/user/userList [运行时间：0.046003s][吞吐率：21.74req/s] [内存消耗：2,065.59kb] [文件加载：50]
[ info ] [ VIEW ] C:\phpStudy\PHPTutorial\WWW\taoshuTP5\ThinkPHP\public/../application/admin\view\user\userList.html [ array (
  0 => 'userList',
  1 => 'userNumber',
) ]
[ info ] [ LOG ] INIT File
---------------------------------------------------------------
[2018-12-28T15:01:36+08:00] 127.0.0.1 GET /admin/user/userList
[ info ] www.taoshutp5.org/admin/user/userList [运行时间：0.051003s][吞吐率：19.61req/s] [内存消耗：2,070.48kb] [文件加载：50]
[ info ] [ LANG ] C:\phpStudy\PHPTutorial\WWW\taoshuTP5\ThinkPHP\thinkphp\lang\zh-cn.php
[ info ] [ ROUTE ] array (
  'type' => 'module',
  'module' => 
  array (
    0 => 'admin',
    1 => 'user',
    2 => 'userList',
  ),
)
[ info ] [ HEADER ] array (
  'cookie' => 'PHPSESSID=fj3fprcsui8iq8ccj7t9eefnd7',
  'accept-language' => 'zh-CN,zh;q=0.9,en;q=0.8',
  'accept-encoding' => 'gzip, deflate',
  'referer' => 'http://www.taoshutp5.org/admin/user/userList',
  'accept' => 'text/html,application/xhtml+xml,application/xml;q=0.9,image/webp,image/apng,*/*;q=0.8',
  'user-agent' => 'Mozilla/5.0 (Windows NT 6.1) AppleWebKit/537.36 (KHTML, like Gecko) Chrome/70.0.3538.110 Safari/537.36',
  'upgrade-insecure-requests' => '1',
  'connection' => 'close',
  'host' => 'www.taoshutp5.org',
)
[ info ] [ PARAM ] array (
  '/admin/user/userList' => '',
)
[ info ] [ SESSION ] INIT array (
  'id' => '',
  'var_session_id' => '',
  'prefix' => 'think',
  'type' => '',
  'auto_start' => true,
  'httponly' => true,
  'secure' => false,
)
[ info ] [ RUN ] app\admin\controller\User->userList[ C:\phpStudy\PHPTutorial\WWW\taoshuTP5\ThinkPHP\application\admin\controller\User.php ]
[ info ] [ DB ] INIT mysql
[ info ] [ VIEW ] C:\phpStudy\PHPTutorial\WWW\taoshuTP5\ThinkPHP\public/../application/admin\view\user\userList.html [ array (
  0 => 'userList',
  1 => 'userNumber',
) ]
[ info ] [ LOG ] INIT File
---------------------------------------------------------------
[2018-12-28T15:04:33+08:00] 127.0.0.1 GET /admin/user/userList
[ info ] www.taoshutp5.org/admin/user/userList [运行时间：0.049003s][吞吐率：20.41req/s] [内存消耗：2,070.80kb] [文件加载：50]
[ info ] [ LANG ] C:\phpStudy\PHPTutorial\WWW\taoshuTP5\ThinkPHP\thinkphp\lang\zh-cn.php
[ info ] [ ROUTE ] array (
  'type' => 'module',
  'module' => 
  array (
    0 => 'admin',
    1 => 'user',
    2 => 'userList',
  ),
)
[ info ] [ HEADER ] array (
  'cookie' => 'PHPSESSID=fj3fprcsui8iq8ccj7t9eefnd7',
  'accept-language' => 'zh-CN,zh;q=0.9,en;q=0.8',
  'accept-encoding' => 'gzip, deflate',
  'referer' => 'http://www.taoshutp5.org/admin/user/userList',
  'accept' => 'text/html,application/xhtml+xml,application/xml;q=0.9,image/webp,image/apng,*/*;q=0.8',
  'user-agent' => 'Mozilla/5.0 (Windows NT 6.1) AppleWebKit/537.36 (KHTML, like Gecko) Chrome/70.0.3538.110 Safari/537.36',
  'upgrade-insecure-requests' => '1',
  'cache-control' => 'max-age=0',
  'connection' => 'close',
  'host' => 'www.taoshutp5.org',
)
[ info ] [ PARAM ] array (
  '/admin/user/userList' => '',
)
[ info ] [ SESSION ] INIT array (
  'id' => '',
  'var_session_id' => '',
  'prefix' => 'think',
  'type' => '',
  'auto_start' => true,
  'httponly' => true,
  'secure' => false,
)
[ info ] [ RUN ] app\admin\controller\User->userList[ C:\phpStudy\PHPTutorial\WWW\taoshuTP5\ThinkPHP\application\admin\controller\User.php ]
[ info ] [ DB ] INIT mysql
[ info ] [ VIEW ] C:\phpStudy\PHPTutorial\WWW\taoshuTP5\ThinkPHP\public/../application/admin\view\user\userList.html [ array (
  0 => 'userList',
  1 => 'userNumber',
) ]
[ info ] [ LOG ] INIT File
---------------------------------------------------------------
[2018-12-28T15:07:49+08:00] 127.0.0.1 GET /admin/user/userList
[ info ] www.taoshutp5.org/admin/user/userList [运行时间：0.055003s][吞吐率：18.18req/s] [内存消耗：2,070.91kb] [文件加载：50]
[ info ] [ LANG ] C:\phpStudy\PHPTutorial\WWW\taoshuTP5\ThinkPHP\thinkphp\lang\zh-cn.php
[ info ] [ ROUTE ] array (
  'type' => 'module',
  'module' => 
  array (
    0 => 'admin',
    1 => 'user',
    2 => 'userList',
  ),
)
[ info ] [ HEADER ] array (
  'cookie' => 'PHPSESSID=fj3fprcsui8iq8ccj7t9eefnd7',
  'accept-language' => 'zh-CN,zh;q=0.9,en;q=0.8',
  'accept-encoding' => 'gzip, deflate',
  'referer' => 'http://www.taoshutp5.org/admin/user/userList',
  'accept' => 'text/html,application/xhtml+xml,application/xml;q=0.9,image/webp,image/apng,*/*;q=0.8',
  'user-agent' => 'Mozilla/5.0 (Windows NT 6.1) AppleWebKit/537.36 (KHTML, like Gecko) Chrome/70.0.3538.110 Safari/537.36',
  'upgrade-insecure-requests' => '1',
  'connection' => 'close',
  'host' => 'www.taoshutp5.org',
)
[ info ] [ PARAM ] array (
  '/admin/user/userList' => '',
)
[ info ] [ SESSION ] INIT array (
  'id' => '',
  'var_session_id' => '',
  'prefix' => 'think',
  'type' => '',
  'auto_start' => true,
  'httponly' => true,
  'secure' => false,
)
[ info ] [ RUN ] app\admin\controller\User->userList[ C:\phpStudy\PHPTutorial\WWW\taoshuTP5\ThinkPHP\application\admin\controller\User.php ]
[ info ] [ DB ] INIT mysql
[ info ] [ VIEW ] C:\phpStudy\PHPTutorial\WWW\taoshuTP5\ThinkPHP\public/../application/admin\view\user\userList.html [ array (
  0 => 'userList',
  1 => 'userNumber',
) ]
[ info ] [ LOG ] INIT File
---------------------------------------------------------------
[2018-12-28T15:07:59+08:00] 127.0.0.1 GET /admin/user/addPage
[ info ] www.taoshutp5.org/admin/user/addPage [运行时间：0.120007s][吞吐率：8.33req/s] [内存消耗：2,131.21kb] [文件加载：48]
[ info ] [ LANG ] C:\phpStudy\PHPTutorial\WWW\taoshuTP5\ThinkPHP\thinkphp\lang\zh-cn.php
[ info ] [ ROUTE ] array (
  'type' => 'module',
  'module' => 
  array (
    0 => 'admin',
    1 => 'user',
    2 => 'addPage',
  ),
)
[ info ] [ HEADER ] array (
  'cookie' => 'PHPSESSID=fj3fprcsui8iq8ccj7t9eefnd7',
  'accept-language' => 'zh-CN,zh;q=0.9,en;q=0.8',
  'accept-encoding' => 'gzip, deflate',
  'referer' => 'http://www.taoshutp5.org/admin/user/userList',
  'accept' => 'text/html,application/xhtml+xml,application/xml;q=0.9,image/webp,image/apng,*/*;q=0.8',
  'user-agent' => 'Mozilla/5.0 (Windows NT 6.1) AppleWebKit/537.36 (KHTML, like Gecko) Chrome/70.0.3538.110 Safari/537.36',
  'upgrade-insecure-requests' => '1',
  'connection' => 'close',
  'host' => 'www.taoshutp5.org',
)
[ info ] [ PARAM ] array (
  '/admin/user/addPage' => '',
)
[ info ] [ SESSION ] INIT array (
  'id' => '',
  'var_session_id' => '',
  'prefix' => 'think',
  'type' => '',
  'auto_start' => true,
  'httponly' => true,
  'secure' => false,
)
[ info ] [ RUN ] app\admin\controller\User->addPage[ C:\phpStudy\PHPTutorial\WWW\taoshuTP5\ThinkPHP\application\admin\controller\User.php ]
[ info ] [ DB ] INIT mysql
[ info ] [ VIEW ] C:\phpStudy\PHPTutorial\WWW\taoshuTP5\ThinkPHP\public/../application/admin\view\user\userAdd.html [ array (
  0 => 'classes',
) ]
[ info ] [ LOG ] INIT File
---------------------------------------------------------------
[2018-12-28T15:09:09+08:00] 127.0.0.1 GET /admin/user/userList
[ info ] www.taoshutp5.org/admin/user/userList [运行时间：0.072004s][吞吐率：13.89req/s] [内存消耗：2,097.36kb] [文件加载：52]
[ info ] [ LANG ] C:\phpStudy\PHPTutorial\WWW\taoshuTP5\ThinkPHP\thinkphp\lang\zh-cn.php
[ info ] [ ROUTE ] array (
  'type' => 'module',
  'module' => 
  array (
    0 => 'admin',
    1 => 'user',
    2 => 'userList',
  ),
)
[ info ] [ HEADER ] array (
  'cookie' => 'PHPSESSID=fj3fprcsui8iq8ccj7t9eefnd7',
  'accept-language' => 'zh-CN,zh;q=0.9,en;q=0.8',
  'accept-encoding' => 'gzip, deflate',
  'referer' => 'http://www.taoshutp5.org/admin/user/addPage',
  'accept' => 'text/html,application/xhtml+xml,application/xml;q=0.9,image/webp,image/apng,*/*;q=0.8',
  'user-agent' => 'Mozilla/5.0 (Windows NT 6.1) AppleWebKit/537.36 (KHTML, like Gecko) Chrome/70.0.3538.110 Safari/537.36',
  'upgrade-insecure-requests' => '1',
  'connection' => 'close',
  'host' => 'www.taoshutp5.org',
)
[ info ] [ PARAM ] array (
  '/admin/user/userList' => '',
)
[ info ] [ SESSION ] INIT array (
  'id' => '',
  'var_session_id' => '',
  'prefix' => 'think',
  'type' => '',
  'auto_start' => true,
  'httponly' => true,
  'secure' => false,
)
[ info ] [ RUN ] app\admin\controller\User->userList[ C:\phpStudy\PHPTutorial\WWW\taoshuTP5\ThinkPHP\application\admin\controller\User.php ]
[ info ] [ DB ] INIT mysql
[ info ] [ LOG ] INIT File
---------------------------------------------------------------
[2018-12-28T15:09:26+08:00] 127.0.0.1 GET /admin/user/userList
[ info ] www.taoshutp5.org/admin/user/userList [运行时间：0.098005s][吞吐率：10.20req/s] [内存消耗：2,097.75kb] [文件加载：52]
[ info ] [ LANG ] C:\phpStudy\PHPTutorial\WWW\taoshuTP5\ThinkPHP\thinkphp\lang\zh-cn.php
[ info ] [ ROUTE ] array (
  'type' => 'module',
  'module' => 
  array (
    0 => 'admin',
    1 => 'user',
    2 => 'userList',
  ),
)
[ info ] [ HEADER ] array (
  'cookie' => 'PHPSESSID=fj3fprcsui8iq8ccj7t9eefnd7',
  'accept-language' => 'zh-CN,zh;q=0.9,en;q=0.8',
  'accept-encoding' => 'gzip, deflate',
  'referer' => 'http://www.taoshutp5.org/admin/user/addPage',
  'accept' => 'text/html,application/xhtml+xml,application/xml;q=0.9,image/webp,image/apng,*/*;q=0.8',
  'user-agent' => 'Mozilla/5.0 (Windows NT 6.1) AppleWebKit/537.36 (KHTML, like Gecko) Chrome/70.0.3538.110 Safari/537.36',
  'upgrade-insecure-requests' => '1',
  'cache-control' => 'max-age=0',
  'connection' => 'close',
  'host' => 'www.taoshutp5.org',
)
[ info ] [ PARAM ] array (
  '/admin/user/userList' => '',
)
[ info ] [ SESSION ] INIT array (
  'id' => '',
  'var_session_id' => '',
  'prefix' => 'think',
  'type' => '',
  'auto_start' => true,
  'httponly' => true,
  'secure' => false,
)
[ info ] [ RUN ] app\admin\controller\User->userList[ C:\phpStudy\PHPTutorial\WWW\taoshuTP5\ThinkPHP\application\admin\controller\User.php ]
[ info ] [ DB ] INIT mysql
[ info ] [ LOG ] INIT File
---------------------------------------------------------------
[2018-12-28T15:11:17+08:00] 127.0.0.1 GET /admin/user/userList
[ info ] www.taoshutp5.org/admin/user/userList [运行时间：0.049003s][吞吐率：20.41req/s] [内存消耗：2,201.58kb] [文件加载：52]
[ info ] [ LANG ] C:\phpStudy\PHPTutorial\WWW\taoshuTP5\ThinkPHP\thinkphp\lang\zh-cn.php
[ info ] [ ROUTE ] array (
  'type' => 'module',
  'module' => 
  array (
    0 => 'admin',
    1 => 'user',
    2 => 'userList',
  ),
)
[ info ] [ HEADER ] array (
  'cookie' => 'PHPSESSID=fj3fprcsui8iq8ccj7t9eefnd7',
  'accept-language' => 'zh-CN,zh;q=0.9,en;q=0.8',
  'accept-encoding' => 'gzip, deflate',
  'referer' => 'http://www.taoshutp5.org/admin/user/addPage',
  'accept' => 'text/html,application/xhtml+xml,application/xml;q=0.9,image/webp,image/apng,*/*;q=0.8',
  'user-agent' => 'Mozilla/5.0 (Windows NT 6.1) AppleWebKit/537.36 (KHTML, like Gecko) Chrome/70.0.3538.110 Safari/537.36',
  'upgrade-insecure-requests' => '1',
  'cache-control' => 'max-age=0',
  'connection' => 'close',
  'host' => 'www.taoshutp5.org',
)
[ info ] [ PARAM ] array (
  '/admin/user/userList' => '',
)
[ info ] [ SESSION ] INIT array (
  'id' => '',
  'var_session_id' => '',
  'prefix' => 'think',
  'type' => '',
  'auto_start' => true,
  'httponly' => true,
  'secure' => false,
)
[ info ] [ RUN ] app\admin\controller\User->userList[ C:\phpStudy\PHPTutorial\WWW\taoshuTP5\ThinkPHP\application\admin\controller\User.php ]
[ info ] [ DB ] INIT mysql
[ info ] [ VIEW ] C:\phpStudy\PHPTutorial\WWW\taoshuTP5\ThinkPHP\public/../application/admin\view\user\userList.html [ array (
  0 => 'userList',
  1 => 'userNumber',
) ]
[ info ] [ LOG ] INIT File
---------------------------------------------------------------
[2018-12-28T15:12:34+08:00] 127.0.0.1 GET /admin/user/userList
[ info ] www.taoshutp5.org/admin/user/userList [运行时间：0.091005s][吞吐率：10.99req/s] [内存消耗：2,071.23kb] [文件加载：50]
[ info ] [ LANG ] C:\phpStudy\PHPTutorial\WWW\taoshuTP5\ThinkPHP\thinkphp\lang\zh-cn.php
[ info ] [ ROUTE ] array (
  'type' => 'module',
  'module' => 
  array (
    0 => 'admin',
    1 => 'user',
    2 => 'userList',
  ),
)
[ info ] [ HEADER ] array (
  'cookie' => 'PHPSESSID=fj3fprcsui8iq8ccj7t9eefnd7',
  'accept-language' => 'zh-CN,zh;q=0.9,en;q=0.8',
  'accept-encoding' => 'gzip, deflate',
  'referer' => 'http://www.taoshutp5.org/admin/user/addPage',
  'accept' => 'text/html,application/xhtml+xml,application/xml;q=0.9,image/webp,image/apng,*/*;q=0.8',
  'user-agent' => 'Mozilla/5.0 (Windows NT 6.1) AppleWebKit/537.36 (KHTML, like Gecko) Chrome/70.0.3538.110 Safari/537.36',
  'upgrade-insecure-requests' => '1',
  'cache-control' => 'max-age=0',
  'connection' => 'close',
  'host' => 'www.taoshutp5.org',
)
[ info ] [ PARAM ] array (
  '/admin/user/userList' => '',
)
[ info ] [ SESSION ] INIT array (
  'id' => '',
  'var_session_id' => '',
  'prefix' => 'think',
  'type' => '',
  'auto_start' => true,
  'httponly' => true,
  'secure' => false,
)
[ info ] [ RUN ] app\admin\controller\User->userList[ C:\phpStudy\PHPTutorial\WWW\taoshuTP5\ThinkPHP\application\admin\controller\User.php ]
[ info ] [ DB ] INIT mysql
[ info ] [ VIEW ] C:\phpStudy\PHPTutorial\WWW\taoshuTP5\ThinkPHP\public/../application/admin\view\user\userList.html [ array (
  0 => 'userList',
  1 => 'userNumber',
) ]
[ info ] [ LOG ] INIT File
---------------------------------------------------------------
[2018-12-28T15:15:46+08:00] 127.0.0.1 GET /admin/user/userList
[ info ] www.taoshutp5.org/admin/user/userList [运行时间：0.066004s][吞吐率：15.15req/s] [内存消耗：2,071.20kb] [文件加载：50]
[ info ] [ LANG ] C:\phpStudy\PHPTutorial\WWW\taoshuTP5\ThinkPHP\thinkphp\lang\zh-cn.php
[ info ] [ ROUTE ] array (
  'type' => 'module',
  'module' => 
  array (
    0 => 'admin',
    1 => 'user',
    2 => 'userList',
  ),
)
[ info ] [ HEADER ] array (
  'cookie' => 'PHPSESSID=fj3fprcsui8iq8ccj7t9eefnd7',
  'accept-language' => 'zh-CN,zh;q=0.9,en;q=0.8',
  'accept-encoding' => 'gzip, deflate',
  'referer' => 'http://www.taoshutp5.org/admin/user/addPage',
  'accept' => 'text/html,application/xhtml+xml,application/xml;q=0.9,image/webp,image/apng,*/*;q=0.8',
  'user-agent' => 'Mozilla/5.0 (Windows NT 6.1) AppleWebKit/537.36 (KHTML, like Gecko) Chrome/70.0.3538.110 Safari/537.36',
  'upgrade-insecure-requests' => '1',
  'cache-control' => 'max-age=0',
  'connection' => 'close',
  'host' => 'www.taoshutp5.org',
)
[ info ] [ PARAM ] array (
  '/admin/user/userList' => '',
)
[ info ] [ SESSION ] INIT array (
  'id' => '',
  'var_session_id' => '',
  'prefix' => 'think',
  'type' => '',
  'auto_start' => true,
  'httponly' => true,
  'secure' => false,
)
[ info ] [ RUN ] app\admin\controller\User->userList[ C:\phpStudy\PHPTutorial\WWW\taoshuTP5\ThinkPHP\application\admin\controller\User.php ]
[ info ] [ DB ] INIT mysql
[ info ] [ VIEW ] C:\phpStudy\PHPTutorial\WWW\taoshuTP5\ThinkPHP\public/../application/admin\view\user\userList.html [ array (
  0 => 'userList',
  1 => 'userNumber',
) ]
[ info ] [ LOG ] INIT File
---------------------------------------------------------------
[2018-12-28T15:18:20+08:00] 127.0.0.1 GET /admin/user/userList
[ info ] www.taoshutp5.org/admin/user/userList [运行时间：0.066004s][吞吐率：15.15req/s] [内存消耗：2,071.20kb] [文件加载：50]
[ info ] [ LANG ] C:\phpStudy\PHPTutorial\WWW\taoshuTP5\ThinkPHP\thinkphp\lang\zh-cn.php
[ info ] [ ROUTE ] array (
  'type' => 'module',
  'module' => 
  array (
    0 => 'admin',
    1 => 'user',
    2 => 'userList',
  ),
)
[ info ] [ HEADER ] array (
  'cookie' => 'PHPSESSID=fj3fprcsui8iq8ccj7t9eefnd7',
  'accept-language' => 'zh-CN,zh;q=0.9,en;q=0.8',
  'accept-encoding' => 'gzip, deflate',
  'referer' => 'http://www.taoshutp5.org/admin/user/addPage',
  'accept' => 'text/html,application/xhtml+xml,application/xml;q=0.9,image/webp,image/apng,*/*;q=0.8',
  'user-agent' => 'Mozilla/5.0 (Windows NT 6.1) AppleWebKit/537.36 (KHTML, like Gecko) Chrome/70.0.3538.110 Safari/537.36',
  'upgrade-insecure-requests' => '1',
  'cache-control' => 'max-age=0',
  'connection' => 'close',
  'host' => 'www.taoshutp5.org',
)
[ info ] [ PARAM ] array (
  '/admin/user/userList' => '',
)
[ info ] [ SESSION ] INIT array (
  'id' => '',
  'var_session_id' => '',
  'prefix' => 'think',
  'type' => '',
  'auto_start' => true,
  'httponly' => true,
  'secure' => false,
)
[ info ] [ RUN ] app\admin\controller\User->userList[ C:\phpStudy\PHPTutorial\WWW\taoshuTP5\ThinkPHP\application\admin\controller\User.php ]
[ info ] [ DB ] INIT mysql
[ info ] [ VIEW ] C:\phpStudy\PHPTutorial\WWW\taoshuTP5\ThinkPHP\public/../application/admin\view\user\userList.html [ array (
  0 => 'userList',
  1 => 'userNumber',
) ]
[ info ] [ LOG ] INIT File
---------------------------------------------------------------
[2018-12-28T15:21:31+08:00] 127.0.0.1 GET /admin/user/userList
[ info ] www.taoshutp5.org/admin/user/userList [运行时间：0.049003s][吞吐率：20.41req/s] [内存消耗：2,071.23kb] [文件加载：50]
[ info ] [ LANG ] C:\phpStudy\PHPTutorial\WWW\taoshuTP5\ThinkPHP\thinkphp\lang\zh-cn.php
[ info ] [ ROUTE ] array (
  'type' => 'module',
  'module' => 
  array (
    0 => 'admin',
    1 => 'user',
    2 => 'userList',
  ),
)
[ info ] [ HEADER ] array (
  'cookie' => 'PHPSESSID=fj3fprcsui8iq8ccj7t9eefnd7',
  'accept-language' => 'zh-CN,zh;q=0.9,en;q=0.8',
  'accept-encoding' => 'gzip, deflate',
  'referer' => 'http://www.taoshutp5.org/admin/user/addPage',
  'accept' => 'text/html,application/xhtml+xml,application/xml;q=0.9,image/webp,image/apng,*/*;q=0.8',
  'user-agent' => 'Mozilla/5.0 (Windows NT 6.1) AppleWebKit/537.36 (KHTML, like Gecko) Chrome/70.0.3538.110 Safari/537.36',
  'upgrade-insecure-requests' => '1',
  'cache-control' => 'max-age=0',
  'connection' => 'close',
  'host' => 'www.taoshutp5.org',
)
[ info ] [ PARAM ] array (
  '/admin/user/userList' => '',
)
[ info ] [ SESSION ] INIT array (
  'id' => '',
  'var_session_id' => '',
  'prefix' => 'think',
  'type' => '',
  'auto_start' => true,
  'httponly' => true,
  'secure' => false,
)
[ info ] [ RUN ] app\admin\controller\User->userList[ C:\phpStudy\PHPTutorial\WWW\taoshuTP5\ThinkPHP\application\admin\controller\User.php ]
[ info ] [ DB ] INIT mysql
[ info ] [ VIEW ] C:\phpStudy\PHPTutorial\WWW\taoshuTP5\ThinkPHP\public/../application/admin\view\user\userList.html [ array (
  0 => 'userList',
  1 => 'userNumber',
) ]
[ info ] [ LOG ] INIT File
---------------------------------------------------------------
[2018-12-28T15:23:46+08:00] 127.0.0.1 GET /admin/user/userList
[ info ] www.taoshutp5.org/admin/user/userList [运行时间：0.032001s][吞吐率：31.25req/s] [内存消耗：1,385.93kb] [文件加载：41]
[ info ] [ LANG ] C:\phpStudy\PHPTutorial\WWW\taoshuTP5\ThinkPHP\thinkphp\lang\zh-cn.php
[ info ] [ ROUTE ] array (
  'type' => 'module',
  'module' => 
  array (
    0 => 'admin',
    1 => 'user',
    2 => 'userList',
  ),
)
[ info ] [ HEADER ] array (
  'cookie' => 'PHPSESSID=fj3fprcsui8iq8ccj7t9eefnd7',
  'accept-language' => 'zh-CN,zh;q=0.9,en;q=0.8',
  'accept-encoding' => 'gzip, deflate',
  'referer' => 'http://www.taoshutp5.org/admin/user/addPage',
  'accept' => 'text/html,application/xhtml+xml,application/xml;q=0.9,image/webp,image/apng,*/*;q=0.8',
  'user-agent' => 'Mozilla/5.0 (Windows NT 6.1) AppleWebKit/537.36 (KHTML, like Gecko) Chrome/70.0.3538.110 Safari/537.36',
  'upgrade-insecure-requests' => '1',
  'connection' => 'close',
  'host' => 'www.taoshutp5.org',
)
[ info ] [ PARAM ] array (
  '/admin/user/userList' => '',
)
[ info ] [ SESSION ] INIT array (
  'id' => '',
  'var_session_id' => '',
  'prefix' => 'think',
  'type' => '',
  'auto_start' => true,
  'httponly' => true,
  'secure' => false,
)
[ info ] [ VIEW ] C:\phpStudy\PHPTutorial\WWW\taoshuTP5\ThinkPHP\thinkphp\tpl\dispatch_jump.tpl [ array (
  0 => 'code',
  1 => 'msg',
  2 => 'data',
  3 => 'url',
  4 => 'wait',
) ]
[ info ] [ LOG ] INIT File
---------------------------------------------------------------
[2018-12-28T15:23:48+08:00] 127.0.0.1 GET /admin/login/index.html
[ info ] www.taoshutp5.org/admin/login/index.html [运行时间：0.030001s][吞吐率：33.33req/s] [内存消耗：1,296.07kb] [文件加载：38]
[ info ] [ LANG ] C:\phpStudy\PHPTutorial\WWW\taoshuTP5\ThinkPHP\thinkphp\lang\zh-cn.php
[ info ] [ ROUTE ] array (
  'type' => 'module',
  'module' => 
  array (
    0 => 'admin',
    1 => 'login',
    2 => 'index',
  ),
)
[ info ] [ HEADER ] array (
  'cookie' => 'PHPSESSID=fj3fprcsui8iq8ccj7t9eefnd7',
  'accept-language' => 'zh-CN,zh;q=0.9,en;q=0.8',
  'accept-encoding' => 'gzip, deflate',
  'referer' => 'http://www.taoshutp5.org/admin/user/userList',
  'accept' => 'text/html,application/xhtml+xml,application/xml;q=0.9,image/webp,image/apng,*/*;q=0.8',
  'user-agent' => 'Mozilla/5.0 (Windows NT 6.1) AppleWebKit/537.36 (KHTML, like Gecko) Chrome/70.0.3538.110 Safari/537.36',
  'upgrade-insecure-requests' => '1',
  'connection' => 'close',
  'host' => 'www.taoshutp5.org',
)
[ info ] [ PARAM ] array (
  '/admin/login/index_html' => '',
)
[ info ] [ RUN ] app\admin\controller\Login->index[ C:\phpStudy\PHPTutorial\WWW\taoshuTP5\ThinkPHP\application\admin\controller\Login.php ]
[ info ] [ VIEW ] C:\phpStudy\PHPTutorial\WWW\taoshuTP5\ThinkPHP\public/../application/admin\view\login\login.html [ array (
) ]
[ info ] [ LOG ] INIT File
---------------------------------------------------------------
[2018-12-28T15:23:53+08:00] 127.0.0.1 POST /admin/login/login
[ info ] www.taoshutp5.org/admin/login/login [运行时间：0.184011s][吞吐率：5.43req/s] [内存消耗：1,957.18kb] [文件加载：48]
[ info ] [ LANG ] C:\phpStudy\PHPTutorial\WWW\taoshuTP5\ThinkPHP\thinkphp\lang\zh-cn.php
[ info ] [ ROUTE ] array (
  'type' => 'module',
  'module' => 
  array (
    0 => 'admin',
    1 => 'login',
    2 => 'login',
  ),
)
[ info ] [ HEADER ] array (
  'cookie' => 'PHPSESSID=fj3fprcsui8iq8ccj7t9eefnd7',
  'accept-language' => 'zh-CN,zh;q=0.9,en;q=0.8',
  'accept-encoding' => 'gzip, deflate',
  'referer' => 'http://www.taoshutp5.org/admin/login/index.html',
  'accept' => 'text/html,application/xhtml+xml,application/xml;q=0.9,image/webp,image/apng,*/*;q=0.8',
  'user-agent' => 'Mozilla/5.0 (Windows NT 6.1) AppleWebKit/537.36 (KHTML, like Gecko) Chrome/70.0.3538.110 Safari/537.36',
  'content-type' => 'application/x-www-form-urlencoded',
  'upgrade-insecure-requests' => '1',
  'origin' => 'http://www.taoshutp5.org',
  'cache-control' => 'max-age=0',
  'content-length' => '20',
  'connection' => 'close',
  'host' => 'www.taoshutp5.org',
)
[ info ] [ PARAM ] array (
  '/admin/login/login' => '',
  'name' => 'admin',
  'pwd' => 'admin',
)
[ info ] [ RUN ] app\admin\controller\Login->login[ C:\phpStudy\PHPTutorial\WWW\taoshuTP5\ThinkPHP\application\admin\controller\Login.php ]
[ info ] [ DB ] INIT mysql
[ info ] [ SESSION ] INIT array (
  'id' => '',
  'var_session_id' => '',
  'prefix' => 'think',
  'type' => '',
  'auto_start' => true,
  'httponly' => true,
  'secure' => false,
)
[ info ] [ VIEW ] C:\phpStudy\PHPTutorial\WWW\taoshuTP5\ThinkPHP\thinkphp\tpl\dispatch_jump.tpl [ array (
  0 => 'code',
  1 => 'msg',
  2 => 'data',
  3 => 'url',
  4 => 'wait',
) ]
[ info ] [ LOG ] INIT File
---------------------------------------------------------------
[2018-12-28T15:23:55+08:00] 127.0.0.1 GET /admin/index/index
[ info ] www.taoshutp5.org/admin/index/index [运行时间：0.040002s][吞吐率：25.00req/s] [内存消耗：1,413.48kb] [文件加载：40]
[ info ] [ LANG ] C:\phpStudy\PHPTutorial\WWW\taoshuTP5\ThinkPHP\thinkphp\lang\zh-cn.php
[ info ] [ ROUTE ] array (
  'type' => 'module',
  'module' => 
  array (
    0 => 'admin',
    1 => 'index',
    2 => 'index',
  ),
)
[ info ] [ HEADER ] array (
  'cookie' => 'PHPSESSID=fj3fprcsui8iq8ccj7t9eefnd7',
  'accept-language' => 'zh-CN,zh;q=0.9,en;q=0.8',
  'accept-encoding' => 'gzip, deflate',
  'referer' => 'http://www.taoshutp5.org/admin/login/login',
  'accept' => 'text/html,application/xhtml+xml,application/xml;q=0.9,image/webp,image/apng,*/*;q=0.8',
  'user-agent' => 'Mozilla/5.0 (Windows NT 6.1) AppleWebKit/537.36 (KHTML, like Gecko) Chrome/70.0.3538.110 Safari/537.36',
  'upgrade-insecure-requests' => '1',
  'connection' => 'close',
  'host' => 'www.taoshutp5.org',
)
[ info ] [ PARAM ] array (
  '/admin/index/index' => '',
)
[ info ] [ RUN ] app\admin\controller\Index->index[ C:\phpStudy\PHPTutorial\WWW\taoshuTP5\ThinkPHP\application\admin\controller\Index.php ]
[ info ] [ VIEW ] C:\phpStudy\PHPTutorial\WWW\taoshuTP5\ThinkPHP\public/../application/admin\view\index\index.html [ array (
) ]
[ info ] [ SESSION ] INIT array (
  'id' => '',
  'var_session_id' => '',
  'prefix' => 'think',
  'type' => '',
  'auto_start' => true,
  'httponly' => true,
  'secure' => false,
)
[ info ] [ LOG ] INIT File
---------------------------------------------------------------
[2018-12-28T15:23:55+08:00] 127.0.0.1 GET /admin/index/index
[ info ] www.taoshutp5.org/admin/index/index [运行时间：0.037002s][吞吐率：27.03req/s] [内存消耗：1,290.77kb] [文件加载：38]
[ info ] [ LANG ] C:\phpStudy\PHPTutorial\WWW\taoshuTP5\ThinkPHP\thinkphp\lang\zh-cn.php
[ info ] [ ROUTE ] array (
  'type' => 'module',
  'module' => 
  array (
    0 => 'admin',
    1 => 'index',
    2 => 'index',
  ),
)
[ info ] [ HEADER ] array (
  'cookie' => 'PHPSESSID=fj3fprcsui8iq8ccj7t9eefnd7',
  'accept-language' => 'zh-CN,zh;q=0.9,en;q=0.8',
  'accept-encoding' => 'gzip, deflate',
  'referer' => 'http://www.taoshutp5.org/admin/index/index',
  'accept' => 'text/html,application/xhtml+xml,application/xml;q=0.9,image/webp,image/apng,*/*;q=0.8',
  'user-agent' => 'Mozilla/5.0 (Windows NT 6.1) AppleWebKit/537.36 (KHTML, like Gecko) Chrome/70.0.3538.110 Safari/537.36',
  'upgrade-insecure-requests' => '1',
  'connection' => 'close',
  'host' => 'www.taoshutp5.org',
)
[ info ] [ PARAM ] array (
  '/admin/index/index' => '',
)
[ info ] [ RUN ] app\admin\controller\Index->index[ C:\phpStudy\PHPTutorial\WWW\taoshuTP5\ThinkPHP\application\admin\controller\Index.php ]
[ info ] [ VIEW ] C:\phpStudy\PHPTutorial\WWW\taoshuTP5\ThinkPHP\public/../application/admin\view\index\index.html [ array (
) ]
[ info ] [ SESSION ] INIT array (
  'id' => '',
  'var_session_id' => '',
  'prefix' => 'think',
  'type' => '',
  'auto_start' => true,
  'httponly' => true,
  'secure' => false,
)
[ info ] [ LOG ] INIT File
---------------------------------------------------------------
[2018-12-28T15:23:56+08:00] 127.0.0.1 GET /admin/index/index
[ info ] www.taoshutp5.org/admin/index/index [运行时间：0.037002s][吞吐率：27.03req/s] [内存消耗：1,290.77kb] [文件加载：38]
[ info ] [ LANG ] C:\phpStudy\PHPTutorial\WWW\taoshuTP5\ThinkPHP\thinkphp\lang\zh-cn.php
[ info ] [ ROUTE ] array (
  'type' => 'module',
  'module' => 
  array (
    0 => 'admin',
    1 => 'index',
    2 => 'index',
  ),
)
[ info ] [ HEADER ] array (
  'cookie' => 'PHPSESSID=fj3fprcsui8iq8ccj7t9eefnd7',
  'accept-language' => 'zh-CN,zh;q=0.9,en;q=0.8',
  'accept-encoding' => 'gzip, deflate',
  'referer' => 'http://www.taoshutp5.org/admin/index/index',
  'accept' => 'text/html,application/xhtml+xml,application/xml;q=0.9,image/webp,image/apng,*/*;q=0.8',
  'user-agent' => 'Mozilla/5.0 (Windows NT 6.1) AppleWebKit/537.36 (KHTML, like Gecko) Chrome/70.0.3538.110 Safari/537.36',
  'upgrade-insecure-requests' => '1',
  'connection' => 'close',
  'host' => 'www.taoshutp5.org',
)
[ info ] [ PARAM ] array (
  '/admin/index/index' => '',
)
[ info ] [ RUN ] app\admin\controller\Index->index[ C:\phpStudy\PHPTutorial\WWW\taoshuTP5\ThinkPHP\application\admin\controller\Index.php ]
[ info ] [ VIEW ] C:\phpStudy\PHPTutorial\WWW\taoshuTP5\ThinkPHP\public/../application/admin\view\index\index.html [ array (
) ]
[ info ] [ SESSION ] INIT array (
  'id' => '',
  'var_session_id' => '',
  'prefix' => 'think',
  'type' => '',
  'auto_start' => true,
  'httponly' => true,
  'secure' => false,
)
[ info ] [ LOG ] INIT File
---------------------------------------------------------------
[2018-12-28T15:26:02+08:00] 127.0.0.1 GET /admin/login/logout
[ info ] www.taoshutp5.org/admin/login/logout [运行时间：0.048003s][吞吐率：20.83req/s] [内存消耗：1,354.05kb] [文件加载：40]
[ info ] [ LANG ] C:\phpStudy\PHPTutorial\WWW\taoshuTP5\ThinkPHP\thinkphp\lang\zh-cn.php
[ info ] [ ROUTE ] array (
  'type' => 'module',
  'module' => 
  array (
    0 => 'admin',
    1 => 'login',
    2 => 'logout',
  ),
)
[ info ] [ HEADER ] array (
  'cookie' => 'PHPSESSID=fj3fprcsui8iq8ccj7t9eefnd7',
  'accept-language' => 'zh-CN,zh;q=0.9,en;q=0.8',
  'accept-encoding' => 'gzip, deflate',
  'referer' => 'http://www.taoshutp5.org/admin/index/index',
  'accept' => 'text/html,application/xhtml+xml,application/xml;q=0.9,image/webp,image/apng,*/*;q=0.8',
  'user-agent' => 'Mozilla/5.0 (Windows NT 6.1) AppleWebKit/537.36 (KHTML, like Gecko) Chrome/70.0.3538.110 Safari/537.36',
  'upgrade-insecure-requests' => '1',
  'connection' => 'close',
  'host' => 'www.taoshutp5.org',
)
[ info ] [ PARAM ] array (
  '/admin/login/logout' => '',
)
[ info ] [ RUN ] app\admin\controller\Login->logout[ C:\phpStudy\PHPTutorial\WWW\taoshuTP5\ThinkPHP\application\admin\controller\Login.php ]
[ info ] [ SESSION ] INIT array (
  'id' => '',
  'var_session_id' => '',
  'prefix' => 'think',
  'type' => '',
  'auto_start' => true,
  'httponly' => true,
  'secure' => false,
)
[ info ] [ VIEW ] C:\phpStudy\PHPTutorial\WWW\taoshuTP5\ThinkPHP\thinkphp\tpl\dispatch_jump.tpl [ array (
  0 => 'code',
  1 => 'msg',
  2 => 'data',
  3 => 'url',
  4 => 'wait',
) ]
[ info ] [ LOG ] INIT File
---------------------------------------------------------------
[2018-12-28T15:26:03+08:00] 127.0.0.1 GET /admin/index/index.html
[ info ] www.taoshutp5.org/admin/index/index.html [运行时间：0.041002s][吞吐率：24.39req/s] [内存消耗：1,290.70kb] [文件加载：38]
[ info ] [ LANG ] C:\phpStudy\PHPTutorial\WWW\taoshuTP5\ThinkPHP\thinkphp\lang\zh-cn.php
[ info ] [ ROUTE ] array (
  'type' => 'module',
  'module' => 
  array (
    0 => 'admin',
    1 => 'index',
    2 => 'index',
  ),
)
[ info ] [ HEADER ] array (
  'cookie' => 'PHPSESSID=fj3fprcsui8iq8ccj7t9eefnd7',
  'accept-language' => 'zh-CN,zh;q=0.9,en;q=0.8',
  'accept-encoding' => 'gzip, deflate',
  'referer' => 'http://www.taoshutp5.org/admin/login/logout',
  'accept' => 'text/html,application/xhtml+xml,application/xml;q=0.9,image/webp,image/apng,*/*;q=0.8',
  'user-agent' => 'Mozilla/5.0 (Windows NT 6.1) AppleWebKit/537.36 (KHTML, like Gecko) Chrome/70.0.3538.110 Safari/537.36',
  'upgrade-insecure-requests' => '1',
  'connection' => 'close',
  'host' => 'www.taoshutp5.org',
)
[ info ] [ PARAM ] array (
  '/admin/index/index_html' => '',
)
[ info ] [ RUN ] app\admin\controller\Index->index[ C:\phpStudy\PHPTutorial\WWW\taoshuTP5\ThinkPHP\application\admin\controller\Index.php ]
[ info ] [ VIEW ] C:\phpStudy\PHPTutorial\WWW\taoshuTP5\ThinkPHP\public/../application/admin\view\index\index.html [ array (
) ]
[ info ] [ SESSION ] INIT array (
  'id' => '',
  'var_session_id' => '',
  'prefix' => 'think',
  'type' => '',
  'auto_start' => true,
  'httponly' => true,
  'secure' => false,
)
[ info ] [ LOG ] INIT File
---------------------------------------------------------------
[2018-12-28T15:26:04+08:00] 127.0.0.1 GET /admin/login/index
[ info ] www.taoshutp5.org/admin/login/index [运行时间：0.032002s][吞吐率：31.25req/s] [内存消耗：1,296.06kb] [文件加载：38]
[ info ] [ LANG ] C:\phpStudy\PHPTutorial\WWW\taoshuTP5\ThinkPHP\thinkphp\lang\zh-cn.php
[ info ] [ ROUTE ] array (
  'type' => 'module',
  'module' => 
  array (
    0 => 'admin',
    1 => 'login',
    2 => 'index',
  ),
)
[ info ] [ HEADER ] array (
  'cookie' => 'PHPSESSID=fj3fprcsui8iq8ccj7t9eefnd7',
  'accept-language' => 'zh-CN,zh;q=0.9,en;q=0.8',
  'accept-encoding' => 'gzip, deflate',
  'referer' => 'http://www.taoshutp5.org/admin/index/index.html',
  'accept' => 'text/html,application/xhtml+xml,application/xml;q=0.9,image/webp,image/apng,*/*;q=0.8',
  'user-agent' => 'Mozilla/5.0 (Windows NT 6.1) AppleWebKit/537.36 (KHTML, like Gecko) Chrome/70.0.3538.110 Safari/537.36',
  'upgrade-insecure-requests' => '1',
  'connection' => 'close',
  'host' => 'www.taoshutp5.org',
)
[ info ] [ PARAM ] array (
  '/admin/login/index' => '',
)
[ info ] [ RUN ] app\admin\controller\Login->index[ C:\phpStudy\PHPTutorial\WWW\taoshuTP5\ThinkPHP\application\admin\controller\Login.php ]
[ info ] [ VIEW ] C:\phpStudy\PHPTutorial\WWW\taoshuTP5\ThinkPHP\public/../application/admin\view\login\login.html [ array (
) ]
[ info ] [ LOG ] INIT File
---------------------------------------------------------------
[2018-12-28T15:26:14+08:00] 127.0.0.1 POST /admin/login/login
[ info ] www.taoshutp5.org/admin/login/login [运行时间：0.138008s][吞吐率：7.25req/s] [内存消耗：1,957.19kb] [文件加载：48]
[ info ] [ LANG ] C:\phpStudy\PHPTutorial\WWW\taoshuTP5\ThinkPHP\thinkphp\lang\zh-cn.php
[ info ] [ ROUTE ] array (
  'type' => 'module',
  'module' => 
  array (
    0 => 'admin',
    1 => 'login',
    2 => 'login',
  ),
)
[ info ] [ HEADER ] array (
  'cookie' => 'PHPSESSID=fj3fprcsui8iq8ccj7t9eefnd7',
  'accept-language' => 'zh-CN,zh;q=0.9,en;q=0.8',
  'accept-encoding' => 'gzip, deflate',
  'referer' => 'http://www.taoshutp5.org/admin/login/index',
  'accept' => 'text/html,application/xhtml+xml,application/xml;q=0.9,image/webp,image/apng,*/*;q=0.8',
  'user-agent' => 'Mozilla/5.0 (Windows NT 6.1) AppleWebKit/537.36 (KHTML, like Gecko) Chrome/70.0.3538.110 Safari/537.36',
  'content-type' => 'application/x-www-form-urlencoded',
  'upgrade-insecure-requests' => '1',
  'origin' => 'http://www.taoshutp5.org',
  'cache-control' => 'max-age=0',
  'content-length' => '19',
  'connection' => 'close',
  'host' => 'www.taoshutp5.org',
)
[ info ] [ PARAM ] array (
  '/admin/login/login' => '',
  'name' => 'root',
  'pwd' => 'admin',
)
[ info ] [ RUN ] app\admin\controller\Login->login[ C:\phpStudy\PHPTutorial\WWW\taoshuTP5\ThinkPHP\application\admin\controller\Login.php ]
[ info ] [ DB ] INIT mysql
[ info ] [ SESSION ] INIT array (
  'id' => '',
  'var_session_id' => '',
  'prefix' => 'think',
  'type' => '',
  'auto_start' => true,
  'httponly' => true,
  'secure' => false,
)
[ info ] [ VIEW ] C:\phpStudy\PHPTutorial\WWW\taoshuTP5\ThinkPHP\thinkphp\tpl\dispatch_jump.tpl [ array (
  0 => 'code',
  1 => 'msg',
  2 => 'data',
  3 => 'url',
  4 => 'wait',
) ]
[ info ] [ LOG ] INIT File
---------------------------------------------------------------
[2018-12-28T15:26:15+08:00] 127.0.0.1 GET /admin/index/index
[ info ] www.taoshutp5.org/admin/index/index [运行时间：0.021001s][吞吐率：47.62req/s] [内存消耗：1,290.77kb] [文件加载：38]
[ info ] [ LANG ] C:\phpStudy\PHPTutorial\WWW\taoshuTP5\ThinkPHP\thinkphp\lang\zh-cn.php
[ info ] [ ROUTE ] array (
  'type' => 'module',
  'module' => 
  array (
    0 => 'admin',
    1 => 'index',
    2 => 'index',
  ),
)
[ info ] [ HEADER ] array (
  'cookie' => 'PHPSESSID=fj3fprcsui8iq8ccj7t9eefnd7',
  'accept-language' => 'zh-CN,zh;q=0.9,en;q=0.8',
  'accept-encoding' => 'gzip, deflate',
  'referer' => 'http://www.taoshutp5.org/admin/login/login',
  'accept' => 'text/html,application/xhtml+xml,application/xml;q=0.9,image/webp,image/apng,*/*;q=0.8',
  'user-agent' => 'Mozilla/5.0 (Windows NT 6.1) AppleWebKit/537.36 (KHTML, like Gecko) Chrome/70.0.3538.110 Safari/537.36',
  'upgrade-insecure-requests' => '1',
  'connection' => 'close',
  'host' => 'www.taoshutp5.org',
)
[ info ] [ PARAM ] array (
  '/admin/index/index' => '',
)
[ info ] [ RUN ] app\admin\controller\Index->index[ C:\phpStudy\PHPTutorial\WWW\taoshuTP5\ThinkPHP\application\admin\controller\Index.php ]
[ info ] [ VIEW ] C:\phpStudy\PHPTutorial\WWW\taoshuTP5\ThinkPHP\public/../application/admin\view\index\index.html [ array (
) ]
[ info ] [ SESSION ] INIT array (
  'id' => '',
  'var_session_id' => '',
  'prefix' => 'think',
  'type' => '',
  'auto_start' => true,
  'httponly' => true,
  'secure' => false,
)
[ info ] [ LOG ] INIT File
---------------------------------------------------------------
[2018-12-28T15:26:20+08:00] 127.0.0.1 GET /admin/login/logout
[ info ] www.taoshutp5.org/admin/login/logout [运行时间：0.037003s][吞吐率：27.02req/s] [内存消耗：1,354.05kb] [文件加载：40]
[ info ] [ LANG ] C:\phpStudy\PHPTutorial\WWW\taoshuTP5\ThinkPHP\thinkphp\lang\zh-cn.php
[ info ] [ ROUTE ] array (
  'type' => 'module',
  'module' => 
  array (
    0 => 'admin',
    1 => 'login',
    2 => 'logout',
  ),
)
[ info ] [ HEADER ] array (
  'cookie' => 'PHPSESSID=fj3fprcsui8iq8ccj7t9eefnd7',
  'accept-language' => 'zh-CN,zh;q=0.9,en;q=0.8',
  'accept-encoding' => 'gzip, deflate',
  'referer' => 'http://www.taoshutp5.org/admin/index/index',
  'accept' => 'text/html,application/xhtml+xml,application/xml;q=0.9,image/webp,image/apng,*/*;q=0.8',
  'user-agent' => 'Mozilla/5.0 (Windows NT 6.1) AppleWebKit/537.36 (KHTML, like Gecko) Chrome/70.0.3538.110 Safari/537.36',
  'upgrade-insecure-requests' => '1',
  'connection' => 'close',
  'host' => 'www.taoshutp5.org',
)
[ info ] [ PARAM ] array (
  '/admin/login/logout' => '',
)
[ info ] [ RUN ] app\admin\controller\Login->logout[ C:\phpStudy\PHPTutorial\WWW\taoshuTP5\ThinkPHP\application\admin\controller\Login.php ]
[ info ] [ SESSION ] INIT array (
  'id' => '',
  'var_session_id' => '',
  'prefix' => 'think',
  'type' => '',
  'auto_start' => true,
  'httponly' => true,
  'secure' => false,
)
[ info ] [ VIEW ] C:\phpStudy\PHPTutorial\WWW\taoshuTP5\ThinkPHP\thinkphp\tpl\dispatch_jump.tpl [ array (
  0 => 'code',
  1 => 'msg',
  2 => 'data',
  3 => 'url',
  4 => 'wait',
) ]
[ info ] [ LOG ] INIT File
---------------------------------------------------------------
[2018-12-28T15:26:21+08:00] 127.0.0.1 GET /admin/index/index.html
[ info ] www.taoshutp5.org/admin/index/index.html [运行时间：0.031002s][吞吐率：32.26req/s] [内存消耗：1,290.70kb] [文件加载：38]
[ info ] [ LANG ] C:\phpStudy\PHPTutorial\WWW\taoshuTP5\ThinkPHP\thinkphp\lang\zh-cn.php
[ info ] [ ROUTE ] array (
  'type' => 'module',
  'module' => 
  array (
    0 => 'admin',
    1 => 'index',
    2 => 'index',
  ),
)
[ info ] [ HEADER ] array (
  'cookie' => 'PHPSESSID=fj3fprcsui8iq8ccj7t9eefnd7',
  'accept-language' => 'zh-CN,zh;q=0.9,en;q=0.8',
  'accept-encoding' => 'gzip, deflate',
  'referer' => 'http://www.taoshutp5.org/admin/login/logout',
  'accept' => 'text/html,application/xhtml+xml,application/xml;q=0.9,image/webp,image/apng,*/*;q=0.8',
  'user-agent' => 'Mozilla/5.0 (Windows NT 6.1) AppleWebKit/537.36 (KHTML, like Gecko) Chrome/70.0.3538.110 Safari/537.36',
  'upgrade-insecure-requests' => '1',
  'connection' => 'close',
  'host' => 'www.taoshutp5.org',
)
[ info ] [ PARAM ] array (
  '/admin/index/index_html' => '',
)
[ info ] [ RUN ] app\admin\controller\Index->index[ C:\phpStudy\PHPTutorial\WWW\taoshuTP5\ThinkPHP\application\admin\controller\Index.php ]
[ info ] [ VIEW ] C:\phpStudy\PHPTutorial\WWW\taoshuTP5\ThinkPHP\public/../application/admin\view\index\index.html [ array (
) ]
[ info ] [ SESSION ] INIT array (
  'id' => '',
  'var_session_id' => '',
  'prefix' => 'think',
  'type' => '',
  'auto_start' => true,
  'httponly' => true,
  'secure' => false,
)
[ info ] [ LOG ] INIT File
---------------------------------------------------------------
[2018-12-28T15:26:23+08:00] 127.0.0.1 GET /admin/login/index
[ info ] www.taoshutp5.org/admin/login/index [运行时间：0.033002s][吞吐率：30.30req/s] [内存消耗：1,296.06kb] [文件加载：38]
[ info ] [ LANG ] C:\phpStudy\PHPTutorial\WWW\taoshuTP5\ThinkPHP\thinkphp\lang\zh-cn.php
[ info ] [ ROUTE ] array (
  'type' => 'module',
  'module' => 
  array (
    0 => 'admin',
    1 => 'login',
    2 => 'index',
  ),
)
[ info ] [ HEADER ] array (
  'cookie' => 'PHPSESSID=fj3fprcsui8iq8ccj7t9eefnd7',
  'accept-language' => 'zh-CN,zh;q=0.9,en;q=0.8',
  'accept-encoding' => 'gzip, deflate',
  'referer' => 'http://www.taoshutp5.org/admin/index/index.html',
  'accept' => 'text/html,application/xhtml+xml,application/xml;q=0.9,image/webp,image/apng,*/*;q=0.8',
  'user-agent' => 'Mozilla/5.0 (Windows NT 6.1) AppleWebKit/537.36 (KHTML, like Gecko) Chrome/70.0.3538.110 Safari/537.36',
  'upgrade-insecure-requests' => '1',
  'connection' => 'close',
  'host' => 'www.taoshutp5.org',
)
[ info ] [ PARAM ] array (
  '/admin/login/index' => '',
)
[ info ] [ RUN ] app\admin\controller\Login->index[ C:\phpStudy\PHPTutorial\WWW\taoshuTP5\ThinkPHP\application\admin\controller\Login.php ]
[ info ] [ VIEW ] C:\phpStudy\PHPTutorial\WWW\taoshuTP5\ThinkPHP\public/../application/admin\view\login\login.html [ array (
) ]
[ info ] [ LOG ] INIT File
---------------------------------------------------------------
[2018-12-28T15:26:27+08:00] 127.0.0.1 POST /admin/login/login
[ info ] www.taoshutp5.org/admin/login/login [运行时间：0.088005s][吞吐率：11.36req/s] [内存消耗：1,957.19kb] [文件加载：48]
[ info ] [ LANG ] C:\phpStudy\PHPTutorial\WWW\taoshuTP5\ThinkPHP\thinkphp\lang\zh-cn.php
[ info ] [ ROUTE ] array (
  'type' => 'module',
  'module' => 
  array (
    0 => 'admin',
    1 => 'login',
    2 => 'login',
  ),
)
[ info ] [ HEADER ] array (
  'cookie' => 'PHPSESSID=fj3fprcsui8iq8ccj7t9eefnd7',
  'accept-language' => 'zh-CN,zh;q=0.9,en;q=0.8',
  'accept-encoding' => 'gzip, deflate',
  'referer' => 'http://www.taoshutp5.org/admin/login/index',
  'accept' => 'text/html,application/xhtml+xml,application/xml;q=0.9,image/webp,image/apng,*/*;q=0.8',
  'user-agent' => 'Mozilla/5.0 (Windows NT 6.1) AppleWebKit/537.36 (KHTML, like Gecko) Chrome/70.0.3538.110 Safari/537.36',
  'content-type' => 'application/x-www-form-urlencoded',
  'upgrade-insecure-requests' => '1',
  'origin' => 'http://www.taoshutp5.org',
  'cache-control' => 'max-age=0',
  'content-length' => '19',
  'connection' => 'close',
  'host' => 'www.taoshutp5.org',
)
[ info ] [ PARAM ] array (
  '/admin/login/login' => '',
  'name' => 'root',
  'pwd' => 'admin',
)
[ info ] [ RUN ] app\admin\controller\Login->login[ C:\phpStudy\PHPTutorial\WWW\taoshuTP5\ThinkPHP\application\admin\controller\Login.php ]
[ info ] [ DB ] INIT mysql
[ info ] [ SESSION ] INIT array (
  'id' => '',
  'var_session_id' => '',
  'prefix' => 'think',
  'type' => '',
  'auto_start' => true,
  'httponly' => true,
  'secure' => false,
)
[ info ] [ VIEW ] C:\phpStudy\PHPTutorial\WWW\taoshuTP5\ThinkPHP\thinkphp\tpl\dispatch_jump.tpl [ array (
  0 => 'code',
  1 => 'msg',
  2 => 'data',
  3 => 'url',
  4 => 'wait',
) ]
[ info ] [ LOG ] INIT File
---------------------------------------------------------------
[2018-12-28T15:26:29+08:00] 127.0.0.1 GET /admin/index/index
[ info ] www.taoshutp5.org/admin/index/index [运行时间：0.031002s][吞吐率：32.26req/s] [内存消耗：1,290.77kb] [文件加载：38]
[ info ] [ LANG ] C:\phpStudy\PHPTutorial\WWW\taoshuTP5\ThinkPHP\thinkphp\lang\zh-cn.php
[ info ] [ ROUTE ] array (
  'type' => 'module',
  'module' => 
  array (
    0 => 'admin',
    1 => 'index',
    2 => 'index',
  ),
)
[ info ] [ HEADER ] array (
  'cookie' => 'PHPSESSID=fj3fprcsui8iq8ccj7t9eefnd7',
  'accept-language' => 'zh-CN,zh;q=0.9,en;q=0.8',
  'accept-encoding' => 'gzip, deflate',
  'referer' => 'http://www.taoshutp5.org/admin/login/login',
  'accept' => 'text/html,application/xhtml+xml,application/xml;q=0.9,image/webp,image/apng,*/*;q=0.8',
  'user-agent' => 'Mozilla/5.0 (Windows NT 6.1) AppleWebKit/537.36 (KHTML, like Gecko) Chrome/70.0.3538.110 Safari/537.36',
  'upgrade-insecure-requests' => '1',
  'connection' => 'close',
  'host' => 'www.taoshutp5.org',
)
[ info ] [ PARAM ] array (
  '/admin/index/index' => '',
)
[ info ] [ RUN ] app\admin\controller\Index->index[ C:\phpStudy\PHPTutorial\WWW\taoshuTP5\ThinkPHP\application\admin\controller\Index.php ]
[ info ] [ VIEW ] C:\phpStudy\PHPTutorial\WWW\taoshuTP5\ThinkPHP\public/../application/admin\view\index\index.html [ array (
) ]
[ info ] [ SESSION ] INIT array (
  'id' => '',
  'var_session_id' => '',
  'prefix' => 'think',
  'type' => '',
  'auto_start' => true,
  'httponly' => true,
  'secure' => false,
)
[ info ] [ LOG ] INIT File
---------------------------------------------------------------
[2018-12-28T15:31:19+08:00] 127.0.0.1 GET /admin/index/index
[ info ] www.taoshutp5.org/admin/index/index [运行时间：0.093006s][吞吐率：10.75req/s] [内存消耗：1,413.95kb] [文件加载：40]
[ info ] [ LANG ] C:\phpStudy\PHPTutorial\WWW\taoshuTP5\ThinkPHP\thinkphp\lang\zh-cn.php
[ info ] [ ROUTE ] array (
  'type' => 'module',
  'module' => 
  array (
    0 => 'admin',
    1 => 'index',
    2 => 'index',
  ),
)
[ info ] [ HEADER ] array (
  'cookie' => 'PHPSESSID=fj3fprcsui8iq8ccj7t9eefnd7',
  'accept-language' => 'zh-CN,zh;q=0.9,en;q=0.8',
  'accept-encoding' => 'gzip, deflate',
  'referer' => 'http://www.taoshutp5.org/admin/login/login',
  'accept' => 'text/html,application/xhtml+xml,application/xml;q=0.9,image/webp,image/apng,*/*;q=0.8',
  'user-agent' => 'Mozilla/5.0 (Windows NT 6.1) AppleWebKit/537.36 (KHTML, like Gecko) Chrome/70.0.3538.110 Safari/537.36',
  'upgrade-insecure-requests' => '1',
  'cache-control' => 'max-age=0',
  'connection' => 'close',
  'host' => 'www.taoshutp5.org',
)
[ info ] [ PARAM ] array (
  '/admin/index/index' => '',
)
[ info ] [ RUN ] app\admin\controller\Index->index[ C:\phpStudy\PHPTutorial\WWW\taoshuTP5\ThinkPHP\application\admin\controller\Index.php ]
[ info ] [ VIEW ] C:\phpStudy\PHPTutorial\WWW\taoshuTP5\ThinkPHP\public/../application/admin\view\index\index.html [ array (
) ]
[ info ] [ SESSION ] INIT array (
  'id' => '',
  'var_session_id' => '',
  'prefix' => 'think',
  'type' => '',
  'auto_start' => true,
  'httponly' => true,
  'secure' => false,
)
[ info ] [ LOG ] INIT File
---------------------------------------------------------------
[2018-12-28T15:31:49+08:00] 127.0.0.1 GET /admin/notice/noticeList
[ info ] www.taoshutp5.org/admin/notice/noticeList [运行时间：0.089005s][吞吐率：11.24req/s] [内存消耗：2,188.98kb] [文件加载：52]
[ info ] [ LANG ] C:\phpStudy\PHPTutorial\WWW\taoshuTP5\ThinkPHP\thinkphp\lang\zh-cn.php
[ info ] [ ROUTE ] array (
  'type' => 'module',
  'module' => 
  array (
    0 => 'admin',
    1 => 'notice',
    2 => 'noticeList',
  ),
)
[ info ] [ HEADER ] array (
  'cookie' => 'PHPSESSID=fj3fprcsui8iq8ccj7t9eefnd7',
  'accept-language' => 'zh-CN,zh;q=0.9,en;q=0.8',
  'accept-encoding' => 'gzip, deflate',
  'referer' => 'http://www.taoshutp5.org/admin/index/index',
  'accept' => 'text/html,application/xhtml+xml,application/xml;q=0.9,image/webp,image/apng,*/*;q=0.8',
  'user-agent' => 'Mozilla/5.0 (Windows NT 6.1) AppleWebKit/537.36 (KHTML, like Gecko) Chrome/70.0.3538.110 Safari/537.36',
  'upgrade-insecure-requests' => '1',
  'connection' => 'close',
  'host' => 'www.taoshutp5.org',
)
[ info ] [ PARAM ] array (
  '/admin/notice/noticeList' => '',
)
[ info ] [ SESSION ] INIT array (
  'id' => '',
  'var_session_id' => '',
  'prefix' => 'think',
  'type' => '',
  'auto_start' => true,
  'httponly' => true,
  'secure' => false,
)
[ info ] [ RUN ] app\admin\controller\Notice->noticeList[ C:\phpStudy\PHPTutorial\WWW\taoshuTP5\ThinkPHP\application\admin\controller\Notice.php ]
[ info ] [ DB ] INIT mysql
[ info ] [ VIEW ] C:\phpStudy\PHPTutorial\WWW\taoshuTP5\ThinkPHP\public/../application/admin\view\notice\noticeList.html [ array (
  0 => 'notice',
  1 => 'to',
) ]
[ info ] [ LOG ] INIT File
---------------------------------------------------------------
[2018-12-28T15:44:42+08:00] 127.0.0.1 GET /admin/notice/noticeList
[ info ] www.taoshutp5.org/admin/notice/noticeList [运行时间：0.065003s][吞吐率：15.38req/s] [内存消耗：2,060.59kb] [文件加载：50]
[ info ] [ LANG ] C:\phpStudy\PHPTutorial\WWW\taoshuTP5\ThinkPHP\thinkphp\lang\zh-cn.php
[ info ] [ ROUTE ] array (
  'type' => 'module',
  'module' => 
  array (
    0 => 'admin',
    1 => 'notice',
    2 => 'noticeList',
  ),
)
[ info ] [ HEADER ] array (
  'cookie' => 'PHPSESSID=fj3fprcsui8iq8ccj7t9eefnd7',
  'accept-language' => 'zh-CN,zh;q=0.9,en;q=0.8',
  'accept-encoding' => 'gzip, deflate',
  'referer' => 'http://www.taoshutp5.org/admin/notice/noticeList',
  'accept' => 'text/html,application/xhtml+xml,application/xml;q=0.9,image/webp,image/apng,*/*;q=0.8',
  'user-agent' => 'Mozilla/5.0 (Windows NT 6.1) AppleWebKit/537.36 (KHTML, like Gecko) Chrome/70.0.3538.110 Safari/537.36',
  'upgrade-insecure-requests' => '1',
  'connection' => 'close',
  'host' => 'www.taoshutp5.org',
)
[ info ] [ PARAM ] array (
  '/admin/notice/noticeList' => '',
)
[ info ] [ SESSION ] INIT array (
  'id' => '',
  'var_session_id' => '',
  'prefix' => 'think',
  'type' => '',
  'auto_start' => true,
  'httponly' => true,
  'secure' => false,
)
[ info ] [ RUN ] app\admin\controller\Notice->noticeList[ C:\phpStudy\PHPTutorial\WWW\taoshuTP5\ThinkPHP\application\admin\controller\Notice.php ]
[ info ] [ DB ] INIT mysql
[ info ] [ VIEW ] C:\phpStudy\PHPTutorial\WWW\taoshuTP5\ThinkPHP\public/../application/admin\view\notice\noticeList.html [ array (
  0 => 'notice',
  1 => 'to',
) ]
[ info ] [ LOG ] INIT File
---------------------------------------------------------------
[2018-12-28T15:44:45+08:00] 127.0.0.1 GET /admin/notice/noticeList
[ info ] www.taoshutp5.org/admin/notice/noticeList [运行时间：0.040003s][吞吐率：25.00req/s] [内存消耗：2,060.56kb] [文件加载：50]
[ info ] [ LANG ] C:\phpStudy\PHPTutorial\WWW\taoshuTP5\ThinkPHP\thinkphp\lang\zh-cn.php
[ info ] [ ROUTE ] array (
  'type' => 'module',
  'module' => 
  array (
    0 => 'admin',
    1 => 'notice',
    2 => 'noticeList',
  ),
)
[ info ] [ HEADER ] array (
  'cookie' => 'PHPSESSID=fj3fprcsui8iq8ccj7t9eefnd7',
  'accept-language' => 'zh-CN,zh;q=0.9,en;q=0.8',
  'accept-encoding' => 'gzip, deflate',
  'referer' => 'http://www.taoshutp5.org/admin/notice/noticeList',
  'accept' => 'text/html,application/xhtml+xml,application/xml;q=0.9,image/webp,image/apng,*/*;q=0.8',
  'user-agent' => 'Mozilla/5.0 (Windows NT 6.1) AppleWebKit/537.36 (KHTML, like Gecko) Chrome/70.0.3538.110 Safari/537.36',
  'upgrade-insecure-requests' => '1',
  'connection' => 'close',
  'host' => 'www.taoshutp5.org',
)
[ info ] [ PARAM ] array (
  '/admin/notice/noticeList' => '',
)
[ info ] [ SESSION ] INIT array (
  'id' => '',
  'var_session_id' => '',
  'prefix' => 'think',
  'type' => '',
  'auto_start' => true,
  'httponly' => true,
  'secure' => false,
)
[ info ] [ RUN ] app\admin\controller\Notice->noticeList[ C:\phpStudy\PHPTutorial\WWW\taoshuTP5\ThinkPHP\application\admin\controller\Notice.php ]
[ info ] [ DB ] INIT mysql
[ info ] [ VIEW ] C:\phpStudy\PHPTutorial\WWW\taoshuTP5\ThinkPHP\public/../application/admin\view\notice\noticeList.html [ array (
  0 => 'notice',
  1 => 'to',
) ]
[ info ] [ LOG ] INIT File
---------------------------------------------------------------
[2018-12-28T16:04:17+08:00] 127.0.0.1 GET /admin/notice/noticeList
[ info ] www.taoshutp5.org/admin/notice/noticeList [运行时间：0.079004s][吞吐率：12.66req/s] [内存消耗：2,060.85kb] [文件加载：50]
[ info ] [ LANG ] C:\phpStudy\PHPTutorial\WWW\taoshuTP5\ThinkPHP\thinkphp\lang\zh-cn.php
[ info ] [ ROUTE ] array (
  'type' => 'module',
  'module' => 
  array (
    0 => 'admin',
    1 => 'notice',
    2 => 'noticeList',
  ),
)
[ info ] [ HEADER ] array (
  'cookie' => 'PHPSESSID=fj3fprcsui8iq8ccj7t9eefnd7',
  'accept-language' => 'zh-CN,zh;q=0.9,en;q=0.8',
  'accept-encoding' => 'gzip, deflate',
  'referer' => 'http://www.taoshutp5.org/admin/notice/noticeList',
  'accept' => 'text/html,application/xhtml+xml,application/xml;q=0.9,image/webp,image/apng,*/*;q=0.8',
  'user-agent' => 'Mozilla/5.0 (Windows NT 6.1) AppleWebKit/537.36 (KHTML, like Gecko) Chrome/70.0.3538.110 Safari/537.36',
  'upgrade-insecure-requests' => '1',
  'cache-control' => 'max-age=0',
  'connection' => 'close',
  'host' => 'www.taoshutp5.org',
)
[ info ] [ PARAM ] array (
  '/admin/notice/noticeList' => '',
)
[ info ] [ SESSION ] INIT array (
  'id' => '',
  'var_session_id' => '',
  'prefix' => 'think',
  'type' => '',
  'auto_start' => true,
  'httponly' => true,
  'secure' => false,
)
[ info ] [ RUN ] app\admin\controller\Notice->noticeList[ C:\phpStudy\PHPTutorial\WWW\taoshuTP5\ThinkPHP\application\admin\controller\Notice.php ]
[ info ] [ DB ] INIT mysql
[ info ] [ VIEW ] C:\phpStudy\PHPTutorial\WWW\taoshuTP5\ThinkPHP\public/../application/admin\view\notice\noticeList.html [ array (
  0 => 'notice',
  1 => 'to',
) ]
[ info ] [ LOG ] INIT File
---------------------------------------------------------------
[2018-12-28T16:05:00+08:00] 127.0.0.1 GET /admin/notice/noticeList
[ info ] www.taoshutp5.org/admin/notice/noticeList [运行时间：0.093005s][吞吐率：10.75req/s] [内存消耗：2,188.94kb] [文件加载：52]
[ info ] [ LANG ] C:\phpStudy\PHPTutorial\WWW\taoshuTP5\ThinkPHP\thinkphp\lang\zh-cn.php
[ info ] [ ROUTE ] array (
  'type' => 'module',
  'module' => 
  array (
    0 => 'admin',
    1 => 'notice',
    2 => 'noticeList',
  ),
)
[ info ] [ HEADER ] array (
  'cookie' => 'PHPSESSID=fj3fprcsui8iq8ccj7t9eefnd7',
  'accept-language' => 'zh-CN,zh;q=0.9,en;q=0.8',
  'accept-encoding' => 'gzip, deflate',
  'referer' => 'http://www.taoshutp5.org/admin/notice/noticeList',
  'accept' => 'text/html,application/xhtml+xml,application/xml;q=0.9,image/webp,image/apng,*/*;q=0.8',
  'user-agent' => 'Mozilla/5.0 (Windows NT 6.1) AppleWebKit/537.36 (KHTML, like Gecko) Chrome/70.0.3538.110 Safari/537.36',
  'upgrade-insecure-requests' => '1',
  'cache-control' => 'max-age=0',
  'connection' => 'close',
  'host' => 'www.taoshutp5.org',
)
[ info ] [ PARAM ] array (
  '/admin/notice/noticeList' => '',
)
[ info ] [ SESSION ] INIT array (
  'id' => '',
  'var_session_id' => '',
  'prefix' => 'think',
  'type' => '',
  'auto_start' => true,
  'httponly' => true,
  'secure' => false,
)
[ info ] [ RUN ] app\admin\controller\Notice->noticeList[ C:\phpStudy\PHPTutorial\WWW\taoshuTP5\ThinkPHP\application\admin\controller\Notice.php ]
[ info ] [ DB ] INIT mysql
[ info ] [ VIEW ] C:\phpStudy\PHPTutorial\WWW\taoshuTP5\ThinkPHP\public/../application/admin\view\notice\noticeList.html [ array (
  0 => 'notice',
  1 => 'to',
) ]
[ info ] [ LOG ] INIT File
---------------------------------------------------------------
[2018-12-28T16:05:02+08:00] 127.0.0.1 GET /admin/violation/violateList
[ info ] www.taoshutp5.org/admin/violation/violateList [运行时间：0.051003s][吞吐率：19.61req/s] [内存消耗：2,211.58kb] [文件加载：56]
[ info ] [ LANG ] C:\phpStudy\PHPTutorial\WWW\taoshuTP5\ThinkPHP\thinkphp\lang\zh-cn.php
[ info ] [ ROUTE ] array (
  'type' => 'module',
  'module' => 
  array (
    0 => 'admin',
    1 => 'violation',
    2 => 'violateList',
  ),
)
[ info ] [ HEADER ] array (
  'cookie' => 'PHPSESSID=fj3fprcsui8iq8ccj7t9eefnd7',
  'accept-language' => 'zh-CN,zh;q=0.9,en;q=0.8',
  'accept-encoding' => 'gzip, deflate',
  'referer' => 'http://www.taoshutp5.org/admin/notice/noticeList',
  'accept' => 'text/html,application/xhtml+xml,application/xml;q=0.9,image/webp,image/apng,*/*;q=0.8',
  'user-agent' => 'Mozilla/5.0 (Windows NT 6.1) AppleWebKit/537.36 (KHTML, like Gecko) Chrome/70.0.3538.110 Safari/537.36',
  'upgrade-insecure-requests' => '1',
  'connection' => 'close',
  'host' => 'www.taoshutp5.org',
)
[ info ] [ PARAM ] array (
  '/admin/violation/violateList' => '',
)
[ info ] [ SESSION ] INIT array (
  'id' => '',
  'var_session_id' => '',
  'prefix' => 'think',
  'type' => '',
  'auto_start' => true,
  'httponly' => true,
  'secure' => false,
)
[ info ] [ RUN ] app\admin\controller\Violation->violateList[ C:\phpStudy\PHPTutorial\WWW\taoshuTP5\ThinkPHP\application\admin\controller\Violation.php ]
[ info ] [ DB ] INIT mysql
[ info ] [ VIEW ] C:\phpStudy\PHPTutorial\WWW\taoshuTP5\ThinkPHP\public/../application/admin\view\violation\violateList.html [ array (
  0 => 'violateList',
  1 => 'violateNumber',
) ]
[ info ] [ LOG ] INIT File
---------------------------------------------------------------
[2018-12-28T16:05:30+08:00] 127.0.0.1 GET /admin/violation/violateList
[ info ] www.taoshutp5.org/admin/violation/violateList [运行时间：0.053003s][吞吐率：18.87req/s] [内存消耗：2,172.27kb] [文件加载：52]
[ info ] [ LANG ] C:\phpStudy\PHPTutorial\WWW\taoshuTP5\ThinkPHP\thinkphp\lang\zh-cn.php
[ info ] [ ROUTE ] array (
  'type' => 'module',
  'module' => 
  array (
    0 => 'admin',
    1 => 'violation',
    2 => 'violateList',
  ),
)
[ info ] [ HEADER ] array (
  'cookie' => 'PHPSESSID=fj3fprcsui8iq8ccj7t9eefnd7',
  'accept-language' => 'zh-CN,zh;q=0.9,en;q=0.8',
  'accept-encoding' => 'gzip, deflate',
  'referer' => 'http://www.taoshutp5.org/admin/notice/noticeList',
  'accept' => 'text/html,application/xhtml+xml,application/xml;q=0.9,image/webp,image/apng,*/*;q=0.8',
  'user-agent' => 'Mozilla/5.0 (Windows NT 6.1) AppleWebKit/537.36 (KHTML, like Gecko) Chrome/70.0.3538.110 Safari/537.36',
  'upgrade-insecure-requests' => '1',
  'cache-control' => 'max-age=0',
  'connection' => 'close',
  'host' => 'www.taoshutp5.org',
)
[ info ] [ PARAM ] array (
  '/admin/violation/violateList' => '',
)
[ info ] [ SESSION ] INIT array (
  'id' => '',
  'var_session_id' => '',
  'prefix' => 'think',
  'type' => '',
  'auto_start' => true,
  'httponly' => true,
  'secure' => false,
)
[ info ] [ RUN ] app\admin\controller\Violation->violateList[ C:\phpStudy\PHPTutorial\WWW\taoshuTP5\ThinkPHP\application\admin\controller\Violation.php ]
[ info ] [ DB ] INIT mysql
[ info ] [ VIEW ] C:\phpStudy\PHPTutorial\WWW\taoshuTP5\ThinkPHP\public/../application/admin\view\violation\violateList.html [ array (
  0 => 'violateList',
  1 => 'violateNumber',
) ]
[ info ] [ LOG ] INIT File
---------------------------------------------------------------
[2018-12-28T16:05:52+08:00] 127.0.0.1 GET /admin/violation/violateList
[ info ] www.taoshutp5.org/admin/violation/violateList [运行时间：0.055004s][吞吐率：18.18req/s] [内存消耗：2,172.31kb] [文件加载：52]
[ info ] [ LANG ] C:\phpStudy\PHPTutorial\WWW\taoshuTP5\ThinkPHP\thinkphp\lang\zh-cn.php
[ info ] [ ROUTE ] array (
  'type' => 'module',
  'module' => 
  array (
    0 => 'admin',
    1 => 'violation',
    2 => 'violateList',
  ),
)
[ info ] [ HEADER ] array (
  'cookie' => 'PHPSESSID=fj3fprcsui8iq8ccj7t9eefnd7',
  'accept-language' => 'zh-CN,zh;q=0.9,en;q=0.8',
  'accept-encoding' => 'gzip, deflate',
  'referer' => 'http://www.taoshutp5.org/admin/notice/noticeList',
  'accept' => 'text/html,application/xhtml+xml,application/xml;q=0.9,image/webp,image/apng,*/*;q=0.8',
  'user-agent' => 'Mozilla/5.0 (Windows NT 6.1) AppleWebKit/537.36 (KHTML, like Gecko) Chrome/70.0.3538.110 Safari/537.36',
  'upgrade-insecure-requests' => '1',
  'cache-control' => 'max-age=0',
  'connection' => 'close',
  'host' => 'www.taoshutp5.org',
)
[ info ] [ PARAM ] array (
  '/admin/violation/violateList' => '',
)
[ info ] [ SESSION ] INIT array (
  'id' => '',
  'var_session_id' => '',
  'prefix' => 'think',
  'type' => '',
  'auto_start' => true,
  'httponly' => true,
  'secure' => false,
)
[ info ] [ RUN ] app\admin\controller\Violation->violateList[ C:\phpStudy\PHPTutorial\WWW\taoshuTP5\ThinkPHP\application\admin\controller\Violation.php ]
[ info ] [ DB ] INIT mysql
[ info ] [ VIEW ] C:\phpStudy\PHPTutorial\WWW\taoshuTP5\ThinkPHP\public/../application/admin\view\violation\violateList.html [ array (
  0 => 'violateList',
  1 => 'violateNumber',
) ]
[ info ] [ LOG ] INIT File
---------------------------------------------------------------
[2018-12-28T16:07:14+08:00] 127.0.0.1 GET /admin/violation/violateList
[ info ] www.taoshutp5.org/admin/violation/violateList [运行时间：0.055003s][吞吐率：18.18req/s] [内存消耗：2,172.72kb] [文件加载：52]
[ info ] [ LANG ] C:\phpStudy\PHPTutorial\WWW\taoshuTP5\ThinkPHP\thinkphp\lang\zh-cn.php
[ info ] [ ROUTE ] array (
  'type' => 'module',
  'module' => 
  array (
    0 => 'admin',
    1 => 'violation',
    2 => 'violateList',
  ),
)
[ info ] [ HEADER ] array (
  'cookie' => 'PHPSESSID=fj3fprcsui8iq8ccj7t9eefnd7',
  'accept-language' => 'zh-CN,zh;q=0.9,en;q=0.8',
  'accept-encoding' => 'gzip, deflate',
  'referer' => 'http://www.taoshutp5.org/admin/notice/noticeList',
  'accept' => 'text/html,application/xhtml+xml,application/xml;q=0.9,image/webp,image/apng,*/*;q=0.8',
  'user-agent' => 'Mozilla/5.0 (Windows NT 6.1) AppleWebKit/537.36 (KHTML, like Gecko) Chrome/70.0.3538.110 Safari/537.36',
  'upgrade-insecure-requests' => '1',
  'cache-control' => 'max-age=0',
  'connection' => 'close',
  'host' => 'www.taoshutp5.org',
)
[ info ] [ PARAM ] array (
  '/admin/violation/violateList' => '',
)
[ info ] [ SESSION ] INIT array (
  'id' => '',
  'var_session_id' => '',
  'prefix' => 'think',
  'type' => '',
  'auto_start' => true,
  'httponly' => true,
  'secure' => false,
)
[ info ] [ RUN ] app\admin\controller\Violation->violateList[ C:\phpStudy\PHPTutorial\WWW\taoshuTP5\ThinkPHP\application\admin\controller\Violation.php ]
[ info ] [ DB ] INIT mysql
[ info ] [ VIEW ] C:\phpStudy\PHPTutorial\WWW\taoshuTP5\ThinkPHP\public/../application/admin\view\violation\violateList.html [ array (
  0 => 'violateList',
  1 => 'violateNumber',
) ]
[ info ] [ LOG ] INIT File
---------------------------------------------------------------
[2018-12-28T16:07:44+08:00] 127.0.0.1 GET /admin/violation/violateList
[ info ] www.taoshutp5.org/admin/violation/violateList [运行时间：0.039002s][吞吐率：25.64req/s] [内存消耗：2,172.71kb] [文件加载：52]
[ info ] [ LANG ] C:\phpStudy\PHPTutorial\WWW\taoshuTP5\ThinkPHP\thinkphp\lang\zh-cn.php
[ info ] [ ROUTE ] array (
  'type' => 'module',
  'module' => 
  array (
    0 => 'admin',
    1 => 'violation',
    2 => 'violateList',
  ),
)
[ info ] [ HEADER ] array (
  'cookie' => 'PHPSESSID=fj3fprcsui8iq8ccj7t9eefnd7',
  'accept-language' => 'zh-CN,zh;q=0.9,en;q=0.8',
  'accept-encoding' => 'gzip, deflate',
  'referer' => 'http://www.taoshutp5.org/admin/notice/noticeList',
  'accept' => 'text/html,application/xhtml+xml,application/xml;q=0.9,image/webp,image/apng,*/*;q=0.8',
  'user-agent' => 'Mozilla/5.0 (Windows NT 6.1) AppleWebKit/537.36 (KHTML, like Gecko) Chrome/70.0.3538.110 Safari/537.36',
  'upgrade-insecure-requests' => '1',
  'cache-control' => 'max-age=0',
  'connection' => 'close',
  'host' => 'www.taoshutp5.org',
)
[ info ] [ PARAM ] array (
  '/admin/violation/violateList' => '',
)
[ info ] [ SESSION ] INIT array (
  'id' => '',
  'var_session_id' => '',
  'prefix' => 'think',
  'type' => '',
  'auto_start' => true,
  'httponly' => true,
  'secure' => false,
)
[ info ] [ RUN ] app\admin\controller\Violation->violateList[ C:\phpStudy\PHPTutorial\WWW\taoshuTP5\ThinkPHP\application\admin\controller\Violation.php ]
[ info ] [ DB ] INIT mysql
[ info ] [ VIEW ] C:\phpStudy\PHPTutorial\WWW\taoshuTP5\ThinkPHP\public/../application/admin\view\violation\violateList.html [ array (
  0 => 'violateList',
  1 => 'violateNumber',
) ]
[ info ] [ LOG ] INIT File
---------------------------------------------------------------
[2018-12-28T16:09:57+08:00] 127.0.0.1 GET /admin/violation/violateList
[ info ] www.taoshutp5.org/admin/violation/violateList [运行时间：0.051003s][吞吐率：19.61req/s] [内存消耗：2,172.71kb] [文件加载：52]
[ info ] [ LANG ] C:\phpStudy\PHPTutorial\WWW\taoshuTP5\ThinkPHP\thinkphp\lang\zh-cn.php
[ info ] [ ROUTE ] array (
  'type' => 'module',
  'module' => 
  array (
    0 => 'admin',
    1 => 'violation',
    2 => 'violateList',
  ),
)
[ info ] [ HEADER ] array (
  'cookie' => 'PHPSESSID=fj3fprcsui8iq8ccj7t9eefnd7',
  'accept-language' => 'zh-CN,zh;q=0.9,en;q=0.8',
  'accept-encoding' => 'gzip, deflate',
  'referer' => 'http://www.taoshutp5.org/admin/notice/noticeList',
  'accept' => 'text/html,application/xhtml+xml,application/xml;q=0.9,image/webp,image/apng,*/*;q=0.8',
  'user-agent' => 'Mozilla/5.0 (Windows NT 6.1) AppleWebKit/537.36 (KHTML, like Gecko) Chrome/70.0.3538.110 Safari/537.36',
  'upgrade-insecure-requests' => '1',
  'cache-control' => 'max-age=0',
  'connection' => 'close',
  'host' => 'www.taoshutp5.org',
)
[ info ] [ PARAM ] array (
  '/admin/violation/violateList' => '',
)
[ info ] [ SESSION ] INIT array (
  'id' => '',
  'var_session_id' => '',
  'prefix' => 'think',
  'type' => '',
  'auto_start' => true,
  'httponly' => true,
  'secure' => false,
)
[ info ] [ RUN ] app\admin\controller\Violation->violateList[ C:\phpStudy\PHPTutorial\WWW\taoshuTP5\ThinkPHP\application\admin\controller\Violation.php ]
[ info ] [ DB ] INIT mysql
[ info ] [ VIEW ] C:\phpStudy\PHPTutorial\WWW\taoshuTP5\ThinkPHP\public/../application/admin\view\violation\violateList.html [ array (
  0 => 'violateList',
  1 => 'violateNumber',
) ]
[ info ] [ LOG ] INIT File
---------------------------------------------------------------
[2018-12-28T16:14:20+08:00] 127.0.0.1 GET /admin/violation/violateList
[ info ] www.taoshutp5.org/admin/violation/violateList [运行时间：0.105006s][吞吐率：9.52req/s] [内存消耗：2,172.59kb] [文件加载：52]
[ info ] [ LANG ] C:\phpStudy\PHPTutorial\WWW\taoshuTP5\ThinkPHP\thinkphp\lang\zh-cn.php
[ info ] [ ROUTE ] array (
  'type' => 'module',
  'module' => 
  array (
    0 => 'admin',
    1 => 'violation',
    2 => 'violateList',
  ),
)
[ info ] [ HEADER ] array (
  'cookie' => 'PHPSESSID=fj3fprcsui8iq8ccj7t9eefnd7',
  'accept-language' => 'zh-CN,zh;q=0.9,en;q=0.8',
  'accept-encoding' => 'gzip, deflate',
  'referer' => 'http://www.taoshutp5.org/admin/notice/noticeList',
  'accept' => 'text/html,application/xhtml+xml,application/xml;q=0.9,image/webp,image/apng,*/*;q=0.8',
  'user-agent' => 'Mozilla/5.0 (Windows NT 6.1) AppleWebKit/537.36 (KHTML, like Gecko) Chrome/70.0.3538.110 Safari/537.36',
  'upgrade-insecure-requests' => '1',
  'cache-control' => 'max-age=0',
  'connection' => 'close',
  'host' => 'www.taoshutp5.org',
)
[ info ] [ PARAM ] array (
  '/admin/violation/violateList' => '',
)
[ info ] [ SESSION ] INIT array (
  'id' => '',
  'var_session_id' => '',
  'prefix' => 'think',
  'type' => '',
  'auto_start' => true,
  'httponly' => true,
  'secure' => false,
)
[ info ] [ RUN ] app\admin\controller\Violation->violateList[ C:\phpStudy\PHPTutorial\WWW\taoshuTP5\ThinkPHP\application\admin\controller\Violation.php ]
[ info ] [ DB ] INIT mysql
[ info ] [ VIEW ] C:\phpStudy\PHPTutorial\WWW\taoshuTP5\ThinkPHP\public/../application/admin\view\violation\violateList.html [ array (
  0 => 'violateList',
  1 => 'violateNumber',
) ]
[ info ] [ LOG ] INIT File
---------------------------------------------------------------
[2018-12-28T16:16:53+08:00] 127.0.0.1 GET /admin/violation/violateList
[ info ] www.taoshutp5.org/admin/violation/violateList [运行时间：0.044002s][吞吐率：22.73req/s] [内存消耗：1,362.52kb] [文件加载：41]
[ info ] [ LANG ] C:\phpStudy\PHPTutorial\WWW\taoshuTP5\ThinkPHP\thinkphp\lang\zh-cn.php
[ info ] [ ROUTE ] array (
  'type' => 'module',
  'module' => 
  array (
    0 => 'admin',
    1 => 'violation',
    2 => 'violateList',
  ),
)
[ info ] [ HEADER ] array (
  'cookie' => 'PHPSESSID=fj3fprcsui8iq8ccj7t9eefnd7',
  'accept-language' => 'zh-CN,zh;q=0.9,en;q=0.8',
  'accept-encoding' => 'gzip, deflate',
  'referer' => 'http://www.taoshutp5.org/admin/notice/noticeList',
  'accept' => 'text/html,application/xhtml+xml,application/xml;q=0.9,image/webp,image/apng,*/*;q=0.8',
  'user-agent' => 'Mozilla/5.0 (Windows NT 6.1) AppleWebKit/537.36 (KHTML, like Gecko) Chrome/70.0.3538.110 Safari/537.36',
  'upgrade-insecure-requests' => '1',
  'cache-control' => 'max-age=0',
  'connection' => 'close',
  'host' => 'www.taoshutp5.org',
)
[ info ] [ PARAM ] array (
  '/admin/violation/violateList' => '',
)
[ info ] [ SESSION ] INIT array (
  'id' => '',
  'var_session_id' => '',
  'prefix' => 'think',
  'type' => '',
  'auto_start' => true,
  'httponly' => true,
  'secure' => false,
)
[ info ] [ VIEW ] C:\phpStudy\PHPTutorial\WWW\taoshuTP5\ThinkPHP\thinkphp\tpl\dispatch_jump.tpl [ array (
  0 => 'code',
  1 => 'msg',
  2 => 'data',
  3 => 'url',
  4 => 'wait',
) ]
[ info ] [ LOG ] INIT File
---------------------------------------------------------------
[2018-12-28T16:16:54+08:00] 127.0.0.1 GET /admin/login/index.html
[ info ] www.taoshutp5.org/admin/login/index.html [运行时间：0.038002s][吞吐率：26.31req/s] [内存消耗：1,296.07kb] [文件加载：38]
[ info ] [ LANG ] C:\phpStudy\PHPTutorial\WWW\taoshuTP5\ThinkPHP\thinkphp\lang\zh-cn.php
[ info ] [ ROUTE ] array (
  'type' => 'module',
  'module' => 
  array (
    0 => 'admin',
    1 => 'login',
    2 => 'index',
  ),
)
[ info ] [ HEADER ] array (
  'cookie' => 'PHPSESSID=fj3fprcsui8iq8ccj7t9eefnd7',
  'accept-language' => 'zh-CN,zh;q=0.9,en;q=0.8',
  'accept-encoding' => 'gzip, deflate',
  'referer' => 'http://www.taoshutp5.org/admin/violation/violateList',
  'accept' => 'text/html,application/xhtml+xml,application/xml;q=0.9,image/webp,image/apng,*/*;q=0.8',
  'user-agent' => 'Mozilla/5.0 (Windows NT 6.1) AppleWebKit/537.36 (KHTML, like Gecko) Chrome/70.0.3538.110 Safari/537.36',
  'upgrade-insecure-requests' => '1',
  'connection' => 'close',
  'host' => 'www.taoshutp5.org',
)
[ info ] [ PARAM ] array (
  '/admin/login/index_html' => '',
)
[ info ] [ RUN ] app\admin\controller\Login->index[ C:\phpStudy\PHPTutorial\WWW\taoshuTP5\ThinkPHP\application\admin\controller\Login.php ]
[ info ] [ VIEW ] C:\phpStudy\PHPTutorial\WWW\taoshuTP5\ThinkPHP\public/../application/admin\view\login\login.html [ array (
) ]
[ info ] [ LOG ] INIT File
---------------------------------------------------------------
[2018-12-28T16:17:00+08:00] 127.0.0.1 POST /admin/login/login
[ info ] www.taoshutp5.org/admin/login/login [运行时间：0.145008s][吞吐率：6.90req/s] [内存消耗：1,957.21kb] [文件加载：48]
[ info ] [ LANG ] C:\phpStudy\PHPTutorial\WWW\taoshuTP5\ThinkPHP\thinkphp\lang\zh-cn.php
[ info ] [ ROUTE ] array (
  'type' => 'module',
  'module' => 
  array (
    0 => 'admin',
    1 => 'login',
    2 => 'login',
  ),
)
[ info ] [ HEADER ] array (
  'cookie' => 'PHPSESSID=fj3fprcsui8iq8ccj7t9eefnd7',
  'accept-language' => 'zh-CN,zh;q=0.9,en;q=0.8',
  'accept-encoding' => 'gzip, deflate',
  'referer' => 'http://www.taoshutp5.org/admin/login/index.html',
  'accept' => 'text/html,application/xhtml+xml,application/xml;q=0.9,image/webp,image/apng,*/*;q=0.8',
  'user-agent' => 'Mozilla/5.0 (Windows NT 6.1) AppleWebKit/537.36 (KHTML, like Gecko) Chrome/70.0.3538.110 Safari/537.36',
  'content-type' => 'application/x-www-form-urlencoded',
  'upgrade-insecure-requests' => '1',
  'origin' => 'http://www.taoshutp5.org',
  'cache-control' => 'max-age=0',
  'content-length' => '19',
  'connection' => 'close',
  'host' => 'www.taoshutp5.org',
)
[ info ] [ PARAM ] array (
  '/admin/login/login' => '',
  'name' => 'root',
  'pwd' => 'admin',
)
[ info ] [ RUN ] app\admin\controller\Login->login[ C:\phpStudy\PHPTutorial\WWW\taoshuTP5\ThinkPHP\application\admin\controller\Login.php ]
[ info ] [ DB ] INIT mysql
[ info ] [ SESSION ] INIT array (
  'id' => '',
  'var_session_id' => '',
  'prefix' => 'think',
  'type' => '',
  'auto_start' => true,
  'httponly' => true,
  'secure' => false,
)
[ info ] [ VIEW ] C:\phpStudy\PHPTutorial\WWW\taoshuTP5\ThinkPHP\thinkphp\tpl\dispatch_jump.tpl [ array (
  0 => 'code',
  1 => 'msg',
  2 => 'data',
  3 => 'url',
  4 => 'wait',
) ]
[ info ] [ LOG ] INIT File
---------------------------------------------------------------
[2018-12-28T16:17:02+08:00] 127.0.0.1 GET /admin/index/index
[ info ] www.taoshutp5.org/admin/index/index [运行时间：0.059004s][吞吐率：16.95req/s] [内存消耗：1,413.49kb] [文件加载：40]
[ info ] [ LANG ] C:\phpStudy\PHPTutorial\WWW\taoshuTP5\ThinkPHP\thinkphp\lang\zh-cn.php
[ info ] [ ROUTE ] array (
  'type' => 'module',
  'module' => 
  array (
    0 => 'admin',
    1 => 'index',
    2 => 'index',
  ),
)
[ info ] [ HEADER ] array (
  'cookie' => 'PHPSESSID=fj3fprcsui8iq8ccj7t9eefnd7',
  'accept-language' => 'zh-CN,zh;q=0.9,en;q=0.8',
  'accept-encoding' => 'gzip, deflate',
  'referer' => 'http://www.taoshutp5.org/admin/login/login',
  'accept' => 'text/html,application/xhtml+xml,application/xml;q=0.9,image/webp,image/apng,*/*;q=0.8',
  'user-agent' => 'Mozilla/5.0 (Windows NT 6.1) AppleWebKit/537.36 (KHTML, like Gecko) Chrome/70.0.3538.110 Safari/537.36',
  'upgrade-insecure-requests' => '1',
  'connection' => 'close',
  'host' => 'www.taoshutp5.org',
)
[ info ] [ PARAM ] array (
  '/admin/index/index' => '',
)
[ info ] [ RUN ] app\admin\controller\Index->index[ C:\phpStudy\PHPTutorial\WWW\taoshuTP5\ThinkPHP\application\admin\controller\Index.php ]
[ info ] [ VIEW ] C:\phpStudy\PHPTutorial\WWW\taoshuTP5\ThinkPHP\public/../application/admin\view\index\index.html [ array (
) ]
[ info ] [ SESSION ] INIT array (
  'id' => '',
  'var_session_id' => '',
  'prefix' => 'think',
  'type' => '',
  'auto_start' => true,
  'httponly' => true,
  'secure' => false,
)
[ info ] [ LOG ] INIT File
---------------------------------------------------------------
[2018-12-28T16:17:04+08:00] 127.0.0.1 GET /admin/violation/violateList
[ info ] www.taoshutp5.org/admin/violation/violateList [运行时间：0.044002s][吞吐率：22.73req/s] [内存消耗：2,172.30kb] [文件加载：52]
[ info ] [ LANG ] C:\phpStudy\PHPTutorial\WWW\taoshuTP5\ThinkPHP\thinkphp\lang\zh-cn.php
[ info ] [ ROUTE ] array (
  'type' => 'module',
  'module' => 
  array (
    0 => 'admin',
    1 => 'violation',
    2 => 'violateList',
  ),
)
[ info ] [ HEADER ] array (
  'cookie' => 'PHPSESSID=fj3fprcsui8iq8ccj7t9eefnd7',
  'accept-language' => 'zh-CN,zh;q=0.9,en;q=0.8',
  'accept-encoding' => 'gzip, deflate',
  'referer' => 'http://www.taoshutp5.org/admin/index/index',
  'accept' => 'text/html,application/xhtml+xml,application/xml;q=0.9,image/webp,image/apng,*/*;q=0.8',
  'user-agent' => 'Mozilla/5.0 (Windows NT 6.1) AppleWebKit/537.36 (KHTML, like Gecko) Chrome/70.0.3538.110 Safari/537.36',
  'upgrade-insecure-requests' => '1',
  'connection' => 'close',
  'host' => 'www.taoshutp5.org',
)
[ info ] [ PARAM ] array (
  '/admin/violation/violateList' => '',
)
[ info ] [ SESSION ] INIT array (
  'id' => '',
  'var_session_id' => '',
  'prefix' => 'think',
  'type' => '',
  'auto_start' => true,
  'httponly' => true,
  'secure' => false,
)
[ info ] [ RUN ] app\admin\controller\Violation->violateList[ C:\phpStudy\PHPTutorial\WWW\taoshuTP5\ThinkPHP\application\admin\controller\Violation.php ]
[ info ] [ DB ] INIT mysql
[ info ] [ VIEW ] C:\phpStudy\PHPTutorial\WWW\taoshuTP5\ThinkPHP\public/../application/admin\view\violation\violateList.html [ array (
  0 => 'violateList',
  1 => 'violateNumber',
) ]
[ info ] [ LOG ] INIT File
---------------------------------------------------------------
[2018-12-28T16:17:24+08:00] 127.0.0.1 GET /admin/violation/violateList
[ info ] www.taoshutp5.org/admin/violation/violateList [运行时间：0.093005s][吞吐率：10.75req/s] [内存消耗：2,172.27kb] [文件加载：52]
[ info ] [ LANG ] C:\phpStudy\PHPTutorial\WWW\taoshuTP5\ThinkPHP\thinkphp\lang\zh-cn.php
[ info ] [ ROUTE ] array (
  'type' => 'module',
  'module' => 
  array (
    0 => 'admin',
    1 => 'violation',
    2 => 'violateList',
  ),
)
[ info ] [ HEADER ] array (
  'cookie' => 'PHPSESSID=fj3fprcsui8iq8ccj7t9eefnd7',
  'accept-language' => 'zh-CN,zh;q=0.9,en;q=0.8',
  'accept-encoding' => 'gzip, deflate',
  'referer' => 'http://www.taoshutp5.org/admin/index/index',
  'accept' => 'text/html,application/xhtml+xml,application/xml;q=0.9,image/webp,image/apng,*/*;q=0.8',
  'user-agent' => 'Mozilla/5.0 (Windows NT 6.1) AppleWebKit/537.36 (KHTML, like Gecko) Chrome/70.0.3538.110 Safari/537.36',
  'upgrade-insecure-requests' => '1',
  'cache-control' => 'max-age=0',
  'connection' => 'close',
  'host' => 'www.taoshutp5.org',
)
[ info ] [ PARAM ] array (
  '/admin/violation/violateList' => '',
)
[ info ] [ SESSION ] INIT array (
  'id' => '',
  'var_session_id' => '',
  'prefix' => 'think',
  'type' => '',
  'auto_start' => true,
  'httponly' => true,
  'secure' => false,
)
[ info ] [ RUN ] app\admin\controller\Violation->violateList[ C:\phpStudy\PHPTutorial\WWW\taoshuTP5\ThinkPHP\application\admin\controller\Violation.php ]
[ info ] [ DB ] INIT mysql
[ info ] [ VIEW ] C:\phpStudy\PHPTutorial\WWW\taoshuTP5\ThinkPHP\public/../application/admin\view\violation\violateList.html [ array (
  0 => 'violateList',
  1 => 'violateNumber',
) ]
[ info ] [ LOG ] INIT File
---------------------------------------------------------------
[2018-12-28T16:19:13+08:00] 127.0.0.1 GET /admin/violation/violateList
[ info ] www.taoshutp5.org/admin/violation/violateList [运行时间：0.109006s][吞吐率：9.17req/s] [内存消耗：2,172.30kb] [文件加载：52]
[ info ] [ LANG ] C:\phpStudy\PHPTutorial\WWW\taoshuTP5\ThinkPHP\thinkphp\lang\zh-cn.php
[ info ] [ ROUTE ] array (
  'type' => 'module',
  'module' => 
  array (
    0 => 'admin',
    1 => 'violation',
    2 => 'violateList',
  ),
)
[ info ] [ HEADER ] array (
  'cookie' => 'PHPSESSID=fj3fprcsui8iq8ccj7t9eefnd7',
  'accept-language' => 'zh-CN,zh;q=0.9,en;q=0.8',
  'accept-encoding' => 'gzip, deflate',
  'referer' => 'http://www.taoshutp5.org/admin/index/index',
  'accept' => 'text/html,application/xhtml+xml,application/xml;q=0.9,image/webp,image/apng,*/*;q=0.8',
  'user-agent' => 'Mozilla/5.0 (Windows NT 6.1) AppleWebKit/537.36 (KHTML, like Gecko) Chrome/70.0.3538.110 Safari/537.36',
  'upgrade-insecure-requests' => '1',
  'cache-control' => 'max-age=0',
  'connection' => 'close',
  'host' => 'www.taoshutp5.org',
)
[ info ] [ PARAM ] array (
  '/admin/violation/violateList' => '',
)
[ info ] [ SESSION ] INIT array (
  'id' => '',
  'var_session_id' => '',
  'prefix' => 'think',
  'type' => '',
  'auto_start' => true,
  'httponly' => true,
  'secure' => false,
)
[ info ] [ RUN ] app\admin\controller\Violation->violateList[ C:\phpStudy\PHPTutorial\WWW\taoshuTP5\ThinkPHP\application\admin\controller\Violation.php ]
[ info ] [ DB ] INIT mysql
[ info ] [ VIEW ] C:\phpStudy\PHPTutorial\WWW\taoshuTP5\ThinkPHP\public/../application/admin\view\violation\violateList.html [ array (
  0 => 'violateList',
  1 => 'violateNumber',
) ]
[ info ] [ LOG ] INIT File
---------------------------------------------------------------
[2018-12-28T16:19:22+08:00] 127.0.0.1 GET /admin/user/addPage
[ info ] www.taoshutp5.org/admin/user/addPage [运行时间：0.079004s][吞吐率：12.66req/s] [内存消耗：2,131.33kb] [文件加载：48]
[ info ] [ LANG ] C:\phpStudy\PHPTutorial\WWW\taoshuTP5\ThinkPHP\thinkphp\lang\zh-cn.php
[ info ] [ ROUTE ] array (
  'type' => 'module',
  'module' => 
  array (
    0 => 'admin',
    1 => 'user',
    2 => 'addPage',
  ),
)
[ info ] [ HEADER ] array (
  'cookie' => 'PHPSESSID=fj3fprcsui8iq8ccj7t9eefnd7',
  'accept-language' => 'zh-CN,zh;q=0.9,en;q=0.8',
  'accept-encoding' => 'gzip, deflate',
  'referer' => 'http://www.taoshutp5.org/admin/violation/violateList',
  'accept' => 'text/html,application/xhtml+xml,application/xml;q=0.9,image/webp,image/apng,*/*;q=0.8',
  'user-agent' => 'Mozilla/5.0 (Windows NT 6.1) AppleWebKit/537.36 (KHTML, like Gecko) Chrome/70.0.3538.110 Safari/537.36',
  'upgrade-insecure-requests' => '1',
  'connection' => 'close',
  'host' => 'www.taoshutp5.org',
)
[ info ] [ PARAM ] array (
  '/admin/user/addPage' => '',
)
[ info ] [ SESSION ] INIT array (
  'id' => '',
  'var_session_id' => '',
  'prefix' => 'think',
  'type' => '',
  'auto_start' => true,
  'httponly' => true,
  'secure' => false,
)
[ info ] [ RUN ] app\admin\controller\User->addPage[ C:\phpStudy\PHPTutorial\WWW\taoshuTP5\ThinkPHP\application\admin\controller\User.php ]
[ info ] [ DB ] INIT mysql
[ info ] [ VIEW ] C:\phpStudy\PHPTutorial\WWW\taoshuTP5\ThinkPHP\public/../application/admin\view\user\userAdd.html [ array (
  0 => 'classes',
) ]
[ info ] [ LOG ] INIT File
